<html>
<head>
<title>TestNG:  Test</title>
<link href="../testng.css" rel="stylesheet" type="text/css" />
<link href="../my-testng.css" rel="stylesheet" type="text/css" />

<style type="text/css">
.log { display: none;} 
.stack-trace { display: none;} 
</style>
<script type="text/javascript">
<!--
function flip(e) {
  current = e.style.display;
  if (current == 'block') {
    e.style.display = 'none';
    return 0;
  }
  else {
    e.style.display = 'block';
    return 1;
  }
}

function toggleBox(szDivId, elem, msg1, msg2)
{
  var res = -1;  if (document.getElementById) {
    res = flip(document.getElementById(szDivId));
  }
  else if (document.all) {
    // this is the way old msie versions work
    res = flip(document.all[szDivId]);
  }
  if(elem) {
    if(res == 0) elem.innerHTML = msg1; else elem.innerHTML = msg2;
  }

}

function toggleAllBoxes() {
  if (document.getElementsByTagName) {
    d = document.getElementsByTagName('div');
    for (i = 0; i < d.length; i++) {
      if (d[i].className == 'log') {
        flip(d[i]);
      }
    }
  }
}

// -->
</script>

</head>
<body>
<h2 align='center'>Test</h2><table border='1' align="center">
<tr>
<td>Tests passed/Failed/Skipped:</td><td>57/9/11</td>
</tr><tr>
<td>Started on:</td><td>Tue Apr 26 18:28:58 CEST 2016</td>
</tr>
<tr><td>Total time:</td><td>37 seconds (37459 ms)</td>
</tr><tr>
<td>Included groups:</td><td></td>
</tr><tr>
<td>Excluded groups:</td><td></td>
</tr>
</table><p/>
<small><i>(Hover the method name to see the test class name)</i></small><p/>
<table width='100%' border='1' class='invocation-failed'>
<tr><td colspan='4' align='center'><b>FAILED TESTS</b></td></tr>
<tr><td><b>Test method</b></td>
<td width="30%"><b>Exception</b></td>
<td width="10%"><b>Time (seconds)</b></td>
<td><b>Instance</b></td>
</tr>
<tr>
<td title='es.unileon.sonarqube.sedcat.scanners.MutationsReportFinderTests.findReportDirectoryWithDirectoriesAndEmptyReport()'><b>findReportDirectoryWithDirectoriesAndEmptyReport</b><br>Test class: es.unileon.sonarqube.sedcat.scanners.MutationsReportFinderTests</td>
<td><div><pre>java.lang.NullPointerException
	at es.unileon.sonarqube.sedcat.scanners.MutationsReportFinderTests.findReportDirectoryWithDirectoriesAndEmptyReport(MutationsReportFinderTests.java:179)
	at org.junit.runners.model.FrameworkMethod$1.runReflectiveCall(FrameworkMethod.java:50)
	at org.junit.internal.runners.model.ReflectiveCallable.run(ReflectiveCallable.java:12)
	at org.junit.runners.model.FrameworkMethod.invokeExplosively(FrameworkMethod.java:47)
	at org.junit.internal.runners.statements.InvokeMethod.evaluate(InvokeMethod.java:17)
	at org.junit.internal.runners.statements.RunBefores.evaluate(RunBefores.java:26)
	at org.junit.internal.runners.statements.RunAfters.evaluate(RunAfters.java:27)
	at org.junit.runners.ParentRunner.runLeaf(ParentRunner.java:325)
	at org.junit.runners.BlockJUnit4ClassRunner.runChild(BlockJUnit4ClassRunner.java:78)
	at org.junit.runners.BlockJUnit4ClassRunner.runChild(BlockJUnit4ClassRunner.java:57)
	at org.junit.runners.ParentRunner$3.run(ParentRunner.java:290)
	at org.junit.runners.ParentRunner$1.schedule(ParentRunner.java:71)
	at org.junit.runners.ParentRunner.runChildren(ParentRunner.java:288)
	at org.junit.runners.ParentRunner.access$000(ParentRunner.java:58)
	at org.junit.runners.ParentRunner$2.evaluate(ParentRunner.java:268)
	at org.junit.internal.runners.statements.RunBefores.evaluate(RunBefores.java:26)
	at org.junit.internal.runners.statements.RunAfters.evaluate(RunAfters.java:27)
	at org.junit.runners.ParentRunner.run(ParentRunner.java:363)
	at org.junit.runner.JUnitCore.run(JUnitCore.java:137)
	at org.junit.runner.JUnitCore.run(JUnitCore.java:115)
... Removed 22 stack frames</pre></div><a href='#' onClick='toggleBox("stack-trace1688049610", this, "Click to show all stack frames", "Click to hide stack frames")'>Click to show all stack frames</a>
<div class='stack-trace' id='stack-trace1688049610'><pre>java.lang.NullPointerException
	at es.unileon.sonarqube.sedcat.scanners.MutationsReportFinderTests.findReportDirectoryWithDirectoriesAndEmptyReport(MutationsReportFinderTests.java:179)
	at sun.reflect.NativeMethodAccessorImpl.invoke0(Native Method)
	at sun.reflect.NativeMethodAccessorImpl.invoke(NativeMethodAccessorImpl.java:57)
	at sun.reflect.DelegatingMethodAccessorImpl.invoke(DelegatingMethodAccessorImpl.java:43)
	at java.lang.reflect.Method.invoke(Method.java:606)
	at org.junit.runners.model.FrameworkMethod$1.runReflectiveCall(FrameworkMethod.java:50)
	at org.junit.internal.runners.model.ReflectiveCallable.run(ReflectiveCallable.java:12)
	at org.junit.runners.model.FrameworkMethod.invokeExplosively(FrameworkMethod.java:47)
	at org.junit.internal.runners.statements.InvokeMethod.evaluate(InvokeMethod.java:17)
	at org.junit.internal.runners.statements.RunBefores.evaluate(RunBefores.java:26)
	at org.junit.internal.runners.statements.RunAfters.evaluate(RunAfters.java:27)
	at org.junit.runners.ParentRunner.runLeaf(ParentRunner.java:325)
	at org.junit.runners.BlockJUnit4ClassRunner.runChild(BlockJUnit4ClassRunner.java:78)
	at org.junit.runners.BlockJUnit4ClassRunner.runChild(BlockJUnit4ClassRunner.java:57)
	at org.junit.runners.ParentRunner$3.run(ParentRunner.java:290)
	at org.junit.runners.ParentRunner$1.schedule(ParentRunner.java:71)
	at org.junit.runners.ParentRunner.runChildren(ParentRunner.java:288)
	at org.junit.runners.ParentRunner.access$000(ParentRunner.java:58)
	at org.junit.runners.ParentRunner$2.evaluate(ParentRunner.java:268)
	at org.junit.internal.runners.statements.RunBefores.evaluate(RunBefores.java:26)
	at org.junit.internal.runners.statements.RunAfters.evaluate(RunAfters.java:27)
	at org.junit.runners.ParentRunner.run(ParentRunner.java:363)
	at org.junit.runner.JUnitCore.run(JUnitCore.java:137)
	at org.junit.runner.JUnitCore.run(JUnitCore.java:115)
	at org.testng.junit.JUnit4TestRunner.start(JUnit4TestRunner.java:81)
	at org.testng.junit.JUnit4TestRunner.run(JUnit4TestRunner.java:69)
	at org.testng.TestRunner$1.run(TestRunner.java:697)
	at org.testng.TestRunner.runJUnitWorkers(TestRunner.java:1004)
	at org.testng.TestRunner.privateRunJUnit(TestRunner.java:728)
	at org.testng.TestRunner.run(TestRunner.java:629)
	at org.testng.SuiteRunner.runTest(SuiteRunner.java:366)
	at org.testng.SuiteRunner.runSequentially(SuiteRunner.java:361)
	at org.testng.SuiteRunner.privateRun(SuiteRunner.java:319)
	at org.testng.SuiteRunner.run(SuiteRunner.java:268)
	at org.testng.SuiteRunnerWorker.runSuite(SuiteRunnerWorker.java:52)
	at org.testng.SuiteRunnerWorker.run(SuiteRunnerWorker.java:86)
	at org.testng.TestNG.runSuitesSequentially(TestNG.java:1244)
	at org.testng.TestNG.runSuitesLocally(TestNG.java:1169)
	at org.testng.TestNG.run(TestNG.java:1064)
	at org.testng.remote.AbstractRemoteTestNG.run(AbstractRemoteTestNG.java:126)
	at org.testng.remote.RemoteTestNG.initAndRun(RemoteTestNG.java:137)
	at org.testng.remote.RemoteTestNG.main(RemoteTestNG.java:58)
</pre></div></td>
<td>0</td>
<td>findReportDirectoryWithDirectoriesAndEmptyReport(es.unileon.sonarqube.sedcat.scanners.MutationsReportFinderTests)</td></tr>
<tr>
<td title='es.unileon.sonarqube.sedcat.scanners.MutationsReportFinderTests.findReportDirectoryWithDirectoriesAndReport()'><b>findReportDirectoryWithDirectoriesAndReport</b><br>Test class: es.unileon.sonarqube.sedcat.scanners.MutationsReportFinderTests</td>
<td><div><pre>java.lang.AssertionError
	at org.junit.Assert.fail(Assert.java:86)
	at org.junit.Assert.assertTrue(Assert.java:41)
	at org.junit.Assert.assertNotNull(Assert.java:712)
	at org.junit.Assert.assertNotNull(Assert.java:722)
	at es.unileon.sonarqube.sedcat.scanners.MutationsReportFinderTests.findReportDirectoryWithDirectoriesAndReport(MutationsReportFinderTests.java:158)
	at org.junit.runners.model.FrameworkMethod$1.runReflectiveCall(FrameworkMethod.java:50)
	at org.junit.internal.runners.model.ReflectiveCallable.run(ReflectiveCallable.java:12)
	at org.junit.runners.model.FrameworkMethod.invokeExplosively(FrameworkMethod.java:47)
	at org.junit.internal.runners.statements.InvokeMethod.evaluate(InvokeMethod.java:17)
	at org.junit.internal.runners.statements.RunBefores.evaluate(RunBefores.java:26)
	at org.junit.internal.runners.statements.RunAfters.evaluate(RunAfters.java:27)
	at org.junit.runners.ParentRunner.runLeaf(ParentRunner.java:325)
	at org.junit.runners.BlockJUnit4ClassRunner.runChild(BlockJUnit4ClassRunner.java:78)
	at org.junit.runners.BlockJUnit4ClassRunner.runChild(BlockJUnit4ClassRunner.java:57)
	at org.junit.runners.ParentRunner$3.run(ParentRunner.java:290)
	at org.junit.runners.ParentRunner$1.schedule(ParentRunner.java:71)
	at org.junit.runners.ParentRunner.runChildren(ParentRunner.java:288)
	at org.junit.runners.ParentRunner.access$000(ParentRunner.java:58)
	at org.junit.runners.ParentRunner$2.evaluate(ParentRunner.java:268)
	at org.junit.internal.runners.statements.RunBefores.evaluate(RunBefores.java:26)
	at org.junit.internal.runners.statements.RunAfters.evaluate(RunAfters.java:27)
	at org.junit.runners.ParentRunner.run(ParentRunner.java:363)
	at org.junit.runner.JUnitCore.run(JUnitCore.java:137)
	at org.junit.runner.JUnitCore.run(JUnitCore.java:115)
... Removed 22 stack frames</pre></div><a href='#' onClick='toggleBox("stack-trace201118588", this, "Click to show all stack frames", "Click to hide stack frames")'>Click to show all stack frames</a>
<div class='stack-trace' id='stack-trace201118588'><pre>java.lang.AssertionError
	at org.junit.Assert.fail(Assert.java:86)
	at org.junit.Assert.assertTrue(Assert.java:41)
	at org.junit.Assert.assertNotNull(Assert.java:712)
	at org.junit.Assert.assertNotNull(Assert.java:722)
	at es.unileon.sonarqube.sedcat.scanners.MutationsReportFinderTests.findReportDirectoryWithDirectoriesAndReport(MutationsReportFinderTests.java:158)
	at sun.reflect.NativeMethodAccessorImpl.invoke0(Native Method)
	at sun.reflect.NativeMethodAccessorImpl.invoke(NativeMethodAccessorImpl.java:57)
	at sun.reflect.DelegatingMethodAccessorImpl.invoke(DelegatingMethodAccessorImpl.java:43)
	at java.lang.reflect.Method.invoke(Method.java:606)
	at org.junit.runners.model.FrameworkMethod$1.runReflectiveCall(FrameworkMethod.java:50)
	at org.junit.internal.runners.model.ReflectiveCallable.run(ReflectiveCallable.java:12)
	at org.junit.runners.model.FrameworkMethod.invokeExplosively(FrameworkMethod.java:47)
	at org.junit.internal.runners.statements.InvokeMethod.evaluate(InvokeMethod.java:17)
	at org.junit.internal.runners.statements.RunBefores.evaluate(RunBefores.java:26)
	at org.junit.internal.runners.statements.RunAfters.evaluate(RunAfters.java:27)
	at org.junit.runners.ParentRunner.runLeaf(ParentRunner.java:325)
	at org.junit.runners.BlockJUnit4ClassRunner.runChild(BlockJUnit4ClassRunner.java:78)
	at org.junit.runners.BlockJUnit4ClassRunner.runChild(BlockJUnit4ClassRunner.java:57)
	at org.junit.runners.ParentRunner$3.run(ParentRunner.java:290)
	at org.junit.runners.ParentRunner$1.schedule(ParentRunner.java:71)
	at org.junit.runners.ParentRunner.runChildren(ParentRunner.java:288)
	at org.junit.runners.ParentRunner.access$000(ParentRunner.java:58)
	at org.junit.runners.ParentRunner$2.evaluate(ParentRunner.java:268)
	at org.junit.internal.runners.statements.RunBefores.evaluate(RunBefores.java:26)
	at org.junit.internal.runners.statements.RunAfters.evaluate(RunAfters.java:27)
	at org.junit.runners.ParentRunner.run(ParentRunner.java:363)
	at org.junit.runner.JUnitCore.run(JUnitCore.java:137)
	at org.junit.runner.JUnitCore.run(JUnitCore.java:115)
	at org.testng.junit.JUnit4TestRunner.start(JUnit4TestRunner.java:81)
	at org.testng.junit.JUnit4TestRunner.run(JUnit4TestRunner.java:69)
	at org.testng.TestRunner$1.run(TestRunner.java:697)
	at org.testng.TestRunner.runJUnitWorkers(TestRunner.java:1004)
	at org.testng.TestRunner.privateRunJUnit(TestRunner.java:728)
	at org.testng.TestRunner.run(TestRunner.java:629)
	at org.testng.SuiteRunner.runTest(SuiteRunner.java:366)
	at org.testng.SuiteRunner.runSequentially(SuiteRunner.java:361)
	at org.testng.SuiteRunner.privateRun(SuiteRunner.java:319)
	at org.testng.SuiteRunner.run(SuiteRunner.java:268)
	at org.testng.SuiteRunnerWorker.runSuite(SuiteRunnerWorker.java:52)
	at org.testng.SuiteRunnerWorker.run(SuiteRunnerWorker.java:86)
	at org.testng.TestNG.runSuitesSequentially(TestNG.java:1244)
	at org.testng.TestNG.runSuitesLocally(TestNG.java:1169)
	at org.testng.TestNG.run(TestNG.java:1064)
	at org.testng.remote.AbstractRemoteTestNG.run(AbstractRemoteTestNG.java:126)
	at org.testng.remote.RemoteTestNG.initAndRun(RemoteTestNG.java:137)
	at org.testng.remote.RemoteTestNG.main(RemoteTestNG.java:58)
</pre></div></td>
<td>0</td>
<td>findReportDirectoryWithDirectoriesAndReport(es.unileon.sonarqube.sedcat.scanners.MutationsReportFinderTests)</td></tr>
<tr>
<td title='es.unileon.sonarqube.sedcat.scanners.MutationsReportParserTests.parseReportOk()'><b>parseReportOk</b><br>Test class: es.unileon.sonarqube.sedcat.scanners.MutationsReportParserTests</td>
<td><div><pre>java.lang.AssertionError
	at org.junit.Assert.fail(Assert.java:86)
	at org.junit.Assert.assertTrue(Assert.java:41)
	at org.junit.Assert.assertNotNull(Assert.java:712)
	at org.junit.Assert.assertNotNull(Assert.java:722)
	at es.unileon.sonarqube.sedcat.scanners.MutationsReportParserTests.parseReportOk(MutationsReportParserTests.java:147)
	at org.junit.runners.model.FrameworkMethod$1.runReflectiveCall(FrameworkMethod.java:50)
	at org.junit.internal.runners.model.ReflectiveCallable.run(ReflectiveCallable.java:12)
	at org.junit.runners.model.FrameworkMethod.invokeExplosively(FrameworkMethod.java:47)
	at org.junit.internal.runners.statements.InvokeMethod.evaluate(InvokeMethod.java:17)
	at org.junit.internal.runners.statements.RunBefores.evaluate(RunBefores.java:26)
	at org.junit.internal.runners.statements.RunAfters.evaluate(RunAfters.java:27)
	at org.junit.runners.ParentRunner.runLeaf(ParentRunner.java:325)
	at org.junit.runners.BlockJUnit4ClassRunner.runChild(BlockJUnit4ClassRunner.java:78)
	at org.junit.runners.BlockJUnit4ClassRunner.runChild(BlockJUnit4ClassRunner.java:57)
	at org.junit.runners.ParentRunner$3.run(ParentRunner.java:290)
	at org.junit.runners.ParentRunner$1.schedule(ParentRunner.java:71)
	at org.junit.runners.ParentRunner.runChildren(ParentRunner.java:288)
	at org.junit.runners.ParentRunner.access$000(ParentRunner.java:58)
	at org.junit.runners.ParentRunner$2.evaluate(ParentRunner.java:268)
	at org.junit.internal.runners.statements.RunBefores.evaluate(RunBefores.java:26)
	at org.junit.internal.runners.statements.RunAfters.evaluate(RunAfters.java:27)
	at org.junit.runners.ParentRunner.run(ParentRunner.java:363)
	at org.junit.runner.JUnitCore.run(JUnitCore.java:137)
	at org.junit.runner.JUnitCore.run(JUnitCore.java:115)
... Removed 22 stack frames</pre></div><a href='#' onClick='toggleBox("stack-trace686823508", this, "Click to show all stack frames", "Click to hide stack frames")'>Click to show all stack frames</a>
<div class='stack-trace' id='stack-trace686823508'><pre>java.lang.AssertionError
	at org.junit.Assert.fail(Assert.java:86)
	at org.junit.Assert.assertTrue(Assert.java:41)
	at org.junit.Assert.assertNotNull(Assert.java:712)
	at org.junit.Assert.assertNotNull(Assert.java:722)
	at es.unileon.sonarqube.sedcat.scanners.MutationsReportParserTests.parseReportOk(MutationsReportParserTests.java:147)
	at sun.reflect.NativeMethodAccessorImpl.invoke0(Native Method)
	at sun.reflect.NativeMethodAccessorImpl.invoke(NativeMethodAccessorImpl.java:57)
	at sun.reflect.DelegatingMethodAccessorImpl.invoke(DelegatingMethodAccessorImpl.java:43)
	at java.lang.reflect.Method.invoke(Method.java:606)
	at org.junit.runners.model.FrameworkMethod$1.runReflectiveCall(FrameworkMethod.java:50)
	at org.junit.internal.runners.model.ReflectiveCallable.run(ReflectiveCallable.java:12)
	at org.junit.runners.model.FrameworkMethod.invokeExplosively(FrameworkMethod.java:47)
	at org.junit.internal.runners.statements.InvokeMethod.evaluate(InvokeMethod.java:17)
	at org.junit.internal.runners.statements.RunBefores.evaluate(RunBefores.java:26)
	at org.junit.internal.runners.statements.RunAfters.evaluate(RunAfters.java:27)
	at org.junit.runners.ParentRunner.runLeaf(ParentRunner.java:325)
	at org.junit.runners.BlockJUnit4ClassRunner.runChild(BlockJUnit4ClassRunner.java:78)
	at org.junit.runners.BlockJUnit4ClassRunner.runChild(BlockJUnit4ClassRunner.java:57)
	at org.junit.runners.ParentRunner$3.run(ParentRunner.java:290)
	at org.junit.runners.ParentRunner$1.schedule(ParentRunner.java:71)
	at org.junit.runners.ParentRunner.runChildren(ParentRunner.java:288)
	at org.junit.runners.ParentRunner.access$000(ParentRunner.java:58)
	at org.junit.runners.ParentRunner$2.evaluate(ParentRunner.java:268)
	at org.junit.internal.runners.statements.RunBefores.evaluate(RunBefores.java:26)
	at org.junit.internal.runners.statements.RunAfters.evaluate(RunAfters.java:27)
	at org.junit.runners.ParentRunner.run(ParentRunner.java:363)
	at org.junit.runner.JUnitCore.run(JUnitCore.java:137)
	at org.junit.runner.JUnitCore.run(JUnitCore.java:115)
	at org.testng.junit.JUnit4TestRunner.start(JUnit4TestRunner.java:81)
	at org.testng.junit.JUnit4TestRunner.run(JUnit4TestRunner.java:69)
	at org.testng.TestRunner$1.run(TestRunner.java:697)
	at org.testng.TestRunner.runJUnitWorkers(TestRunner.java:1004)
	at org.testng.TestRunner.privateRunJUnit(TestRunner.java:728)
	at org.testng.TestRunner.run(TestRunner.java:629)
	at org.testng.SuiteRunner.runTest(SuiteRunner.java:366)
	at org.testng.SuiteRunner.runSequentially(SuiteRunner.java:361)
	at org.testng.SuiteRunner.privateRun(SuiteRunner.java:319)
	at org.testng.SuiteRunner.run(SuiteRunner.java:268)
	at org.testng.SuiteRunnerWorker.runSuite(SuiteRunnerWorker.java:52)
	at org.testng.SuiteRunnerWorker.run(SuiteRunnerWorker.java:86)
	at org.testng.TestNG.runSuitesSequentially(TestNG.java:1244)
	at org.testng.TestNG.runSuitesLocally(TestNG.java:1169)
	at org.testng.TestNG.run(TestNG.java:1064)
	at org.testng.remote.AbstractRemoteTestNG.run(AbstractRemoteTestNG.java:126)
	at org.testng.remote.RemoteTestNG.initAndRun(RemoteTestNG.java:137)
	at org.testng.remote.RemoteTestNG.main(RemoteTestNG.java:58)
</pre></div></td>
<td>0</td>
<td>parseReportOk(es.unileon.sonarqube.sedcat.scanners.MutationsReportParserTests)</td></tr>
<tr>
<td title='es.unileon.sonarqube.sedcat.strategies.ExpertSystemActionsTests.testCheckNotNullInputMetricsOk()'><b>testCheckNotNullInputMetricsOk</b><br>Test class: es.unileon.sonarqube.sedcat.strategies.ExpertSystemActionsTests</td>
<td><div><pre>java.lang.IllegalArgumentException: Only metrics in [quality_measure, actions_to_realize] can be used to add measures. Metric &apos;success_unit_tests&apos; is not allowed.
	at org.sonar.api.internal.google.common.base.Preconditions.checkArgument(Preconditions.java:148)
	at org.sonar.api.ce.measure.test.TestMeasureComputerContext.validateAddMeasure(TestMeasureComputerContext.java:172)
	at org.sonar.api.ce.measure.test.TestMeasureComputerContext.addMeasure(TestMeasureComputerContext.java:98)
	at es.unileon.sonarqube.sedcat.strategies.ExpertSystemActionsTests.testCheckNotNullInputMetricsOk(ExpertSystemActionsTests.java:137)
	at org.junit.runners.model.FrameworkMethod$1.runReflectiveCall(FrameworkMethod.java:50)
	at org.junit.internal.runners.model.ReflectiveCallable.run(ReflectiveCallable.java:12)
	at org.junit.runners.model.FrameworkMethod.invokeExplosively(FrameworkMethod.java:47)
	at org.junit.internal.runners.statements.InvokeMethod.evaluate(InvokeMethod.java:17)
	at org.junit.internal.runners.statements.RunBefores.evaluate(RunBefores.java:26)
	at org.junit.internal.runners.statements.RunAfters.evaluate(RunAfters.java:27)
	at org.junit.contrib.java.lang.system.ExpectedSystemExit$1.evaluate(ExpectedSystemExit.java:130)
	at org.junit.rules.ExternalResource$1.evaluate(ExternalResource.java:48)
	at org.junit.rules.RunRules.evaluate(RunRules.java:20)
	at org.junit.runners.ParentRunner.runLeaf(ParentRunner.java:325)
	at org.junit.runners.BlockJUnit4ClassRunner.runChild(BlockJUnit4ClassRunner.java:78)
	at org.junit.runners.BlockJUnit4ClassRunner.runChild(BlockJUnit4ClassRunner.java:57)
	at org.junit.runners.ParentRunner$3.run(ParentRunner.java:290)
	at org.junit.runners.ParentRunner$1.schedule(ParentRunner.java:71)
	at org.junit.runners.ParentRunner.runChildren(ParentRunner.java:288)
	at org.junit.runners.ParentRunner.access$000(ParentRunner.java:58)
	at org.junit.runners.ParentRunner$2.evaluate(ParentRunner.java:268)
	at org.junit.internal.runners.statements.RunBefores.evaluate(RunBefores.java:26)
	at org.junit.internal.runners.statements.RunAfters.evaluate(RunAfters.java:27)
	at org.junit.runners.ParentRunner.run(ParentRunner.java:363)
	at org.junit.runner.JUnitCore.run(JUnitCore.java:137)
	at org.junit.runner.JUnitCore.run(JUnitCore.java:115)
... Removed 22 stack frames</pre></div><a href='#' onClick='toggleBox("stack-trace1037491018", this, "Click to show all stack frames", "Click to hide stack frames")'>Click to show all stack frames</a>
<div class='stack-trace' id='stack-trace1037491018'><pre>java.lang.IllegalArgumentException: Only metrics in [quality_measure, actions_to_realize] can be used to add measures. Metric &apos;success_unit_tests&apos; is not allowed.
	at org.sonar.api.internal.google.common.base.Preconditions.checkArgument(Preconditions.java:148)
	at org.sonar.api.ce.measure.test.TestMeasureComputerContext.validateAddMeasure(TestMeasureComputerContext.java:172)
	at org.sonar.api.ce.measure.test.TestMeasureComputerContext.addMeasure(TestMeasureComputerContext.java:98)
	at es.unileon.sonarqube.sedcat.strategies.ExpertSystemActionsTests.testCheckNotNullInputMetricsOk(ExpertSystemActionsTests.java:137)
	at sun.reflect.NativeMethodAccessorImpl.invoke0(Native Method)
	at sun.reflect.NativeMethodAccessorImpl.invoke(NativeMethodAccessorImpl.java:57)
	at sun.reflect.DelegatingMethodAccessorImpl.invoke(DelegatingMethodAccessorImpl.java:43)
	at java.lang.reflect.Method.invoke(Method.java:606)
	at org.junit.runners.model.FrameworkMethod$1.runReflectiveCall(FrameworkMethod.java:50)
	at org.junit.internal.runners.model.ReflectiveCallable.run(ReflectiveCallable.java:12)
	at org.junit.runners.model.FrameworkMethod.invokeExplosively(FrameworkMethod.java:47)
	at org.junit.internal.runners.statements.InvokeMethod.evaluate(InvokeMethod.java:17)
	at org.junit.internal.runners.statements.RunBefores.evaluate(RunBefores.java:26)
	at org.junit.internal.runners.statements.RunAfters.evaluate(RunAfters.java:27)
	at org.junit.contrib.java.lang.system.ExpectedSystemExit$1.evaluate(ExpectedSystemExit.java:130)
	at org.junit.rules.ExternalResource$1.evaluate(ExternalResource.java:48)
	at org.junit.rules.RunRules.evaluate(RunRules.java:20)
	at org.junit.runners.ParentRunner.runLeaf(ParentRunner.java:325)
	at org.junit.runners.BlockJUnit4ClassRunner.runChild(BlockJUnit4ClassRunner.java:78)
	at org.junit.runners.BlockJUnit4ClassRunner.runChild(BlockJUnit4ClassRunner.java:57)
	at org.junit.runners.ParentRunner$3.run(ParentRunner.java:290)
	at org.junit.runners.ParentRunner$1.schedule(ParentRunner.java:71)
	at org.junit.runners.ParentRunner.runChildren(ParentRunner.java:288)
	at org.junit.runners.ParentRunner.access$000(ParentRunner.java:58)
	at org.junit.runners.ParentRunner$2.evaluate(ParentRunner.java:268)
	at org.junit.internal.runners.statements.RunBefores.evaluate(RunBefores.java:26)
	at org.junit.internal.runners.statements.RunAfters.evaluate(RunAfters.java:27)
	at org.junit.runners.ParentRunner.run(ParentRunner.java:363)
	at org.junit.runner.JUnitCore.run(JUnitCore.java:137)
	at org.junit.runner.JUnitCore.run(JUnitCore.java:115)
	at org.testng.junit.JUnit4TestRunner.start(JUnit4TestRunner.java:81)
	at org.testng.junit.JUnit4TestRunner.run(JUnit4TestRunner.java:69)
	at org.testng.TestRunner$1.run(TestRunner.java:697)
	at org.testng.TestRunner.runJUnitWorkers(TestRunner.java:1004)
	at org.testng.TestRunner.privateRunJUnit(TestRunner.java:728)
	at org.testng.TestRunner.run(TestRunner.java:629)
	at org.testng.SuiteRunner.runTest(SuiteRunner.java:366)
	at org.testng.SuiteRunner.runSequentially(SuiteRunner.java:361)
	at org.testng.SuiteRunner.privateRun(SuiteRunner.java:319)
	at org.testng.SuiteRunner.run(SuiteRunner.java:268)
	at org.testng.SuiteRunnerWorker.runSuite(SuiteRunnerWorker.java:52)
	at org.testng.SuiteRunnerWorker.run(SuiteRunnerWorker.java:86)
	at org.testng.TestNG.runSuitesSequentially(TestNG.java:1244)
	at org.testng.TestNG.runSuitesLocally(TestNG.java:1169)
	at org.testng.TestNG.run(TestNG.java:1064)
	at org.testng.remote.AbstractRemoteTestNG.run(AbstractRemoteTestNG.java:126)
	at org.testng.remote.RemoteTestNG.initAndRun(RemoteTestNG.java:137)
	at org.testng.remote.RemoteTestNG.main(RemoteTestNG.java:58)
</pre></div></td>
<td>0</td>
<td>testCheckNotNullInputMetricsOk(es.unileon.sonarqube.sedcat.strategies.ExpertSystemActionsTests)</td></tr>
<tr>
<td title='es.unileon.sonarqube.sedcat.strategies.ExpertSystemQualityTests.testCheckNotNullInputMetricsOk()'><b>testCheckNotNullInputMetricsOk</b><br>Test class: es.unileon.sonarqube.sedcat.strategies.ExpertSystemQualityTests</td>
<td><div><pre>java.lang.IllegalArgumentException: Only metrics in [quality_measure, actions_to_realize] can be used to add measures. Metric &apos;success_unit_tests&apos; is not allowed.
	at org.sonar.api.internal.google.common.base.Preconditions.checkArgument(Preconditions.java:148)
	at org.sonar.api.ce.measure.test.TestMeasureComputerContext.validateAddMeasure(TestMeasureComputerContext.java:172)
	at org.sonar.api.ce.measure.test.TestMeasureComputerContext.addMeasure(TestMeasureComputerContext.java:98)
	at es.unileon.sonarqube.sedcat.strategies.ExpertSystemQualityTests.testCheckNotNullInputMetricsOk(ExpertSystemQualityTests.java:111)
	at org.junit.internal.runners.TestMethod.invoke(TestMethod.java:68)
	at org.powermock.modules.junit4.internal.impl.PowerMockJUnit44RunnerDelegateImpl$PowerMockJUnit44MethodRunner.runTestMethod(PowerMockJUnit44RunnerDelegateImpl.java:310)
	at org.junit.internal.runners.MethodRoadie$2.run(MethodRoadie.java:89)
	at org.junit.internal.runners.MethodRoadie.runBeforesThenTestThenAfters(MethodRoadie.java:97)
	at org.powermock.modules.junit4.internal.impl.PowerMockJUnit44RunnerDelegateImpl$PowerMockJUnit44MethodRunner.executeTest(PowerMockJUnit44RunnerDelegateImpl.java:294)
	at org.powermock.modules.junit4.internal.impl.PowerMockJUnit47RunnerDelegateImpl$PowerMockJUnit47MethodRunner.executeTestInSuper(PowerMockJUnit47RunnerDelegateImpl.java:127)
	at org.powermock.modules.junit4.internal.impl.PowerMockJUnit47RunnerDelegateImpl$PowerMockJUnit47MethodRunner.access$100(PowerMockJUnit47RunnerDelegateImpl.java:59)
	at org.powermock.modules.junit4.internal.impl.PowerMockJUnit47RunnerDelegateImpl$PowerMockJUnit47MethodRunner$LastRuleTestExecutorStatement.evaluate(PowerMockJUnit47RunnerDelegateImpl.java:148)
	at org.junit.contrib.java.lang.system.ExpectedSystemExit$1.evaluate(ExpectedSystemExit.java:130)
	at org.junit.rules.ExternalResource$1.evaluate(ExternalResource.java:48)
	at org.powermock.modules.junit4.internal.impl.PowerMockJUnit47RunnerDelegateImpl$PowerMockJUnit47MethodRunner.executeTest(PowerMockJUnit47RunnerDelegateImpl.java:91)
	at org.powermock.modules.junit4.internal.impl.PowerMockJUnit44RunnerDelegateImpl$PowerMockJUnit44MethodRunner.runBeforesThenTestThenAfters(PowerMockJUnit44RunnerDelegateImpl.java:282)
	at org.junit.internal.runners.MethodRoadie.runTest(MethodRoadie.java:87)
	at org.junit.internal.runners.MethodRoadie.run(MethodRoadie.java:50)
	at org.powermock.modules.junit4.internal.impl.PowerMockJUnit44RunnerDelegateImpl.invokeTestMethod(PowerMockJUnit44RunnerDelegateImpl.java:207)
	at org.powermock.modules.junit4.internal.impl.PowerMockJUnit44RunnerDelegateImpl.runMethods(PowerMockJUnit44RunnerDelegateImpl.java:146)
	at org.powermock.modules.junit4.internal.impl.PowerMockJUnit44RunnerDelegateImpl$1.run(PowerMockJUnit44RunnerDelegateImpl.java:120)
	at org.junit.internal.runners.ClassRoadie.runUnprotected(ClassRoadie.java:34)
	at org.junit.internal.runners.ClassRoadie.runProtected(ClassRoadie.java:44)
	at org.powermock.modules.junit4.internal.impl.PowerMockJUnit44RunnerDelegateImpl.run(PowerMockJUnit44RunnerDelegateImpl.java:122)
	at org.powermock.modules.junit4.common.internal.impl.JUnit4TestSuiteChunkerImpl.run(JUnit4TestSuiteChunkerImpl.java:106)
	at org.powermock.modules.junit4.common.internal.impl.AbstractCommonPowerMockRunner.run(AbstractCommonPowerMockRunner.java:53)
	at org.powermock.modules.junit4.PowerMockRunner.run(PowerMockRunner.java:59)
	at org.junit.runner.JUnitCore.run(JUnitCore.java:137)
	at org.junit.runner.JUnitCore.run(JUnitCore.java:115)
... Removed 22 stack frames</pre></div><a href='#' onClick='toggleBox("stack-trace1291583963", this, "Click to show all stack frames", "Click to hide stack frames")'>Click to show all stack frames</a>
<div class='stack-trace' id='stack-trace1291583963'><pre>java.lang.IllegalArgumentException: Only metrics in [quality_measure, actions_to_realize] can be used to add measures. Metric &apos;success_unit_tests&apos; is not allowed.
	at org.sonar.api.internal.google.common.base.Preconditions.checkArgument(Preconditions.java:148)
	at org.sonar.api.ce.measure.test.TestMeasureComputerContext.validateAddMeasure(TestMeasureComputerContext.java:172)
	at org.sonar.api.ce.measure.test.TestMeasureComputerContext.addMeasure(TestMeasureComputerContext.java:98)
	at es.unileon.sonarqube.sedcat.strategies.ExpertSystemQualityTests.testCheckNotNullInputMetricsOk(ExpertSystemQualityTests.java:111)
	at sun.reflect.NativeMethodAccessorImpl.invoke0(Native Method)
	at sun.reflect.NativeMethodAccessorImpl.invoke(NativeMethodAccessorImpl.java:57)
	at sun.reflect.DelegatingMethodAccessorImpl.invoke(DelegatingMethodAccessorImpl.java:43)
	at java.lang.reflect.Method.invoke(Method.java:606)
	at org.junit.internal.runners.TestMethod.invoke(TestMethod.java:68)
	at org.powermock.modules.junit4.internal.impl.PowerMockJUnit44RunnerDelegateImpl$PowerMockJUnit44MethodRunner.runTestMethod(PowerMockJUnit44RunnerDelegateImpl.java:310)
	at org.junit.internal.runners.MethodRoadie$2.run(MethodRoadie.java:89)
	at org.junit.internal.runners.MethodRoadie.runBeforesThenTestThenAfters(MethodRoadie.java:97)
	at org.powermock.modules.junit4.internal.impl.PowerMockJUnit44RunnerDelegateImpl$PowerMockJUnit44MethodRunner.executeTest(PowerMockJUnit44RunnerDelegateImpl.java:294)
	at org.powermock.modules.junit4.internal.impl.PowerMockJUnit47RunnerDelegateImpl$PowerMockJUnit47MethodRunner.executeTestInSuper(PowerMockJUnit47RunnerDelegateImpl.java:127)
	at org.powermock.modules.junit4.internal.impl.PowerMockJUnit47RunnerDelegateImpl$PowerMockJUnit47MethodRunner.access$100(PowerMockJUnit47RunnerDelegateImpl.java:59)
	at org.powermock.modules.junit4.internal.impl.PowerMockJUnit47RunnerDelegateImpl$PowerMockJUnit47MethodRunner$LastRuleTestExecutorStatement.evaluate(PowerMockJUnit47RunnerDelegateImpl.java:148)
	at org.junit.contrib.java.lang.system.ExpectedSystemExit$1.evaluate(ExpectedSystemExit.java:130)
	at org.junit.rules.ExternalResource$1.evaluate(ExternalResource.java:48)
	at org.powermock.modules.junit4.internal.impl.PowerMockJUnit47RunnerDelegateImpl$PowerMockJUnit47MethodRunner.executeTest(PowerMockJUnit47RunnerDelegateImpl.java:91)
	at org.powermock.modules.junit4.internal.impl.PowerMockJUnit44RunnerDelegateImpl$PowerMockJUnit44MethodRunner.runBeforesThenTestThenAfters(PowerMockJUnit44RunnerDelegateImpl.java:282)
	at org.junit.internal.runners.MethodRoadie.runTest(MethodRoadie.java:87)
	at org.junit.internal.runners.MethodRoadie.run(MethodRoadie.java:50)
	at org.powermock.modules.junit4.internal.impl.PowerMockJUnit44RunnerDelegateImpl.invokeTestMethod(PowerMockJUnit44RunnerDelegateImpl.java:207)
	at org.powermock.modules.junit4.internal.impl.PowerMockJUnit44RunnerDelegateImpl.runMethods(PowerMockJUnit44RunnerDelegateImpl.java:146)
	at org.powermock.modules.junit4.internal.impl.PowerMockJUnit44RunnerDelegateImpl$1.run(PowerMockJUnit44RunnerDelegateImpl.java:120)
	at org.junit.internal.runners.ClassRoadie.runUnprotected(ClassRoadie.java:34)
	at org.junit.internal.runners.ClassRoadie.runProtected(ClassRoadie.java:44)
	at org.powermock.modules.junit4.internal.impl.PowerMockJUnit44RunnerDelegateImpl.run(PowerMockJUnit44RunnerDelegateImpl.java:122)
	at org.powermock.modules.junit4.common.internal.impl.JUnit4TestSuiteChunkerImpl.run(JUnit4TestSuiteChunkerImpl.java:106)
	at org.powermock.modules.junit4.common.internal.impl.AbstractCommonPowerMockRunner.run(AbstractCommonPowerMockRunner.java:53)
	at org.powermock.modules.junit4.PowerMockRunner.run(PowerMockRunner.java:59)
	at org.junit.runner.JUnitCore.run(JUnitCore.java:137)
	at org.junit.runner.JUnitCore.run(JUnitCore.java:115)
	at org.testng.junit.JUnit4TestRunner.start(JUnit4TestRunner.java:81)
	at org.testng.junit.JUnit4TestRunner.run(JUnit4TestRunner.java:69)
	at org.testng.TestRunner$1.run(TestRunner.java:697)
	at org.testng.TestRunner.runJUnitWorkers(TestRunner.java:1004)
	at org.testng.TestRunner.privateRunJUnit(TestRunner.java:728)
	at org.testng.TestRunner.run(TestRunner.java:629)
	at org.testng.SuiteRunner.runTest(SuiteRunner.java:366)
	at org.testng.SuiteRunner.runSequentially(SuiteRunner.java:361)
	at org.testng.SuiteRunner.privateRun(SuiteRunner.java:319)
	at org.testng.SuiteRunner.run(SuiteRunner.java:268)
	at org.testng.SuiteRunnerWorker.runSuite(SuiteRunnerWorker.java:52)
	at org.testng.SuiteRunnerWorker.run(SuiteRunnerWorker.java:86)
	at org.testng.TestNG.runSuitesSequentially(TestNG.java:1244)
	at org.testng.TestNG.runSuitesLocally(TestNG.java:1169)
	at org.testng.TestNG.run(TestNG.java:1064)
	at org.testng.remote.AbstractRemoteTestNG.run(AbstractRemoteTestNG.java:126)
	at org.testng.remote.RemoteTestNG.initAndRun(RemoteTestNG.java:137)
	at org.testng.remote.RemoteTestNG.main(RemoteTestNG.java:58)
</pre></div></td>
<td>0</td>
<td>testCheckNotNullInputMetricsOk(es.unileon.sonarqube.sedcat.strategies.ExpertSystemQualityTests)</td></tr>
<tr>
<td title='es.unileon.sonarqube.sedcat.strategies.ExpertSystemActionsTests.testExtractValues()'><b>testExtractValues</b><br>Test class: es.unileon.sonarqube.sedcat.strategies.ExpertSystemActionsTests</td>
<td><div><pre>java.lang.IllegalArgumentException: Only metrics in [quality_measure, actions_to_realize] can be used to add measures. Metric &apos;success_unit_tests&apos; is not allowed.
	at org.sonar.api.internal.google.common.base.Preconditions.checkArgument(Preconditions.java:148)
	at org.sonar.api.ce.measure.test.TestMeasureComputerContext.validateAddMeasure(TestMeasureComputerContext.java:172)
	at org.sonar.api.ce.measure.test.TestMeasureComputerContext.addMeasure(TestMeasureComputerContext.java:98)
	at es.unileon.sonarqube.sedcat.strategies.ExpertSystemActionsTests.testExtractValues(ExpertSystemActionsTests.java:112)
	at org.junit.runners.model.FrameworkMethod$1.runReflectiveCall(FrameworkMethod.java:50)
	at org.junit.internal.runners.model.ReflectiveCallable.run(ReflectiveCallable.java:12)
	at org.junit.runners.model.FrameworkMethod.invokeExplosively(FrameworkMethod.java:47)
	at org.junit.internal.runners.statements.InvokeMethod.evaluate(InvokeMethod.java:17)
	at org.junit.internal.runners.statements.RunBefores.evaluate(RunBefores.java:26)
	at org.junit.internal.runners.statements.RunAfters.evaluate(RunAfters.java:27)
	at org.junit.contrib.java.lang.system.ExpectedSystemExit$1.evaluate(ExpectedSystemExit.java:130)
	at org.junit.rules.ExternalResource$1.evaluate(ExternalResource.java:48)
	at org.junit.rules.RunRules.evaluate(RunRules.java:20)
	at org.junit.runners.ParentRunner.runLeaf(ParentRunner.java:325)
	at org.junit.runners.BlockJUnit4ClassRunner.runChild(BlockJUnit4ClassRunner.java:78)
	at org.junit.runners.BlockJUnit4ClassRunner.runChild(BlockJUnit4ClassRunner.java:57)
	at org.junit.runners.ParentRunner$3.run(ParentRunner.java:290)
	at org.junit.runners.ParentRunner$1.schedule(ParentRunner.java:71)
	at org.junit.runners.ParentRunner.runChildren(ParentRunner.java:288)
	at org.junit.runners.ParentRunner.access$000(ParentRunner.java:58)
	at org.junit.runners.ParentRunner$2.evaluate(ParentRunner.java:268)
	at org.junit.internal.runners.statements.RunBefores.evaluate(RunBefores.java:26)
	at org.junit.internal.runners.statements.RunAfters.evaluate(RunAfters.java:27)
	at org.junit.runners.ParentRunner.run(ParentRunner.java:363)
	at org.junit.runner.JUnitCore.run(JUnitCore.java:137)
	at org.junit.runner.JUnitCore.run(JUnitCore.java:115)
... Removed 22 stack frames</pre></div><a href='#' onClick='toggleBox("stack-trace266249613", this, "Click to show all stack frames", "Click to hide stack frames")'>Click to show all stack frames</a>
<div class='stack-trace' id='stack-trace266249613'><pre>java.lang.IllegalArgumentException: Only metrics in [quality_measure, actions_to_realize] can be used to add measures. Metric &apos;success_unit_tests&apos; is not allowed.
	at org.sonar.api.internal.google.common.base.Preconditions.checkArgument(Preconditions.java:148)
	at org.sonar.api.ce.measure.test.TestMeasureComputerContext.validateAddMeasure(TestMeasureComputerContext.java:172)
	at org.sonar.api.ce.measure.test.TestMeasureComputerContext.addMeasure(TestMeasureComputerContext.java:98)
	at es.unileon.sonarqube.sedcat.strategies.ExpertSystemActionsTests.testExtractValues(ExpertSystemActionsTests.java:112)
	at sun.reflect.NativeMethodAccessorImpl.invoke0(Native Method)
	at sun.reflect.NativeMethodAccessorImpl.invoke(NativeMethodAccessorImpl.java:57)
	at sun.reflect.DelegatingMethodAccessorImpl.invoke(DelegatingMethodAccessorImpl.java:43)
	at java.lang.reflect.Method.invoke(Method.java:606)
	at org.junit.runners.model.FrameworkMethod$1.runReflectiveCall(FrameworkMethod.java:50)
	at org.junit.internal.runners.model.ReflectiveCallable.run(ReflectiveCallable.java:12)
	at org.junit.runners.model.FrameworkMethod.invokeExplosively(FrameworkMethod.java:47)
	at org.junit.internal.runners.statements.InvokeMethod.evaluate(InvokeMethod.java:17)
	at org.junit.internal.runners.statements.RunBefores.evaluate(RunBefores.java:26)
	at org.junit.internal.runners.statements.RunAfters.evaluate(RunAfters.java:27)
	at org.junit.contrib.java.lang.system.ExpectedSystemExit$1.evaluate(ExpectedSystemExit.java:130)
	at org.junit.rules.ExternalResource$1.evaluate(ExternalResource.java:48)
	at org.junit.rules.RunRules.evaluate(RunRules.java:20)
	at org.junit.runners.ParentRunner.runLeaf(ParentRunner.java:325)
	at org.junit.runners.BlockJUnit4ClassRunner.runChild(BlockJUnit4ClassRunner.java:78)
	at org.junit.runners.BlockJUnit4ClassRunner.runChild(BlockJUnit4ClassRunner.java:57)
	at org.junit.runners.ParentRunner$3.run(ParentRunner.java:290)
	at org.junit.runners.ParentRunner$1.schedule(ParentRunner.java:71)
	at org.junit.runners.ParentRunner.runChildren(ParentRunner.java:288)
	at org.junit.runners.ParentRunner.access$000(ParentRunner.java:58)
	at org.junit.runners.ParentRunner$2.evaluate(ParentRunner.java:268)
	at org.junit.internal.runners.statements.RunBefores.evaluate(RunBefores.java:26)
	at org.junit.internal.runners.statements.RunAfters.evaluate(RunAfters.java:27)
	at org.junit.runners.ParentRunner.run(ParentRunner.java:363)
	at org.junit.runner.JUnitCore.run(JUnitCore.java:137)
	at org.junit.runner.JUnitCore.run(JUnitCore.java:115)
	at org.testng.junit.JUnit4TestRunner.start(JUnit4TestRunner.java:81)
	at org.testng.junit.JUnit4TestRunner.run(JUnit4TestRunner.java:69)
	at org.testng.TestRunner$1.run(TestRunner.java:697)
	at org.testng.TestRunner.runJUnitWorkers(TestRunner.java:1004)
	at org.testng.TestRunner.privateRunJUnit(TestRunner.java:728)
	at org.testng.TestRunner.run(TestRunner.java:629)
	at org.testng.SuiteRunner.runTest(SuiteRunner.java:366)
	at org.testng.SuiteRunner.runSequentially(SuiteRunner.java:361)
	at org.testng.SuiteRunner.privateRun(SuiteRunner.java:319)
	at org.testng.SuiteRunner.run(SuiteRunner.java:268)
	at org.testng.SuiteRunnerWorker.runSuite(SuiteRunnerWorker.java:52)
	at org.testng.SuiteRunnerWorker.run(SuiteRunnerWorker.java:86)
	at org.testng.TestNG.runSuitesSequentially(TestNG.java:1244)
	at org.testng.TestNG.runSuitesLocally(TestNG.java:1169)
	at org.testng.TestNG.run(TestNG.java:1064)
	at org.testng.remote.AbstractRemoteTestNG.run(AbstractRemoteTestNG.java:126)
	at org.testng.remote.RemoteTestNG.initAndRun(RemoteTestNG.java:137)
	at org.testng.remote.RemoteTestNG.main(RemoteTestNG.java:58)
</pre></div></td>
<td>0</td>
<td>testExtractValues(es.unileon.sonarqube.sedcat.strategies.ExpertSystemActionsTests)</td></tr>
<tr>
<td title='es.unileon.sonarqube.sedcat.strategies.ExpertSystemQualityTests.testExtractValues()'><b>testExtractValues</b><br>Test class: es.unileon.sonarqube.sedcat.strategies.ExpertSystemQualityTests</td>
<td><div><pre>java.lang.IllegalArgumentException: Only metrics in [quality_measure, actions_to_realize] can be used to add measures. Metric &apos;success_unit_tests&apos; is not allowed.
	at org.sonar.api.internal.google.common.base.Preconditions.checkArgument(Preconditions.java:148)
	at org.sonar.api.ce.measure.test.TestMeasureComputerContext.validateAddMeasure(TestMeasureComputerContext.java:172)
	at org.sonar.api.ce.measure.test.TestMeasureComputerContext.addMeasure(TestMeasureComputerContext.java:98)
	at es.unileon.sonarqube.sedcat.strategies.ExpertSystemQualityTests.testExtractValues(ExpertSystemQualityTests.java:88)
	at org.junit.internal.runners.TestMethod.invoke(TestMethod.java:68)
	at org.powermock.modules.junit4.internal.impl.PowerMockJUnit44RunnerDelegateImpl$PowerMockJUnit44MethodRunner.runTestMethod(PowerMockJUnit44RunnerDelegateImpl.java:310)
	at org.junit.internal.runners.MethodRoadie$2.run(MethodRoadie.java:89)
	at org.junit.internal.runners.MethodRoadie.runBeforesThenTestThenAfters(MethodRoadie.java:97)
	at org.powermock.modules.junit4.internal.impl.PowerMockJUnit44RunnerDelegateImpl$PowerMockJUnit44MethodRunner.executeTest(PowerMockJUnit44RunnerDelegateImpl.java:294)
	at org.powermock.modules.junit4.internal.impl.PowerMockJUnit47RunnerDelegateImpl$PowerMockJUnit47MethodRunner.executeTestInSuper(PowerMockJUnit47RunnerDelegateImpl.java:127)
	at org.powermock.modules.junit4.internal.impl.PowerMockJUnit47RunnerDelegateImpl$PowerMockJUnit47MethodRunner.access$100(PowerMockJUnit47RunnerDelegateImpl.java:59)
	at org.powermock.modules.junit4.internal.impl.PowerMockJUnit47RunnerDelegateImpl$PowerMockJUnit47MethodRunner$LastRuleTestExecutorStatement.evaluate(PowerMockJUnit47RunnerDelegateImpl.java:148)
	at org.junit.contrib.java.lang.system.ExpectedSystemExit$1.evaluate(ExpectedSystemExit.java:130)
	at org.junit.rules.ExternalResource$1.evaluate(ExternalResource.java:48)
	at org.powermock.modules.junit4.internal.impl.PowerMockJUnit47RunnerDelegateImpl$PowerMockJUnit47MethodRunner.executeTest(PowerMockJUnit47RunnerDelegateImpl.java:91)
	at org.powermock.modules.junit4.internal.impl.PowerMockJUnit44RunnerDelegateImpl$PowerMockJUnit44MethodRunner.runBeforesThenTestThenAfters(PowerMockJUnit44RunnerDelegateImpl.java:282)
	at org.junit.internal.runners.MethodRoadie.runTest(MethodRoadie.java:87)
	at org.junit.internal.runners.MethodRoadie.run(MethodRoadie.java:50)
	at org.powermock.modules.junit4.internal.impl.PowerMockJUnit44RunnerDelegateImpl.invokeTestMethod(PowerMockJUnit44RunnerDelegateImpl.java:207)
	at org.powermock.modules.junit4.internal.impl.PowerMockJUnit44RunnerDelegateImpl.runMethods(PowerMockJUnit44RunnerDelegateImpl.java:146)
	at org.powermock.modules.junit4.internal.impl.PowerMockJUnit44RunnerDelegateImpl$1.run(PowerMockJUnit44RunnerDelegateImpl.java:120)
	at org.junit.internal.runners.ClassRoadie.runUnprotected(ClassRoadie.java:34)
	at org.junit.internal.runners.ClassRoadie.runProtected(ClassRoadie.java:44)
	at org.powermock.modules.junit4.internal.impl.PowerMockJUnit44RunnerDelegateImpl.run(PowerMockJUnit44RunnerDelegateImpl.java:122)
	at org.powermock.modules.junit4.common.internal.impl.JUnit4TestSuiteChunkerImpl.run(JUnit4TestSuiteChunkerImpl.java:106)
	at org.powermock.modules.junit4.common.internal.impl.AbstractCommonPowerMockRunner.run(AbstractCommonPowerMockRunner.java:53)
	at org.powermock.modules.junit4.PowerMockRunner.run(PowerMockRunner.java:59)
	at org.junit.runner.JUnitCore.run(JUnitCore.java:137)
	at org.junit.runner.JUnitCore.run(JUnitCore.java:115)
... Removed 22 stack frames</pre></div><a href='#' onClick='toggleBox("stack-trace1322260417", this, "Click to show all stack frames", "Click to hide stack frames")'>Click to show all stack frames</a>
<div class='stack-trace' id='stack-trace1322260417'><pre>java.lang.IllegalArgumentException: Only metrics in [quality_measure, actions_to_realize] can be used to add measures. Metric &apos;success_unit_tests&apos; is not allowed.
	at org.sonar.api.internal.google.common.base.Preconditions.checkArgument(Preconditions.java:148)
	at org.sonar.api.ce.measure.test.TestMeasureComputerContext.validateAddMeasure(TestMeasureComputerContext.java:172)
	at org.sonar.api.ce.measure.test.TestMeasureComputerContext.addMeasure(TestMeasureComputerContext.java:98)
	at es.unileon.sonarqube.sedcat.strategies.ExpertSystemQualityTests.testExtractValues(ExpertSystemQualityTests.java:88)
	at sun.reflect.NativeMethodAccessorImpl.invoke0(Native Method)
	at sun.reflect.NativeMethodAccessorImpl.invoke(NativeMethodAccessorImpl.java:57)
	at sun.reflect.DelegatingMethodAccessorImpl.invoke(DelegatingMethodAccessorImpl.java:43)
	at java.lang.reflect.Method.invoke(Method.java:606)
	at org.junit.internal.runners.TestMethod.invoke(TestMethod.java:68)
	at org.powermock.modules.junit4.internal.impl.PowerMockJUnit44RunnerDelegateImpl$PowerMockJUnit44MethodRunner.runTestMethod(PowerMockJUnit44RunnerDelegateImpl.java:310)
	at org.junit.internal.runners.MethodRoadie$2.run(MethodRoadie.java:89)
	at org.junit.internal.runners.MethodRoadie.runBeforesThenTestThenAfters(MethodRoadie.java:97)
	at org.powermock.modules.junit4.internal.impl.PowerMockJUnit44RunnerDelegateImpl$PowerMockJUnit44MethodRunner.executeTest(PowerMockJUnit44RunnerDelegateImpl.java:294)
	at org.powermock.modules.junit4.internal.impl.PowerMockJUnit47RunnerDelegateImpl$PowerMockJUnit47MethodRunner.executeTestInSuper(PowerMockJUnit47RunnerDelegateImpl.java:127)
	at org.powermock.modules.junit4.internal.impl.PowerMockJUnit47RunnerDelegateImpl$PowerMockJUnit47MethodRunner.access$100(PowerMockJUnit47RunnerDelegateImpl.java:59)
	at org.powermock.modules.junit4.internal.impl.PowerMockJUnit47RunnerDelegateImpl$PowerMockJUnit47MethodRunner$LastRuleTestExecutorStatement.evaluate(PowerMockJUnit47RunnerDelegateImpl.java:148)
	at org.junit.contrib.java.lang.system.ExpectedSystemExit$1.evaluate(ExpectedSystemExit.java:130)
	at org.junit.rules.ExternalResource$1.evaluate(ExternalResource.java:48)
	at org.powermock.modules.junit4.internal.impl.PowerMockJUnit47RunnerDelegateImpl$PowerMockJUnit47MethodRunner.executeTest(PowerMockJUnit47RunnerDelegateImpl.java:91)
	at org.powermock.modules.junit4.internal.impl.PowerMockJUnit44RunnerDelegateImpl$PowerMockJUnit44MethodRunner.runBeforesThenTestThenAfters(PowerMockJUnit44RunnerDelegateImpl.java:282)
	at org.junit.internal.runners.MethodRoadie.runTest(MethodRoadie.java:87)
	at org.junit.internal.runners.MethodRoadie.run(MethodRoadie.java:50)
	at org.powermock.modules.junit4.internal.impl.PowerMockJUnit44RunnerDelegateImpl.invokeTestMethod(PowerMockJUnit44RunnerDelegateImpl.java:207)
	at org.powermock.modules.junit4.internal.impl.PowerMockJUnit44RunnerDelegateImpl.runMethods(PowerMockJUnit44RunnerDelegateImpl.java:146)
	at org.powermock.modules.junit4.internal.impl.PowerMockJUnit44RunnerDelegateImpl$1.run(PowerMockJUnit44RunnerDelegateImpl.java:120)
	at org.junit.internal.runners.ClassRoadie.runUnprotected(ClassRoadie.java:34)
	at org.junit.internal.runners.ClassRoadie.runProtected(ClassRoadie.java:44)
	at org.powermock.modules.junit4.internal.impl.PowerMockJUnit44RunnerDelegateImpl.run(PowerMockJUnit44RunnerDelegateImpl.java:122)
	at org.powermock.modules.junit4.common.internal.impl.JUnit4TestSuiteChunkerImpl.run(JUnit4TestSuiteChunkerImpl.java:106)
	at org.powermock.modules.junit4.common.internal.impl.AbstractCommonPowerMockRunner.run(AbstractCommonPowerMockRunner.java:53)
	at org.powermock.modules.junit4.PowerMockRunner.run(PowerMockRunner.java:59)
	at org.junit.runner.JUnitCore.run(JUnitCore.java:137)
	at org.junit.runner.JUnitCore.run(JUnitCore.java:115)
	at org.testng.junit.JUnit4TestRunner.start(JUnit4TestRunner.java:81)
	at org.testng.junit.JUnit4TestRunner.run(JUnit4TestRunner.java:69)
	at org.testng.TestRunner$1.run(TestRunner.java:697)
	at org.testng.TestRunner.runJUnitWorkers(TestRunner.java:1004)
	at org.testng.TestRunner.privateRunJUnit(TestRunner.java:728)
	at org.testng.TestRunner.run(TestRunner.java:629)
	at org.testng.SuiteRunner.runTest(SuiteRunner.java:366)
	at org.testng.SuiteRunner.runSequentially(SuiteRunner.java:361)
	at org.testng.SuiteRunner.privateRun(SuiteRunner.java:319)
	at org.testng.SuiteRunner.run(SuiteRunner.java:268)
	at org.testng.SuiteRunnerWorker.runSuite(SuiteRunnerWorker.java:52)
	at org.testng.SuiteRunnerWorker.run(SuiteRunnerWorker.java:86)
	at org.testng.TestNG.runSuitesSequentially(TestNG.java:1244)
	at org.testng.TestNG.runSuitesLocally(TestNG.java:1169)
	at org.testng.TestNG.run(TestNG.java:1064)
	at org.testng.remote.AbstractRemoteTestNG.run(AbstractRemoteTestNG.java:126)
	at org.testng.remote.RemoteTestNG.initAndRun(RemoteTestNG.java:137)
	at org.testng.remote.RemoteTestNG.main(RemoteTestNG.java:58)
</pre></div></td>
<td>0</td>
<td>testExtractValues(es.unileon.sonarqube.sedcat.strategies.ExpertSystemQualityTests)</td></tr>
<tr>
<td title='es.unileon.sonarqube.sedcat.strategies.ExpertSystemQualityTests.testXfuzzyProcessBehaviour()'><b>testXfuzzyProcessBehaviour</b><br>Test class: es.unileon.sonarqube.sedcat.strategies.ExpertSystemQualityTests</td>
<td><div><pre>java.lang.IllegalArgumentException: Only metrics in [quality_measure, actions_to_realize] can be used to add measures. Metric &apos;success_unit_tests&apos; is not allowed.
	at org.sonar.api.internal.google.common.base.Preconditions.checkArgument(Preconditions.java:148)
	at org.sonar.api.ce.measure.test.TestMeasureComputerContext.validateAddMeasure(TestMeasureComputerContext.java:172)
	at org.sonar.api.ce.measure.test.TestMeasureComputerContext.addMeasure(TestMeasureComputerContext.java:98)
	at es.unileon.sonarqube.sedcat.strategies.ExpertSystemQualityTests.testXfuzzyProcessBehaviour(ExpertSystemQualityTests.java:171)
	at org.junit.internal.runners.TestMethod.invoke(TestMethod.java:68)
	at org.powermock.modules.junit4.internal.impl.PowerMockJUnit44RunnerDelegateImpl$PowerMockJUnit44MethodRunner.runTestMethod(PowerMockJUnit44RunnerDelegateImpl.java:310)
	at org.junit.internal.runners.MethodRoadie$2.run(MethodRoadie.java:89)
	at org.junit.internal.runners.MethodRoadie.runBeforesThenTestThenAfters(MethodRoadie.java:97)
	at org.powermock.modules.junit4.internal.impl.PowerMockJUnit44RunnerDelegateImpl$PowerMockJUnit44MethodRunner.executeTest(PowerMockJUnit44RunnerDelegateImpl.java:294)
	at org.powermock.modules.junit4.internal.impl.PowerMockJUnit47RunnerDelegateImpl$PowerMockJUnit47MethodRunner.executeTestInSuper(PowerMockJUnit47RunnerDelegateImpl.java:127)
	at org.powermock.modules.junit4.internal.impl.PowerMockJUnit47RunnerDelegateImpl$PowerMockJUnit47MethodRunner.access$100(PowerMockJUnit47RunnerDelegateImpl.java:59)
	at org.powermock.modules.junit4.internal.impl.PowerMockJUnit47RunnerDelegateImpl$PowerMockJUnit47MethodRunner$LastRuleTestExecutorStatement.evaluate(PowerMockJUnit47RunnerDelegateImpl.java:148)
	at org.junit.contrib.java.lang.system.ExpectedSystemExit$1.evaluate(ExpectedSystemExit.java:130)
	at org.junit.rules.ExternalResource$1.evaluate(ExternalResource.java:48)
	at org.powermock.modules.junit4.internal.impl.PowerMockJUnit47RunnerDelegateImpl$PowerMockJUnit47MethodRunner.executeTest(PowerMockJUnit47RunnerDelegateImpl.java:91)
	at org.powermock.modules.junit4.internal.impl.PowerMockJUnit44RunnerDelegateImpl$PowerMockJUnit44MethodRunner.runBeforesThenTestThenAfters(PowerMockJUnit44RunnerDelegateImpl.java:282)
	at org.junit.internal.runners.MethodRoadie.runTest(MethodRoadie.java:87)
	at org.junit.internal.runners.MethodRoadie.run(MethodRoadie.java:50)
	at org.powermock.modules.junit4.internal.impl.PowerMockJUnit44RunnerDelegateImpl.invokeTestMethod(PowerMockJUnit44RunnerDelegateImpl.java:207)
	at org.powermock.modules.junit4.internal.impl.PowerMockJUnit44RunnerDelegateImpl.runMethods(PowerMockJUnit44RunnerDelegateImpl.java:146)
	at org.powermock.modules.junit4.internal.impl.PowerMockJUnit44RunnerDelegateImpl$1.run(PowerMockJUnit44RunnerDelegateImpl.java:120)
	at org.junit.internal.runners.ClassRoadie.runUnprotected(ClassRoadie.java:34)
	at org.junit.internal.runners.ClassRoadie.runProtected(ClassRoadie.java:44)
	at org.powermock.modules.junit4.internal.impl.PowerMockJUnit44RunnerDelegateImpl.run(PowerMockJUnit44RunnerDelegateImpl.java:122)
	at org.powermock.modules.junit4.common.internal.impl.JUnit4TestSuiteChunkerImpl.run(JUnit4TestSuiteChunkerImpl.java:106)
	at org.powermock.modules.junit4.common.internal.impl.AbstractCommonPowerMockRunner.run(AbstractCommonPowerMockRunner.java:53)
	at org.powermock.modules.junit4.PowerMockRunner.run(PowerMockRunner.java:59)
	at org.junit.runner.JUnitCore.run(JUnitCore.java:137)
	at org.junit.runner.JUnitCore.run(JUnitCore.java:115)
... Removed 22 stack frames</pre></div><a href='#' onClick='toggleBox("stack-trace1832601097", this, "Click to show all stack frames", "Click to hide stack frames")'>Click to show all stack frames</a>
<div class='stack-trace' id='stack-trace1832601097'><pre>java.lang.IllegalArgumentException: Only metrics in [quality_measure, actions_to_realize] can be used to add measures. Metric &apos;success_unit_tests&apos; is not allowed.
	at org.sonar.api.internal.google.common.base.Preconditions.checkArgument(Preconditions.java:148)
	at org.sonar.api.ce.measure.test.TestMeasureComputerContext.validateAddMeasure(TestMeasureComputerContext.java:172)
	at org.sonar.api.ce.measure.test.TestMeasureComputerContext.addMeasure(TestMeasureComputerContext.java:98)
	at es.unileon.sonarqube.sedcat.strategies.ExpertSystemQualityTests.testXfuzzyProcessBehaviour(ExpertSystemQualityTests.java:171)
	at sun.reflect.NativeMethodAccessorImpl.invoke0(Native Method)
	at sun.reflect.NativeMethodAccessorImpl.invoke(NativeMethodAccessorImpl.java:57)
	at sun.reflect.DelegatingMethodAccessorImpl.invoke(DelegatingMethodAccessorImpl.java:43)
	at java.lang.reflect.Method.invoke(Method.java:606)
	at org.junit.internal.runners.TestMethod.invoke(TestMethod.java:68)
	at org.powermock.modules.junit4.internal.impl.PowerMockJUnit44RunnerDelegateImpl$PowerMockJUnit44MethodRunner.runTestMethod(PowerMockJUnit44RunnerDelegateImpl.java:310)
	at org.junit.internal.runners.MethodRoadie$2.run(MethodRoadie.java:89)
	at org.junit.internal.runners.MethodRoadie.runBeforesThenTestThenAfters(MethodRoadie.java:97)
	at org.powermock.modules.junit4.internal.impl.PowerMockJUnit44RunnerDelegateImpl$PowerMockJUnit44MethodRunner.executeTest(PowerMockJUnit44RunnerDelegateImpl.java:294)
	at org.powermock.modules.junit4.internal.impl.PowerMockJUnit47RunnerDelegateImpl$PowerMockJUnit47MethodRunner.executeTestInSuper(PowerMockJUnit47RunnerDelegateImpl.java:127)
	at org.powermock.modules.junit4.internal.impl.PowerMockJUnit47RunnerDelegateImpl$PowerMockJUnit47MethodRunner.access$100(PowerMockJUnit47RunnerDelegateImpl.java:59)
	at org.powermock.modules.junit4.internal.impl.PowerMockJUnit47RunnerDelegateImpl$PowerMockJUnit47MethodRunner$LastRuleTestExecutorStatement.evaluate(PowerMockJUnit47RunnerDelegateImpl.java:148)
	at org.junit.contrib.java.lang.system.ExpectedSystemExit$1.evaluate(ExpectedSystemExit.java:130)
	at org.junit.rules.ExternalResource$1.evaluate(ExternalResource.java:48)
	at org.powermock.modules.junit4.internal.impl.PowerMockJUnit47RunnerDelegateImpl$PowerMockJUnit47MethodRunner.executeTest(PowerMockJUnit47RunnerDelegateImpl.java:91)
	at org.powermock.modules.junit4.internal.impl.PowerMockJUnit44RunnerDelegateImpl$PowerMockJUnit44MethodRunner.runBeforesThenTestThenAfters(PowerMockJUnit44RunnerDelegateImpl.java:282)
	at org.junit.internal.runners.MethodRoadie.runTest(MethodRoadie.java:87)
	at org.junit.internal.runners.MethodRoadie.run(MethodRoadie.java:50)
	at org.powermock.modules.junit4.internal.impl.PowerMockJUnit44RunnerDelegateImpl.invokeTestMethod(PowerMockJUnit44RunnerDelegateImpl.java:207)
	at org.powermock.modules.junit4.internal.impl.PowerMockJUnit44RunnerDelegateImpl.runMethods(PowerMockJUnit44RunnerDelegateImpl.java:146)
	at org.powermock.modules.junit4.internal.impl.PowerMockJUnit44RunnerDelegateImpl$1.run(PowerMockJUnit44RunnerDelegateImpl.java:120)
	at org.junit.internal.runners.ClassRoadie.runUnprotected(ClassRoadie.java:34)
	at org.junit.internal.runners.ClassRoadie.runProtected(ClassRoadie.java:44)
	at org.powermock.modules.junit4.internal.impl.PowerMockJUnit44RunnerDelegateImpl.run(PowerMockJUnit44RunnerDelegateImpl.java:122)
	at org.powermock.modules.junit4.common.internal.impl.JUnit4TestSuiteChunkerImpl.run(JUnit4TestSuiteChunkerImpl.java:106)
	at org.powermock.modules.junit4.common.internal.impl.AbstractCommonPowerMockRunner.run(AbstractCommonPowerMockRunner.java:53)
	at org.powermock.modules.junit4.PowerMockRunner.run(PowerMockRunner.java:59)
	at org.junit.runner.JUnitCore.run(JUnitCore.java:137)
	at org.junit.runner.JUnitCore.run(JUnitCore.java:115)
	at org.testng.junit.JUnit4TestRunner.start(JUnit4TestRunner.java:81)
	at org.testng.junit.JUnit4TestRunner.run(JUnit4TestRunner.java:69)
	at org.testng.TestRunner$1.run(TestRunner.java:697)
	at org.testng.TestRunner.runJUnitWorkers(TestRunner.java:1004)
	at org.testng.TestRunner.privateRunJUnit(TestRunner.java:728)
	at org.testng.TestRunner.run(TestRunner.java:629)
	at org.testng.SuiteRunner.runTest(SuiteRunner.java:366)
	at org.testng.SuiteRunner.runSequentially(SuiteRunner.java:361)
	at org.testng.SuiteRunner.privateRun(SuiteRunner.java:319)
	at org.testng.SuiteRunner.run(SuiteRunner.java:268)
	at org.testng.SuiteRunnerWorker.runSuite(SuiteRunnerWorker.java:52)
	at org.testng.SuiteRunnerWorker.run(SuiteRunnerWorker.java:86)
	at org.testng.TestNG.runSuitesSequentially(TestNG.java:1244)
	at org.testng.TestNG.runSuitesLocally(TestNG.java:1169)
	at org.testng.TestNG.run(TestNG.java:1064)
	at org.testng.remote.AbstractRemoteTestNG.run(AbstractRemoteTestNG.java:126)
	at org.testng.remote.RemoteTestNG.initAndRun(RemoteTestNG.java:137)
	at org.testng.remote.RemoteTestNG.main(RemoteTestNG.java:58)
</pre></div></td>
<td>0</td>
<td>testXfuzzyProcessBehaviour(es.unileon.sonarqube.sedcat.strategies.ExpertSystemQualityTests)</td></tr>
<tr>
<td title='es.unileon.sonarqube.sedcat.strategies.ExpertSystemQualityTests.testXfuzzyProcessState()'><b>testXfuzzyProcessState</b><br>Test class: es.unileon.sonarqube.sedcat.strategies.ExpertSystemQualityTests</td>
<td><div><pre>java.lang.IllegalArgumentException: Only metrics in [quality_measure, actions_to_realize] can be used to add measures. Metric &apos;success_unit_tests&apos; is not allowed.
	at org.sonar.api.internal.google.common.base.Preconditions.checkArgument(Preconditions.java:148)
	at org.sonar.api.ce.measure.test.TestMeasureComputerContext.validateAddMeasure(TestMeasureComputerContext.java:172)
	at org.sonar.api.ce.measure.test.TestMeasureComputerContext.addMeasure(TestMeasureComputerContext.java:98)
	at es.unileon.sonarqube.sedcat.strategies.ExpertSystemQualityTests.testXfuzzyProcessState(ExpertSystemQualityTests.java:212)
	at org.junit.internal.runners.TestMethod.invoke(TestMethod.java:68)
	at org.powermock.modules.junit4.internal.impl.PowerMockJUnit44RunnerDelegateImpl$PowerMockJUnit44MethodRunner.runTestMethod(PowerMockJUnit44RunnerDelegateImpl.java:310)
	at org.junit.internal.runners.MethodRoadie$2.run(MethodRoadie.java:89)
	at org.junit.internal.runners.MethodRoadie.runBeforesThenTestThenAfters(MethodRoadie.java:97)
	at org.powermock.modules.junit4.internal.impl.PowerMockJUnit44RunnerDelegateImpl$PowerMockJUnit44MethodRunner.executeTest(PowerMockJUnit44RunnerDelegateImpl.java:294)
	at org.powermock.modules.junit4.internal.impl.PowerMockJUnit47RunnerDelegateImpl$PowerMockJUnit47MethodRunner.executeTestInSuper(PowerMockJUnit47RunnerDelegateImpl.java:127)
	at org.powermock.modules.junit4.internal.impl.PowerMockJUnit47RunnerDelegateImpl$PowerMockJUnit47MethodRunner.access$100(PowerMockJUnit47RunnerDelegateImpl.java:59)
	at org.powermock.modules.junit4.internal.impl.PowerMockJUnit47RunnerDelegateImpl$PowerMockJUnit47MethodRunner$LastRuleTestExecutorStatement.evaluate(PowerMockJUnit47RunnerDelegateImpl.java:148)
	at org.junit.contrib.java.lang.system.ExpectedSystemExit$1.evaluate(ExpectedSystemExit.java:130)
	at org.junit.rules.ExternalResource$1.evaluate(ExternalResource.java:48)
	at org.powermock.modules.junit4.internal.impl.PowerMockJUnit47RunnerDelegateImpl$PowerMockJUnit47MethodRunner.executeTest(PowerMockJUnit47RunnerDelegateImpl.java:91)
	at org.powermock.modules.junit4.internal.impl.PowerMockJUnit44RunnerDelegateImpl$PowerMockJUnit44MethodRunner.runBeforesThenTestThenAfters(PowerMockJUnit44RunnerDelegateImpl.java:282)
	at org.junit.internal.runners.MethodRoadie.runTest(MethodRoadie.java:87)
	at org.junit.internal.runners.MethodRoadie.run(MethodRoadie.java:50)
	at org.powermock.modules.junit4.internal.impl.PowerMockJUnit44RunnerDelegateImpl.invokeTestMethod(PowerMockJUnit44RunnerDelegateImpl.java:207)
	at org.powermock.modules.junit4.internal.impl.PowerMockJUnit44RunnerDelegateImpl.runMethods(PowerMockJUnit44RunnerDelegateImpl.java:146)
	at org.powermock.modules.junit4.internal.impl.PowerMockJUnit44RunnerDelegateImpl$1.run(PowerMockJUnit44RunnerDelegateImpl.java:120)
	at org.junit.internal.runners.ClassRoadie.runUnprotected(ClassRoadie.java:34)
	at org.junit.internal.runners.ClassRoadie.runProtected(ClassRoadie.java:44)
	at org.powermock.modules.junit4.internal.impl.PowerMockJUnit44RunnerDelegateImpl.run(PowerMockJUnit44RunnerDelegateImpl.java:122)
	at org.powermock.modules.junit4.common.internal.impl.JUnit4TestSuiteChunkerImpl.run(JUnit4TestSuiteChunkerImpl.java:106)
	at org.powermock.modules.junit4.common.internal.impl.AbstractCommonPowerMockRunner.run(AbstractCommonPowerMockRunner.java:53)
	at org.powermock.modules.junit4.PowerMockRunner.run(PowerMockRunner.java:59)
	at org.junit.runner.JUnitCore.run(JUnitCore.java:137)
	at org.junit.runner.JUnitCore.run(JUnitCore.java:115)
... Removed 22 stack frames</pre></div><a href='#' onClick='toggleBox("stack-trace1821323935", this, "Click to show all stack frames", "Click to hide stack frames")'>Click to show all stack frames</a>
<div class='stack-trace' id='stack-trace1821323935'><pre>java.lang.IllegalArgumentException: Only metrics in [quality_measure, actions_to_realize] can be used to add measures. Metric &apos;success_unit_tests&apos; is not allowed.
	at org.sonar.api.internal.google.common.base.Preconditions.checkArgument(Preconditions.java:148)
	at org.sonar.api.ce.measure.test.TestMeasureComputerContext.validateAddMeasure(TestMeasureComputerContext.java:172)
	at org.sonar.api.ce.measure.test.TestMeasureComputerContext.addMeasure(TestMeasureComputerContext.java:98)
	at es.unileon.sonarqube.sedcat.strategies.ExpertSystemQualityTests.testXfuzzyProcessState(ExpertSystemQualityTests.java:212)
	at sun.reflect.NativeMethodAccessorImpl.invoke0(Native Method)
	at sun.reflect.NativeMethodAccessorImpl.invoke(NativeMethodAccessorImpl.java:57)
	at sun.reflect.DelegatingMethodAccessorImpl.invoke(DelegatingMethodAccessorImpl.java:43)
	at java.lang.reflect.Method.invoke(Method.java:606)
	at org.junit.internal.runners.TestMethod.invoke(TestMethod.java:68)
	at org.powermock.modules.junit4.internal.impl.PowerMockJUnit44RunnerDelegateImpl$PowerMockJUnit44MethodRunner.runTestMethod(PowerMockJUnit44RunnerDelegateImpl.java:310)
	at org.junit.internal.runners.MethodRoadie$2.run(MethodRoadie.java:89)
	at org.junit.internal.runners.MethodRoadie.runBeforesThenTestThenAfters(MethodRoadie.java:97)
	at org.powermock.modules.junit4.internal.impl.PowerMockJUnit44RunnerDelegateImpl$PowerMockJUnit44MethodRunner.executeTest(PowerMockJUnit44RunnerDelegateImpl.java:294)
	at org.powermock.modules.junit4.internal.impl.PowerMockJUnit47RunnerDelegateImpl$PowerMockJUnit47MethodRunner.executeTestInSuper(PowerMockJUnit47RunnerDelegateImpl.java:127)
	at org.powermock.modules.junit4.internal.impl.PowerMockJUnit47RunnerDelegateImpl$PowerMockJUnit47MethodRunner.access$100(PowerMockJUnit47RunnerDelegateImpl.java:59)
	at org.powermock.modules.junit4.internal.impl.PowerMockJUnit47RunnerDelegateImpl$PowerMockJUnit47MethodRunner$LastRuleTestExecutorStatement.evaluate(PowerMockJUnit47RunnerDelegateImpl.java:148)
	at org.junit.contrib.java.lang.system.ExpectedSystemExit$1.evaluate(ExpectedSystemExit.java:130)
	at org.junit.rules.ExternalResource$1.evaluate(ExternalResource.java:48)
	at org.powermock.modules.junit4.internal.impl.PowerMockJUnit47RunnerDelegateImpl$PowerMockJUnit47MethodRunner.executeTest(PowerMockJUnit47RunnerDelegateImpl.java:91)
	at org.powermock.modules.junit4.internal.impl.PowerMockJUnit44RunnerDelegateImpl$PowerMockJUnit44MethodRunner.runBeforesThenTestThenAfters(PowerMockJUnit44RunnerDelegateImpl.java:282)
	at org.junit.internal.runners.MethodRoadie.runTest(MethodRoadie.java:87)
	at org.junit.internal.runners.MethodRoadie.run(MethodRoadie.java:50)
	at org.powermock.modules.junit4.internal.impl.PowerMockJUnit44RunnerDelegateImpl.invokeTestMethod(PowerMockJUnit44RunnerDelegateImpl.java:207)
	at org.powermock.modules.junit4.internal.impl.PowerMockJUnit44RunnerDelegateImpl.runMethods(PowerMockJUnit44RunnerDelegateImpl.java:146)
	at org.powermock.modules.junit4.internal.impl.PowerMockJUnit44RunnerDelegateImpl$1.run(PowerMockJUnit44RunnerDelegateImpl.java:120)
	at org.junit.internal.runners.ClassRoadie.runUnprotected(ClassRoadie.java:34)
	at org.junit.internal.runners.ClassRoadie.runProtected(ClassRoadie.java:44)
	at org.powermock.modules.junit4.internal.impl.PowerMockJUnit44RunnerDelegateImpl.run(PowerMockJUnit44RunnerDelegateImpl.java:122)
	at org.powermock.modules.junit4.common.internal.impl.JUnit4TestSuiteChunkerImpl.run(JUnit4TestSuiteChunkerImpl.java:106)
	at org.powermock.modules.junit4.common.internal.impl.AbstractCommonPowerMockRunner.run(AbstractCommonPowerMockRunner.java:53)
	at org.powermock.modules.junit4.PowerMockRunner.run(PowerMockRunner.java:59)
	at org.junit.runner.JUnitCore.run(JUnitCore.java:137)
	at org.junit.runner.JUnitCore.run(JUnitCore.java:115)
	at org.testng.junit.JUnit4TestRunner.start(JUnit4TestRunner.java:81)
	at org.testng.junit.JUnit4TestRunner.run(JUnit4TestRunner.java:69)
	at org.testng.TestRunner$1.run(TestRunner.java:697)
	at org.testng.TestRunner.runJUnitWorkers(TestRunner.java:1004)
	at org.testng.TestRunner.privateRunJUnit(TestRunner.java:728)
	at org.testng.TestRunner.run(TestRunner.java:629)
	at org.testng.SuiteRunner.runTest(SuiteRunner.java:366)
	at org.testng.SuiteRunner.runSequentially(SuiteRunner.java:361)
	at org.testng.SuiteRunner.privateRun(SuiteRunner.java:319)
	at org.testng.SuiteRunner.run(SuiteRunner.java:268)
	at org.testng.SuiteRunnerWorker.runSuite(SuiteRunnerWorker.java:52)
	at org.testng.SuiteRunnerWorker.run(SuiteRunnerWorker.java:86)
	at org.testng.TestNG.runSuitesSequentially(TestNG.java:1244)
	at org.testng.TestNG.runSuitesLocally(TestNG.java:1169)
	at org.testng.TestNG.run(TestNG.java:1064)
	at org.testng.remote.AbstractRemoteTestNG.run(AbstractRemoteTestNG.java:126)
	at org.testng.remote.RemoteTestNG.initAndRun(RemoteTestNG.java:137)
	at org.testng.remote.RemoteTestNG.main(RemoteTestNG.java:58)
</pre></div></td>
<td>0</td>
<td>testXfuzzyProcessState(es.unileon.sonarqube.sedcat.strategies.ExpertSystemQualityTests)</td></tr>
</table><p>
<table width='100%' border='1' class='invocation-passed'>
<tr><td colspan='4' align='center'><b>PASSED TESTS</b></td></tr>
<tr><td><b>Test method</b></td>
<td width="30%"><b>Exception</b></td>
<td width="10%"><b>Time (seconds)</b></td>
<td><b>Instance</b></td>
</tr>
<tr>
<td title='es.unileon.sonarqube.sedcat.scanners.CoverageUnitTestsComputerTests.compute_Null_Measure()'><b>compute_Null_Measure</b><br>Test class: es.unileon.sonarqube.sedcat.scanners.CoverageUnitTestsComputerTests</td>
<td></td>
<td>0</td>
<td>compute_Null_Measure(es.unileon.sonarqube.sedcat.scanners.CoverageUnitTestsComputerTests)</td></tr>
<tr>
<td title='es.unileon.sonarqube.sedcat.scanners.NumberCodeLinesComputerTests.compute_Null_Measure()'><b>compute_Null_Measure</b><br>Test class: es.unileon.sonarqube.sedcat.scanners.NumberCodeLinesComputerTests</td>
<td></td>
<td>0</td>
<td>compute_Null_Measure(es.unileon.sonarqube.sedcat.scanners.NumberCodeLinesComputerTests)</td></tr>
<tr>
<td title='es.unileon.sonarqube.sedcat.scanners.NumberTestsComputerTests.compute_Null_Measure()'><b>compute_Null_Measure</b><br>Test class: es.unileon.sonarqube.sedcat.scanners.NumberTestsComputerTests</td>
<td></td>
<td>0</td>
<td>compute_Null_Measure(es.unileon.sonarqube.sedcat.scanners.NumberTestsComputerTests)</td></tr>
<tr>
<td title='es.unileon.sonarqube.sedcat.scanners.SuccessUnitTestsComputerTests.compute_Null_Measure()'><b>compute_Null_Measure</b><br>Test class: es.unileon.sonarqube.sedcat.scanners.SuccessUnitTestsComputerTests</td>
<td></td>
<td>0</td>
<td>compute_Null_Measure(es.unileon.sonarqube.sedcat.scanners.SuccessUnitTestsComputerTests)</td></tr>
<tr>
<td title='es.unileon.sonarqube.sedcat.scanners.CoverageUnitTestsComputerTests.compute_notNull_Measure()'><b>compute_notNull_Measure</b><br>Test class: es.unileon.sonarqube.sedcat.scanners.CoverageUnitTestsComputerTests</td>
<td></td>
<td>0</td>
<td>compute_notNull_Measure(es.unileon.sonarqube.sedcat.scanners.CoverageUnitTestsComputerTests)</td></tr>
<tr>
<td title='es.unileon.sonarqube.sedcat.scanners.NumberTestsComputerTests.compute_notNull_Measure()'><b>compute_notNull_Measure</b><br>Test class: es.unileon.sonarqube.sedcat.scanners.NumberTestsComputerTests</td>
<td></td>
<td>0</td>
<td>compute_notNull_Measure(es.unileon.sonarqube.sedcat.scanners.NumberTestsComputerTests)</td></tr>
<tr>
<td title='es.unileon.sonarqube.sedcat.scanners.SuccessUnitTestsComputerTests.compute_notNull_Measure()'><b>compute_notNull_Measure</b><br>Test class: es.unileon.sonarqube.sedcat.scanners.SuccessUnitTestsComputerTests</td>
<td></td>
<td>0</td>
<td>compute_notNull_Measure(es.unileon.sonarqube.sedcat.scanners.SuccessUnitTestsComputerTests)</td></tr>
<tr>
<td title='es.unileon.sonarqube.sedcat.scanners.NumberCodeLinesComputerTests.compute_notNull_Measure_File()'><b>compute_notNull_Measure_File</b><br>Test class: es.unileon.sonarqube.sedcat.scanners.NumberCodeLinesComputerTests</td>
<td></td>
<td>0</td>
<td>compute_notNull_Measure_File(es.unileon.sonarqube.sedcat.scanners.NumberCodeLinesComputerTests)</td></tr>
<tr>
<td title='es.unileon.sonarqube.sedcat.scanners.CoverageUnitTestsComputerTests.define_Correct_State()'><b>define_Correct_State</b><br>Test class: es.unileon.sonarqube.sedcat.scanners.CoverageUnitTestsComputerTests</td>
<td></td>
<td>0</td>
<td>define_Correct_State(es.unileon.sonarqube.sedcat.scanners.CoverageUnitTestsComputerTests)</td></tr>
<tr>
<td title='es.unileon.sonarqube.sedcat.scanners.NumberCodeLinesComputerTests.define_Correct_State()'><b>define_Correct_State</b><br>Test class: es.unileon.sonarqube.sedcat.scanners.NumberCodeLinesComputerTests</td>
<td></td>
<td>0</td>
<td>define_Correct_State(es.unileon.sonarqube.sedcat.scanners.NumberCodeLinesComputerTests)</td></tr>
<tr>
<td title='es.unileon.sonarqube.sedcat.scanners.NumberTestsComputerTests.define_Correct_State()'><b>define_Correct_State</b><br>Test class: es.unileon.sonarqube.sedcat.scanners.NumberTestsComputerTests</td>
<td></td>
<td>0</td>
<td>define_Correct_State(es.unileon.sonarqube.sedcat.scanners.NumberTestsComputerTests)</td></tr>
<tr>
<td title='es.unileon.sonarqube.sedcat.scanners.SuccessUnitTestsComputerTests.define_Correct_State()'><b>define_Correct_State</b><br>Test class: es.unileon.sonarqube.sedcat.scanners.SuccessUnitTestsComputerTests</td>
<td></td>
<td>0</td>
<td>define_Correct_State(es.unileon.sonarqube.sedcat.scanners.SuccessUnitTestsComputerTests)</td></tr>
<tr>
<td title='es.unileon.sonarqube.sedcat.scanners.MutationsReportFinderTests.findReportDirectoryNotExists()'><b>findReportDirectoryNotExists</b><br>Test class: es.unileon.sonarqube.sedcat.scanners.MutationsReportFinderTests</td>
<td></td>
<td>0</td>
<td>findReportDirectoryNotExists(es.unileon.sonarqube.sedcat.scanners.MutationsReportFinderTests)</td></tr>
<tr>
<td title='es.unileon.sonarqube.sedcat.scanners.MutationsReportFinderTests.findReportDirectoryWithDirectoriesAndNoReport()'><b>findReportDirectoryWithDirectoriesAndNoReport</b><br>Test class: es.unileon.sonarqube.sedcat.scanners.MutationsReportFinderTests</td>
<td></td>
<td>0</td>
<td>findReportDirectoryWithDirectoriesAndNoReport(es.unileon.sonarqube.sedcat.scanners.MutationsReportFinderTests)</td></tr>
<tr>
<td title='es.unileon.sonarqube.sedcat.scanners.MutationsReportFinderTests.findReportEmptyDirectory()'><b>findReportEmptyDirectory</b><br>Test class: es.unileon.sonarqube.sedcat.scanners.MutationsReportFinderTests</td>
<td></td>
<td>0</td>
<td>findReportEmptyDirectory(es.unileon.sonarqube.sedcat.scanners.MutationsReportFinderTests)</td></tr>
<tr>
<td title='es.unileon.sonarqube.sedcat.scanners.MutationsReportFinderTests.findReportNotDirectory()'><b>findReportNotDirectory</b><br>Test class: es.unileon.sonarqube.sedcat.scanners.MutationsReportFinderTests</td>
<td></td>
<td>0</td>
<td>findReportNotDirectory(es.unileon.sonarqube.sedcat.scanners.MutationsReportFinderTests)</td></tr>
<tr>
<td title='es.unileon.sonarqube.sedcat.scanners.MutationsReportFinderTests.findReportNull()'><b>findReportNull</b><br>Test class: es.unileon.sonarqube.sedcat.scanners.MutationsReportFinderTests</td>
<td></td>
<td>0</td>
<td>findReportNull(es.unileon.sonarqube.sedcat.scanners.MutationsReportFinderTests)</td></tr>
<tr>
<td title='es.unileon.sonarqube.sedcat.scanners.MutationsReportFinderTests.findReportNullDirectory()'><b>findReportNullDirectory</b><br>Test class: es.unileon.sonarqube.sedcat.scanners.MutationsReportFinderTests</td>
<td></td>
<td>0</td>
<td>findReportNullDirectory(es.unileon.sonarqube.sedcat.scanners.MutationsReportFinderTests)</td></tr>
<tr>
<td title='es.unileon.sonarqube.sedcat.scanners.MutationsReportParserTests.parseReportDirectory()'><b>parseReportDirectory</b><br>Test class: es.unileon.sonarqube.sedcat.scanners.MutationsReportParserTests</td>
<td></td>
<td>0</td>
<td>parseReportDirectory(es.unileon.sonarqube.sedcat.scanners.MutationsReportParserTests)</td></tr>
<tr>
<td title='es.unileon.sonarqube.sedcat.scanners.MutationsReportParserTests.parseReportEmpty()'><b>parseReportEmpty</b><br>Test class: es.unileon.sonarqube.sedcat.scanners.MutationsReportParserTests</td>
<td></td>
<td>0</td>
<td>parseReportEmpty(es.unileon.sonarqube.sedcat.scanners.MutationsReportParserTests)</td></tr>
<tr>
<td title='es.unileon.sonarqube.sedcat.scanners.MutationsReportParserTests.parseReportNotExists()'><b>parseReportNotExists</b><br>Test class: es.unileon.sonarqube.sedcat.scanners.MutationsReportParserTests</td>
<td></td>
<td>0</td>
<td>parseReportNotExists(es.unileon.sonarqube.sedcat.scanners.MutationsReportParserTests)</td></tr>
<tr>
<td title='es.unileon.sonarqube.sedcat.scanners.MutationsReportParserTests.parseReportNull()'><b>parseReportNull</b><br>Test class: es.unileon.sonarqube.sedcat.scanners.MutationsReportParserTests</td>
<td></td>
<td>0</td>
<td>parseReportNull(es.unileon.sonarqube.sedcat.scanners.MutationsReportParserTests)</td></tr>
<tr>
<td title='es.unileon.sonarqube.sedcat.scanners.MutationsReportParserTests.parseReportWithCoverageLedgendButNotText()'><b>parseReportWithCoverageLedgendButNotText</b><br>Test class: es.unileon.sonarqube.sedcat.scanners.MutationsReportParserTests</td>
<td></td>
<td>0</td>
<td>parseReportWithCoverageLedgendButNotText(es.unileon.sonarqube.sedcat.scanners.MutationsReportParserTests)</td></tr>
<tr>
<td title='es.unileon.sonarqube.sedcat.scanners.MutationsReportParserTests.parseReportWithNotEnoughTdElements()'><b>parseReportWithNotEnoughTdElements</b><br>Test class: es.unileon.sonarqube.sedcat.scanners.MutationsReportParserTests</td>
<td></td>
<td>0</td>
<td>parseReportWithNotEnoughTdElements(es.unileon.sonarqube.sedcat.scanners.MutationsReportParserTests)</td></tr>
<tr>
<td title='es.unileon.sonarqube.sedcat.scanners.MutationsReportParserTests.parseReportWithoutCoverageLedgend()'><b>parseReportWithoutCoverageLedgend</b><br>Test class: es.unileon.sonarqube.sedcat.scanners.MutationsReportParserTests</td>
<td></td>
<td>0</td>
<td>parseReportWithoutCoverageLedgend(es.unileon.sonarqube.sedcat.scanners.MutationsReportParserTests)</td></tr>
<tr>
<td title='es.unileon.sonarqube.sedcat.scanners.MutationsReportParserTests.parseReportWithoutTdElements()'><b>parseReportWithoutTdElements</b><br>Test class: es.unileon.sonarqube.sedcat.scanners.MutationsReportParserTests</td>
<td></td>
<td>0</td>
<td>parseReportWithoutTdElements(es.unileon.sonarqube.sedcat.scanners.MutationsReportParserTests)</td></tr>
<tr>
<td title='es.unileon.sonarqube.sedcat.scanners.MutationsCoverageSensorTests.testAnalyseWithMultipleReport()'><b>testAnalyseWithMultipleReport</b><br>Test class: es.unileon.sonarqube.sedcat.scanners.MutationsCoverageSensorTests</td>
<td></td>
<td>0</td>
<td>testAnalyseWithMultipleReport(es.unileon.sonarqube.sedcat.scanners.MutationsCoverageSensorTests)</td></tr>
<tr>
<td title='es.unileon.sonarqube.sedcat.scanners.MutationsCoverageSensorTests.testAnalyseWithNullReport()'><b>testAnalyseWithNullReport</b><br>Test class: es.unileon.sonarqube.sedcat.scanners.MutationsCoverageSensorTests</td>
<td></td>
<td>0</td>
<td>testAnalyseWithNullReport(es.unileon.sonarqube.sedcat.scanners.MutationsCoverageSensorTests)</td></tr>
<tr>
<td title='es.unileon.sonarqube.sedcat.scanners.MutationsCoverageSensorTests.testAnalyseWithReport()'><b>testAnalyseWithReport</b><br>Test class: es.unileon.sonarqube.sedcat.scanners.MutationsCoverageSensorTests</td>
<td></td>
<td>0</td>
<td>testAnalyseWithReport(es.unileon.sonarqube.sedcat.scanners.MutationsCoverageSensorTests)</td></tr>
<tr>
<td title='es.unileon.sonarqube.sedcat.scanners.MutationsCoverageSensorTests.testAnalyseWithReportParserNull()'><b>testAnalyseWithReportParserNull</b><br>Test class: es.unileon.sonarqube.sedcat.scanners.MutationsCoverageSensorTests</td>
<td></td>
<td>0</td>
<td>testAnalyseWithReportParserNull(es.unileon.sonarqube.sedcat.scanners.MutationsCoverageSensorTests)</td></tr>
<tr>
<td title='es.unileon.sonarqube.sedcat.strategies.ExpertSystemActionsTests.testCheckNotNullInputMetricsNull()'><b>testCheckNotNullInputMetricsNull</b><br>Test class: es.unileon.sonarqube.sedcat.strategies.ExpertSystemActionsTests</td>
<td></td>
<td>0</td>
<td>testCheckNotNullInputMetricsNull(es.unileon.sonarqube.sedcat.strategies.ExpertSystemActionsTests)</td></tr>
<tr>
<td title='es.unileon.sonarqube.sedcat.strategies.ExpertSystemQualityTests.testCheckNotNullInputMetricsNull()'><b>testCheckNotNullInputMetricsNull</b><br>Test class: es.unileon.sonarqube.sedcat.strategies.ExpertSystemQualityTests</td>
<td></td>
<td>0</td>
<td>testCheckNotNullInputMetricsNull(es.unileon.sonarqube.sedcat.strategies.ExpertSystemQualityTests)</td></tr>
<tr>
<td title='es.unileon.sonarqube.sedcat.storage.QualityMeasureStoreTests.testCheckOutputDataSetEmpty()'><b>testCheckOutputDataSetEmpty</b><br>Test class: es.unileon.sonarqube.sedcat.storage.QualityMeasureStoreTests</td>
<td></td>
<td>0</td>
<td>testCheckOutputDataSetEmpty(es.unileon.sonarqube.sedcat.storage.QualityMeasureStoreTests)</td></tr>
<tr>
<td title='es.unileon.sonarqube.sedcat.storage.ActionsMeasureStoreTests.testCheckOutputDataSetEmpty()'><b>testCheckOutputDataSetEmpty</b><br>Test class: es.unileon.sonarqube.sedcat.storage.ActionsMeasureStoreTests</td>
<td></td>
<td>0</td>
<td>testCheckOutputDataSetEmpty(es.unileon.sonarqube.sedcat.storage.ActionsMeasureStoreTests)</td></tr>
<tr>
<td title='es.unileon.sonarqube.sedcat.storage.QualityMeasureStoreTests.testCheckOutputDataSetNotAllowedAbove()'><b>testCheckOutputDataSetNotAllowedAbove</b><br>Test class: es.unileon.sonarqube.sedcat.storage.QualityMeasureStoreTests</td>
<td></td>
<td>0</td>
<td>testCheckOutputDataSetNotAllowedAbove(es.unileon.sonarqube.sedcat.storage.QualityMeasureStoreTests)</td></tr>
<tr>
<td title='es.unileon.sonarqube.sedcat.storage.ActionsMeasureStoreTests.testCheckOutputDataSetNotAllowedAbove()'><b>testCheckOutputDataSetNotAllowedAbove</b><br>Test class: es.unileon.sonarqube.sedcat.storage.ActionsMeasureStoreTests</td>
<td></td>
<td>0</td>
<td>testCheckOutputDataSetNotAllowedAbove(es.unileon.sonarqube.sedcat.storage.ActionsMeasureStoreTests)</td></tr>
<tr>
<td title='es.unileon.sonarqube.sedcat.storage.QualityMeasureStoreTests.testCheckOutputDataSetNotAllowedUnder()'><b>testCheckOutputDataSetNotAllowedUnder</b><br>Test class: es.unileon.sonarqube.sedcat.storage.QualityMeasureStoreTests</td>
<td></td>
<td>0</td>
<td>testCheckOutputDataSetNotAllowedUnder(es.unileon.sonarqube.sedcat.storage.QualityMeasureStoreTests)</td></tr>
<tr>
<td title='es.unileon.sonarqube.sedcat.storage.ActionsMeasureStoreTests.testCheckOutputDataSetNotAllowedUnder()'><b>testCheckOutputDataSetNotAllowedUnder</b><br>Test class: es.unileon.sonarqube.sedcat.storage.ActionsMeasureStoreTests</td>
<td></td>
<td>0</td>
<td>testCheckOutputDataSetNotAllowedUnder(es.unileon.sonarqube.sedcat.storage.ActionsMeasureStoreTests)</td></tr>
<tr>
<td title='es.unileon.sonarqube.sedcat.storage.QualityMeasureStoreTests.testCheckOutputDataSetNull()'><b>testCheckOutputDataSetNull</b><br>Test class: es.unileon.sonarqube.sedcat.storage.QualityMeasureStoreTests</td>
<td></td>
<td>0</td>
<td>testCheckOutputDataSetNull(es.unileon.sonarqube.sedcat.storage.QualityMeasureStoreTests)</td></tr>
<tr>
<td title='es.unileon.sonarqube.sedcat.storage.ActionsMeasureStoreTests.testCheckOutputDataSetNull()'><b>testCheckOutputDataSetNull</b><br>Test class: es.unileon.sonarqube.sedcat.storage.ActionsMeasureStoreTests</td>
<td></td>
<td>0</td>
<td>testCheckOutputDataSetNull(es.unileon.sonarqube.sedcat.storage.ActionsMeasureStoreTests)</td></tr>
<tr>
<td title='es.unileon.sonarqube.sedcat.storage.QualityMeasureStoreTests.testCheckOutputDataSetOk()'><b>testCheckOutputDataSetOk</b><br>Test class: es.unileon.sonarqube.sedcat.storage.QualityMeasureStoreTests</td>
<td></td>
<td>0</td>
<td>testCheckOutputDataSetOk(es.unileon.sonarqube.sedcat.storage.QualityMeasureStoreTests)</td></tr>
<tr>
<td title='es.unileon.sonarqube.sedcat.storage.ActionsMeasureStoreTests.testCheckOutputDataSetOk()'><b>testCheckOutputDataSetOk</b><br>Test class: es.unileon.sonarqube.sedcat.storage.ActionsMeasureStoreTests</td>
<td></td>
<td>0</td>
<td>testCheckOutputDataSetOk(es.unileon.sonarqube.sedcat.storage.ActionsMeasureStoreTests)</td></tr>
<tr>
<td title='es.unileon.sonarqube.sedcat.xfuzzy.QualityTests.testCrispInferenceDoubleArray()'><b>testCrispInferenceDoubleArray</b><br>Test class: es.unileon.sonarqube.sedcat.xfuzzy.QualityTests</td>
<td></td>
<td>34</td>
<td>testCrispInferenceDoubleArray(es.unileon.sonarqube.sedcat.xfuzzy.QualityTests)</td></tr>
<tr>
<td title='es.unileon.sonarqube.sedcat.xfuzzy.ActionsTests.testCrispInferenceDoubleArray()'><b>testCrispInferenceDoubleArray</b><br>Test class: es.unileon.sonarqube.sedcat.xfuzzy.ActionsTests</td>
<td></td>
<td>0</td>
<td>testCrispInferenceDoubleArray(es.unileon.sonarqube.sedcat.xfuzzy.ActionsTests)</td></tr>
<tr>
<td title='es.unileon.sonarqube.sedcat.xfuzzy.QualityTests.testCrispInferenceDoubleArrayOnLimits_Above()'><b>testCrispInferenceDoubleArrayOnLimits_Above</b><br>Test class: es.unileon.sonarqube.sedcat.xfuzzy.QualityTests</td>
<td></td>
<td>0</td>
<td>testCrispInferenceDoubleArrayOnLimits_Above(es.unileon.sonarqube.sedcat.xfuzzy.QualityTests)</td></tr>
<tr>
<td title='es.unileon.sonarqube.sedcat.xfuzzy.ActionsTests.testCrispInferenceDoubleArrayOnLimits_Above()'><b>testCrispInferenceDoubleArrayOnLimits_Above</b><br>Test class: es.unileon.sonarqube.sedcat.xfuzzy.ActionsTests</td>
<td></td>
<td>0</td>
<td>testCrispInferenceDoubleArrayOnLimits_Above(es.unileon.sonarqube.sedcat.xfuzzy.ActionsTests)</td></tr>
<tr>
<td title='es.unileon.sonarqube.sedcat.xfuzzy.QualityTests.testCrispInferenceDoubleArrayOnLimits_Under()'><b>testCrispInferenceDoubleArrayOnLimits_Under</b><br>Test class: es.unileon.sonarqube.sedcat.xfuzzy.QualityTests</td>
<td></td>
<td>0</td>
<td>testCrispInferenceDoubleArrayOnLimits_Under(es.unileon.sonarqube.sedcat.xfuzzy.QualityTests)</td></tr>
<tr>
<td title='es.unileon.sonarqube.sedcat.xfuzzy.ActionsTests.testCrispInferenceDoubleArrayOnLimits_Under()'><b>testCrispInferenceDoubleArrayOnLimits_Under</b><br>Test class: es.unileon.sonarqube.sedcat.xfuzzy.ActionsTests</td>
<td></td>
<td>0</td>
<td>testCrispInferenceDoubleArrayOnLimits_Under(es.unileon.sonarqube.sedcat.xfuzzy.ActionsTests)</td></tr>
<tr>
<td title='es.unileon.sonarqube.sedcat.strategies.ExpertSystemQualityTests.testExpertSystemQuality()'><b>testExpertSystemQuality</b><br>Test class: es.unileon.sonarqube.sedcat.strategies.ExpertSystemQualityTests</td>
<td></td>
<td>0</td>
<td>testExpertSystemQuality(es.unileon.sonarqube.sedcat.strategies.ExpertSystemQualityTests)</td></tr>
<tr>
<td title='es.unileon.sonarqube.sedcat.start.SedcatPluginTests.testGetExtensions()'><b>testGetExtensions</b><br>Test class: es.unileon.sonarqube.sedcat.start.SedcatPluginTests</td>
<td></td>
<td>0</td>
<td>testGetExtensions(es.unileon.sonarqube.sedcat.start.SedcatPluginTests)</td></tr>
<tr>
<td title='es.unileon.sonarqube.sedcat.start.SedcatMetricsTests.testGetMetrics()'><b>testGetMetrics</b><br>Test class: es.unileon.sonarqube.sedcat.start.SedcatMetricsTests</td>
<td></td>
<td>0</td>
<td>testGetMetrics(es.unileon.sonarqube.sedcat.start.SedcatMetricsTests)</td></tr>
<tr>
<td title='es.unileon.sonarqube.sedcat.storage.QualityMeasureStoreTests.testOutputMeasureStore()'><b>testOutputMeasureStore</b><br>Test class: es.unileon.sonarqube.sedcat.storage.QualityMeasureStoreTests</td>
<td></td>
<td>0</td>
<td>testOutputMeasureStore(es.unileon.sonarqube.sedcat.storage.QualityMeasureStoreTests)</td></tr>
<tr>
<td title='es.unileon.sonarqube.sedcat.storage.ActionsMeasureStoreTests.testOutputMeasureStore()'><b>testOutputMeasureStore</b><br>Test class: es.unileon.sonarqube.sedcat.storage.ActionsMeasureStoreTests</td>
<td></td>
<td>0</td>
<td>testOutputMeasureStore(es.unileon.sonarqube.sedcat.storage.ActionsMeasureStoreTests)</td></tr>
<tr>
<td title='es.unileon.sonarqube.sedcat.storage.QualityMeasureStoreTests.testSaveMeasure()'><b>testSaveMeasure</b><br>Test class: es.unileon.sonarqube.sedcat.storage.QualityMeasureStoreTests</td>
<td></td>
<td>0</td>
<td>testSaveMeasure(es.unileon.sonarqube.sedcat.storage.QualityMeasureStoreTests)</td></tr>
<tr>
<td title='es.unileon.sonarqube.sedcat.storage.ActionsMeasureStoreTests.testSaveMeasure()'><b>testSaveMeasure</b><br>Test class: es.unileon.sonarqube.sedcat.storage.ActionsMeasureStoreTests</td>
<td></td>
<td>0</td>
<td>testSaveMeasure(es.unileon.sonarqube.sedcat.storage.ActionsMeasureStoreTests)</td></tr>
<tr>
<td title='es.unileon.sonarqube.sedcat.storage.ActionsMeasureStoreTests.testloadPropertiesNull()'><b>testloadPropertiesNull</b><br>Test class: es.unileon.sonarqube.sedcat.storage.ActionsMeasureStoreTests</td>
<td></td>
<td>0</td>
<td>testloadPropertiesNull(es.unileon.sonarqube.sedcat.storage.ActionsMeasureStoreTests)</td></tr>
<tr>
<td title='es.unileon.sonarqube.sedcat.storage.ActionsMeasureStoreTests.testloadPropertiesOk()'><b>testloadPropertiesOk</b><br>Test class: es.unileon.sonarqube.sedcat.storage.ActionsMeasureStoreTests</td>
<td></td>
<td>0</td>
<td>testloadPropertiesOk(es.unileon.sonarqube.sedcat.storage.ActionsMeasureStoreTests)</td></tr>
</table><p>
<table width='100%' border='1' class='invocation-skipped'>
<tr><td colspan='4' align='center'><b>SKIPPED TESTS</b></td></tr>
<tr><td><b>Test method</b></td>
<td width="30%"><b>Exception</b></td>
<td width="10%"><b>Time (seconds)</b></td>
<td><b>Instance</b></td>
</tr>
<tr>
<td title='es.unileon.sonarqube.sedcat.strategies.ExpertSystemActionsTests.testExpertSystemActions()'><b>testExpertSystemActions</b><br>Test class: es.unileon.sonarqube.sedcat.strategies.ExpertSystemActionsTests</td>
<td></td>
<td>0</td>
<td>testExpertSystemActions(es.unileon.sonarqube.sedcat.strategies.ExpertSystemActionsTests)</td></tr>
<tr>
<td title='es.unileon.sonarqube.sedcat.strategies.ExpertSystemActionsTests.testXfuzzyProcessBehaviour()'><b>testXfuzzyProcessBehaviour</b><br>Test class: es.unileon.sonarqube.sedcat.strategies.ExpertSystemActionsTests</td>
<td></td>
<td>0</td>
<td>testXfuzzyProcessBehaviour(es.unileon.sonarqube.sedcat.strategies.ExpertSystemActionsTests)</td></tr>
<tr>
<td title='es.unileon.sonarqube.sedcat.strategies.ExpertSystemActionsTests.testXfuzzyProcessState()'><b>testXfuzzyProcessState</b><br>Test class: es.unileon.sonarqube.sedcat.strategies.ExpertSystemActionsTests</td>
<td></td>
<td>0</td>
<td>testXfuzzyProcessState(es.unileon.sonarqube.sedcat.strategies.ExpertSystemActionsTests)</td></tr>
<tr>
<td title='es.unileon.sonarqube.sedcat.start.GeneralComputerTests.testcompute_Directory_noExecution()'><b>testcompute_Directory_noExecution</b><br>Test class: es.unileon.sonarqube.sedcat.start.GeneralComputerTests</td>
<td></td>
<td>0</td>
<td>testcompute_Directory_noExecution(es.unileon.sonarqube.sedcat.start.GeneralComputerTests)</td></tr>
<tr>
<td title='es.unileon.sonarqube.sedcat.start.GeneralComputerTests.testcompute_File_noExecution()'><b>testcompute_File_noExecution</b><br>Test class: es.unileon.sonarqube.sedcat.start.GeneralComputerTests</td>
<td></td>
<td>0</td>
<td>testcompute_File_noExecution(es.unileon.sonarqube.sedcat.start.GeneralComputerTests)</td></tr>
<tr>
<td title='es.unileon.sonarqube.sedcat.start.GeneralComputerTests.testcompute_Module_noExecution()'><b>testcompute_Module_noExecution</b><br>Test class: es.unileon.sonarqube.sedcat.start.GeneralComputerTests</td>
<td></td>
<td>0</td>
<td>testcompute_Module_noExecution(es.unileon.sonarqube.sedcat.start.GeneralComputerTests)</td></tr>
<tr>
<td title='es.unileon.sonarqube.sedcat.start.GeneralComputerTests.testcompute_Project_Behaviour()'><b>testcompute_Project_Behaviour</b><br>Test class: es.unileon.sonarqube.sedcat.start.GeneralComputerTests</td>
<td></td>
<td>0</td>
<td>testcompute_Project_Behaviour(es.unileon.sonarqube.sedcat.start.GeneralComputerTests)</td></tr>
<tr>
<td title='es.unileon.sonarqube.sedcat.start.GeneralComputerTests.testcompute_Project_Execution()'><b>testcompute_Project_Execution</b><br>Test class: es.unileon.sonarqube.sedcat.start.GeneralComputerTests</td>
<td></td>
<td>0</td>
<td>testcompute_Project_Execution(es.unileon.sonarqube.sedcat.start.GeneralComputerTests)</td></tr>
<tr>
<td title='es.unileon.sonarqube.sedcat.start.GeneralComputerTests.testcompute_Subview_noExecution()'><b>testcompute_Subview_noExecution</b><br>Test class: es.unileon.sonarqube.sedcat.start.GeneralComputerTests</td>
<td></td>
<td>0</td>
<td>testcompute_Subview_noExecution(es.unileon.sonarqube.sedcat.start.GeneralComputerTests)</td></tr>
<tr>
<td title='es.unileon.sonarqube.sedcat.start.GeneralComputerTests.testcompute_View_noExecution()'><b>testcompute_View_noExecution</b><br>Test class: es.unileon.sonarqube.sedcat.start.GeneralComputerTests</td>
<td></td>
<td>0</td>
<td>testcompute_View_noExecution(es.unileon.sonarqube.sedcat.start.GeneralComputerTests)</td></tr>
<tr>
<td title='es.unileon.sonarqube.sedcat.start.GeneralComputerTests.testdefine_Correct_State()'><b>testdefine_Correct_State</b><br>Test class: es.unileon.sonarqube.sedcat.start.GeneralComputerTests</td>
<td></td>
<td>0</td>
<td>testdefine_Correct_State(es.unileon.sonarqube.sedcat.start.GeneralComputerTests)</td></tr>
</table><p>
</body>
</html>