<!DOCTYPE html PUBLIC "-//W3C//DTD XHTML 1.1//EN" "http://www.w3.org/TR/xhtml11/DTD/xhtml11.dtd">
<html xmlns="http://www.w3.org/1999/xhtml"><head><title>TestNG Report</title><style type="text/css">table {margin-bottom:10px;border-collapse:collapse;empty-cells:show}th,td {border:1px solid #009;padding:.25em .5em}th {vertical-align:bottom}td {vertical-align:top}table a {font-weight:bold}.stripe td {background-color: #E6EBF9}.num {text-align:right}.passedodd td {background-color: #3F3}.passedeven td {background-color: #0A0}.skippedodd td {background-color: #DDD}.skippedeven td {background-color: #CCC}.failedodd td,.attn {background-color: #F33}.failedeven td,.stripe .attn {background-color: #D00}.stacktrace {white-space:pre;font-family:monospace}.totop {font-size:85%;text-align:center;border-bottom:2px solid #000}</style></head><body><table><tr><th>Test</th><th># Passed</th><th># Skipped</th><th># Failed</th><th>Time (ms)</th><th>Included Groups</th><th>Excluded Groups</th></tr><tr><th colspan="7">Suite</th></tr><tr><td><a href="#t0">Test</a></td><td class="num">57</td><td class="num attn">11</td><td class="num attn">9</td><td class="num">37.459</td><td></td><td></td></tr></table><table><thead><tr><th>Class</th><th>Method</th><th>Start</th><th>Time (ms)</th></tr></thead><tbody><tr><th colspan="4">Suite</th></tr></tbody><tbody id="t0"><tr><th colspan="4">Test &#8212; failed</th></tr><tr class="failedeven"><td rowspan="2">es.unileon.sonarqube.sedcat.scanners.MutationsReportFinderTests</td><td><a href="#m0">findReportDirectoryWithDirectoriesAndEmptyReport</a></td><td rowspan="1">1461688175478</td><td rowspan="1">3</td></tr><tr class="failedeven"><td><a href="#m1">findReportDirectoryWithDirectoriesAndReport</a></td><td rowspan="1">1461688175454</td><td rowspan="1">5</td></tr><tr class="failedodd"><td rowspan="1">es.unileon.sonarqube.sedcat.scanners.MutationsReportParserTests</td><td><a href="#m2">parseReportOk</a></td><td rowspan="1">1461688175495</td><td rowspan="1">5</td></tr><tr class="failedeven"><td rowspan="2">es.unileon.sonarqube.sedcat.strategies.ExpertSystemActionsTests</td><td><a href="#m3">testCheckNotNullInputMetricsOk</a></td><td rowspan="1">1461688174054</td><td rowspan="1">4</td></tr><tr class="failedeven"><td><a href="#m4">testExtractValues</a></td><td rowspan="1">1461688174063</td><td rowspan="1">2</td></tr><tr class="failedodd"><td rowspan="4">es.unileon.sonarqube.sedcat.strategies.ExpertSystemQualityTests</td><td><a href="#m5">testCheckNotNullInputMetricsOk</a></td><td rowspan="1">1461688174774</td><td rowspan="1">6</td></tr><tr class="failedodd"><td><a href="#m6">testExtractValues</a></td><td rowspan="1">1461688174588</td><td rowspan="1">184</td></tr><tr class="failedodd"><td><a href="#m7">testXfuzzyProcessBehaviour</a></td><td rowspan="1">1461688174791</td><td rowspan="1">6</td></tr><tr class="failedodd"><td><a href="#m8">testXfuzzyProcessState</a></td><td rowspan="1">1461688174799</td><td rowspan="1">6</td></tr><tr><th colspan="4">Test &#8212; skipped</th></tr><tr class="skippedeven"><td rowspan="8">es.unileon.sonarqube.sedcat.start.GeneralComputerTests</td><td><a href="#m9">testcompute_Directory_noExecution</a></td><td rowspan="1">1461688175083</td><td rowspan="1">0</td></tr><tr class="skippedeven"><td><a href="#m10">testcompute_File_noExecution</a></td><td rowspan="1">1461688175078</td><td rowspan="1">0</td></tr><tr class="skippedeven"><td><a href="#m11">testcompute_Module_noExecution</a></td><td rowspan="1">1461688175085</td><td rowspan="1">0</td></tr><tr class="skippedeven"><td><a href="#m12">testcompute_Project_Behaviour</a></td><td rowspan="1">1461688175088</td><td rowspan="1">0</td></tr><tr class="skippedeven"><td><a href="#m13">testcompute_Project_Execution</a></td><td rowspan="1">1461688175087</td><td rowspan="1">0</td></tr><tr class="skippedeven"><td><a href="#m14">testcompute_Subview_noExecution</a></td><td rowspan="1">1461688175081</td><td rowspan="1">0</td></tr><tr class="skippedeven"><td><a href="#m15">testcompute_View_noExecution</a></td><td rowspan="1">1461688175079</td><td rowspan="1">0</td></tr><tr class="skippedeven"><td><a href="#m16">testdefine_Correct_State</a></td><td rowspan="1">1461688175076</td><td rowspan="1">0</td></tr><tr class="skippedodd"><td rowspan="3">es.unileon.sonarqube.sedcat.strategies.ExpertSystemActionsTests</td><td><a href="#m17">testExpertSystemActions</a></td><td rowspan="1">1461688174061</td><td rowspan="1">0</td></tr><tr class="skippedodd"><td><a href="#m18">testXfuzzyProcessBehaviour</a></td><td rowspan="1">1461688174068</td><td rowspan="1">0</td></tr><tr class="skippedodd"><td><a href="#m19">testXfuzzyProcessState</a></td><td rowspan="1">1461688174018</td><td rowspan="1">0</td></tr><tr><th colspan="4">Test &#8212; passed</th></tr><tr class="passedeven"><td rowspan="3">es.unileon.sonarqube.sedcat.scanners.CoverageUnitTestsComputerTests</td><td><a href="#m20">compute_Null_Measure</a></td><td rowspan="1">1461688175125</td><td rowspan="1">3</td></tr><tr class="passedeven"><td><a href="#m21">compute_notNull_Measure</a></td><td rowspan="1">1461688175104</td><td rowspan="1">19</td></tr><tr class="passedeven"><td><a href="#m22">define_Correct_State</a></td><td rowspan="1">1461688175130</td><td rowspan="1">2</td></tr><tr class="passedodd"><td rowspan="4">es.unileon.sonarqube.sedcat.scanners.MutationsCoverageSensorTests</td><td><a href="#m23">testAnalyseWithMultipleReport</a></td><td rowspan="1">1461688175207</td><td rowspan="1">209</td></tr><tr class="passedodd"><td><a href="#m24">testAnalyseWithNullReport</a></td><td rowspan="1">1461688175138</td><td rowspan="1">61</td></tr><tr class="passedodd"><td><a href="#m25">testAnalyseWithReport</a></td><td rowspan="1">1461688175418</td><td rowspan="1">4</td></tr><tr class="passedodd"><td><a href="#m26">testAnalyseWithReportParserNull</a></td><td rowspan="1">1461688175201</td><td rowspan="1">4</td></tr><tr class="passedeven"><td rowspan="6">es.unileon.sonarqube.sedcat.scanners.MutationsReportFinderTests</td><td><a href="#m27">findReportDirectoryNotExists</a></td><td rowspan="1">1461688175462</td><td rowspan="1">3</td></tr><tr class="passedeven"><td><a href="#m28">findReportDirectoryWithDirectoriesAndNoReport</a></td><td rowspan="1">1461688175426</td><td rowspan="1">2</td></tr><tr class="passedeven"><td><a href="#m29">findReportEmptyDirectory</a></td><td rowspan="1">1461688175467</td><td rowspan="1">4</td></tr><tr class="passedeven"><td><a href="#m30">findReportNotDirectory</a></td><td rowspan="1">1461688175429</td><td rowspan="1">17</td></tr><tr class="passedeven"><td><a href="#m31">findReportNull</a></td><td rowspan="1">1461688175473</td><td rowspan="1">3</td></tr><tr class="passedeven"><td><a href="#m32">findReportNullDirectory</a></td><td rowspan="1">1461688175448</td><td rowspan="1">4</td></tr><tr class="passedodd"><td rowspan="8">es.unileon.sonarqube.sedcat.scanners.MutationsReportParserTests</td><td><a href="#m33">parseReportDirectory</a></td><td rowspan="1">1461688175507</td><td rowspan="1">3</td></tr><tr class="passedodd"><td><a href="#m34">parseReportEmpty</a></td><td rowspan="1">1461688175503</td><td rowspan="1">2</td></tr><tr class="passedodd"><td><a href="#m35">parseReportNotExists</a></td><td rowspan="1">1461688175520</td><td rowspan="1">3</td></tr><tr class="passedodd"><td><a href="#m36">parseReportNull</a></td><td rowspan="1">1461688175516</td><td rowspan="1">2</td></tr><tr class="passedodd"><td><a href="#m37">parseReportWithCoverageLedgendButNotText</a></td><td rowspan="1">1461688175491</td><td rowspan="1">2</td></tr><tr class="passedodd"><td><a href="#m38">parseReportWithNotEnoughTdElements</a></td><td rowspan="1">1461688175486</td><td rowspan="1">3</td></tr><tr class="passedodd"><td><a href="#m39">parseReportWithoutCoverageLedgend</a></td><td rowspan="1">1461688175525</td><td rowspan="1">2</td></tr><tr class="passedodd"><td><a href="#m40">parseReportWithoutTdElements</a></td><td rowspan="1">1461688175512</td><td rowspan="1">2</td></tr><tr class="passedeven"><td rowspan="3">es.unileon.sonarqube.sedcat.scanners.NumberCodeLinesComputerTests</td><td><a href="#m41">compute_Null_Measure</a></td><td rowspan="1">1461688175537</td><td rowspan="1">5</td></tr><tr class="passedeven"><td><a href="#m42">compute_notNull_Measure_File</a></td><td rowspan="1">1461688175531</td><td rowspan="1">4</td></tr><tr class="passedeven"><td><a href="#m43">define_Correct_State</a></td><td rowspan="1">1461688175544</td><td rowspan="1">3</td></tr><tr class="passedodd"><td rowspan="3">es.unileon.sonarqube.sedcat.scanners.NumberTestsComputerTests</td><td><a href="#m44">compute_Null_Measure</a></td><td rowspan="1">1461688175557</td><td rowspan="1">4</td></tr><tr class="passedodd"><td><a href="#m45">compute_notNull_Measure</a></td><td rowspan="1">1461688175551</td><td rowspan="1">4</td></tr><tr class="passedodd"><td><a href="#m46">define_Correct_State</a></td><td rowspan="1">1461688175563</td><td rowspan="1">3</td></tr><tr class="passedeven"><td rowspan="3">es.unileon.sonarqube.sedcat.scanners.SuccessUnitTestsComputerTests</td><td><a href="#m47">compute_Null_Measure</a></td><td rowspan="1">1461688175576</td><td rowspan="1">4</td></tr><tr class="passedeven"><td><a href="#m48">compute_notNull_Measure</a></td><td rowspan="1">1461688175570</td><td rowspan="1">4</td></tr><tr class="passedeven"><td><a href="#m49">define_Correct_State</a></td><td rowspan="1">1461688175582</td><td rowspan="1">3</td></tr><tr class="passedodd"><td rowspan="1">es.unileon.sonarqube.sedcat.start.SedcatMetricsTests</td><td><a href="#m50">testGetMetrics</a></td><td rowspan="1">1461688175092</td><td rowspan="1">2</td></tr><tr class="passedeven"><td rowspan="1">es.unileon.sonarqube.sedcat.start.SedcatPluginTests</td><td><a href="#m51">testGetExtensions</a></td><td rowspan="1">1461688175096</td><td rowspan="1">5</td></tr><tr class="passedodd"><td rowspan="9">es.unileon.sonarqube.sedcat.storage.ActionsMeasureStoreTests</td><td><a href="#m52">testCheckOutputDataSetEmpty</a></td><td rowspan="1">1461688173982</td><td rowspan="1">7</td></tr><tr class="passedodd"><td><a href="#m53">testCheckOutputDataSetNotAllowedAbove</a></td><td rowspan="1">1461688173964</td><td rowspan="1">7</td></tr><tr class="passedodd"><td><a href="#m54">testCheckOutputDataSetNotAllowedUnder</a></td><td rowspan="1">1461688173955</td><td rowspan="1">7</td></tr><tr class="passedodd"><td><a href="#m55">testCheckOutputDataSetNull</a></td><td rowspan="1">1461688173973</td><td rowspan="1">7</td></tr><tr class="passedodd"><td><a href="#m56">testCheckOutputDataSetOk</a></td><td rowspan="1">1461688173946</td><td rowspan="1">7</td></tr><tr class="passedodd"><td><a href="#m57">testOutputMeasureStore</a></td><td rowspan="1">1461688173877</td><td rowspan="1">67</td></tr><tr class="passedodd"><td><a href="#m58">testSaveMeasure</a></td><td rowspan="1">1461688173655</td><td rowspan="1">219</td></tr><tr class="passedodd"><td><a href="#m59">testloadPropertiesNull</a></td><td rowspan="1">1461688174000</td><td rowspan="1">10</td></tr><tr class="passedodd"><td><a href="#m60">testloadPropertiesOk</a></td><td rowspan="1">1461688173991</td><td rowspan="1">7</td></tr><tr class="passedeven"><td rowspan="7">es.unileon.sonarqube.sedcat.storage.QualityMeasureStoreTests</td><td><a href="#m61">testCheckOutputDataSetEmpty</a></td><td rowspan="1">1461688173402</td><td rowspan="1">7</td></tr><tr class="passedeven"><td><a href="#m62">testCheckOutputDataSetNotAllowedAbove</a></td><td rowspan="1">1461688173367</td><td rowspan="1">23</td></tr><tr class="passedeven"><td><a href="#m63">testCheckOutputDataSetNotAllowedUnder</a></td><td rowspan="1">1461688173356</td><td rowspan="1">8</td></tr><tr class="passedeven"><td><a href="#m64">testCheckOutputDataSetNull</a></td><td rowspan="1">1461688173393</td><td rowspan="1">7</td></tr><tr class="passedeven"><td><a href="#m65">testCheckOutputDataSetOk</a></td><td rowspan="1">1461688173343</td><td rowspan="1">11</td></tr><tr class="passedeven"><td><a href="#m66">testOutputMeasureStore</a></td><td rowspan="1">1461688173263</td><td rowspan="1">78</td></tr><tr class="passedeven"><td><a href="#m67">testSaveMeasure</a></td><td rowspan="1">1461688172918</td><td rowspan="1">340</td></tr><tr class="passedodd"><td rowspan="1">es.unileon.sonarqube.sedcat.strategies.ExpertSystemActionsTests</td><td><a href="#m68">testCheckNotNullInputMetricsNull</a></td><td rowspan="1">1461688174020</td><td rowspan="1">32</td></tr><tr class="passedeven"><td rowspan="2">es.unileon.sonarqube.sedcat.strategies.ExpertSystemQualityTests</td><td><a href="#m69">testCheckNotNullInputMetricsNull</a></td><td rowspan="1">1461688174782</td><td rowspan="1">7</td></tr><tr class="passedeven"><td><a href="#m70">testExpertSystemQuality</a></td><td rowspan="1">1461688174807</td><td rowspan="1">75</td></tr><tr class="passedodd"><td rowspan="3">es.unileon.sonarqube.sedcat.xfuzzy.ActionsTests</td><td><a href="#m71">testCrispInferenceDoubleArray</a></td><td rowspan="1">1461688172467</td><td rowspan="1">8</td></tr><tr class="passedodd"><td><a href="#m72">testCrispInferenceDoubleArrayOnLimits_Above</a></td><td rowspan="1">1461688172427</td><td rowspan="1">26</td></tr><tr class="passedodd"><td><a href="#m73">testCrispInferenceDoubleArrayOnLimits_Under</a></td><td rowspan="1">1461688172455</td><td rowspan="1">9</td></tr><tr class="passedeven"><td rowspan="3">es.unileon.sonarqube.sedcat.xfuzzy.QualityTests</td><td><a href="#m74">testCrispInferenceDoubleArray</a></td><td rowspan="1">1461688138313</td><td rowspan="1">34107</td></tr><tr class="passedeven"><td><a href="#m75">testCrispInferenceDoubleArrayOnLimits_Above</a></td><td rowspan="1">1461688138266</td><td rowspan="1">25</td></tr><tr class="passedeven"><td><a href="#m76">testCrispInferenceDoubleArrayOnLimits_Under</a></td><td rowspan="1">1461688138294</td><td rowspan="1">16</td></tr></tbody></table><h2>Test</h2><h3 id="m0">es.unileon.sonarqube.sedcat.scanners.MutationsReportFinderTests#findReportDirectoryWithDirectoriesAndEmptyReport</h3><table class="result"><tr><th>Exception</th></tr><tr><td><div class="stacktrace">java.lang.NullPointerException
	at es.unileon.sonarqube.sedcat.scanners.MutationsReportFinderTests.findReportDirectoryWithDirectoriesAndEmptyReport(MutationsReportFinderTests.java:179)
	at org.junit.runners.model.FrameworkMethod$1.runReflectiveCall(FrameworkMethod.java:50)
	at org.junit.internal.runners.model.ReflectiveCallable.run(ReflectiveCallable.java:12)
	at org.junit.runners.model.FrameworkMethod.invokeExplosively(FrameworkMethod.java:47)
	at org.junit.internal.runners.statements.InvokeMethod.evaluate(InvokeMethod.java:17)
	at org.junit.internal.runners.statements.RunBefores.evaluate(RunBefores.java:26)
	at org.junit.internal.runners.statements.RunAfters.evaluate(RunAfters.java:27)
	at org.junit.runners.ParentRunner.runLeaf(ParentRunner.java:325)
	at org.junit.runners.BlockJUnit4ClassRunner.runChild(BlockJUnit4ClassRunner.java:78)
	at org.junit.runners.BlockJUnit4ClassRunner.runChild(BlockJUnit4ClassRunner.java:57)
	at org.junit.runners.ParentRunner$3.run(ParentRunner.java:290)
	at org.junit.runners.ParentRunner$1.schedule(ParentRunner.java:71)
	at org.junit.runners.ParentRunner.runChildren(ParentRunner.java:288)
	at org.junit.runners.ParentRunner.access$000(ParentRunner.java:58)
	at org.junit.runners.ParentRunner$2.evaluate(ParentRunner.java:268)
	at org.junit.internal.runners.statements.RunBefores.evaluate(RunBefores.java:26)
	at org.junit.internal.runners.statements.RunAfters.evaluate(RunAfters.java:27)
	at org.junit.runners.ParentRunner.run(ParentRunner.java:363)
	at org.junit.runner.JUnitCore.run(JUnitCore.java:137)
	at org.junit.runner.JUnitCore.run(JUnitCore.java:115)
... Removed 22 stack frames</div></td></tr></table><p class="totop"><a href="#summary">back to summary</a></p><h3 id="m1">es.unileon.sonarqube.sedcat.scanners.MutationsReportFinderTests#findReportDirectoryWithDirectoriesAndReport</h3><table class="result"><tr><th>Exception</th></tr><tr><td><div class="stacktrace">java.lang.AssertionError
	at org.junit.Assert.fail(Assert.java:86)
	at org.junit.Assert.assertTrue(Assert.java:41)
	at org.junit.Assert.assertNotNull(Assert.java:712)
	at org.junit.Assert.assertNotNull(Assert.java:722)
	at es.unileon.sonarqube.sedcat.scanners.MutationsReportFinderTests.findReportDirectoryWithDirectoriesAndReport(MutationsReportFinderTests.java:158)
	at org.junit.runners.model.FrameworkMethod$1.runReflectiveCall(FrameworkMethod.java:50)
	at org.junit.internal.runners.model.ReflectiveCallable.run(ReflectiveCallable.java:12)
	at org.junit.runners.model.FrameworkMethod.invokeExplosively(FrameworkMethod.java:47)
	at org.junit.internal.runners.statements.InvokeMethod.evaluate(InvokeMethod.java:17)
	at org.junit.internal.runners.statements.RunBefores.evaluate(RunBefores.java:26)
	at org.junit.internal.runners.statements.RunAfters.evaluate(RunAfters.java:27)
	at org.junit.runners.ParentRunner.runLeaf(ParentRunner.java:325)
	at org.junit.runners.BlockJUnit4ClassRunner.runChild(BlockJUnit4ClassRunner.java:78)
	at org.junit.runners.BlockJUnit4ClassRunner.runChild(BlockJUnit4ClassRunner.java:57)
	at org.junit.runners.ParentRunner$3.run(ParentRunner.java:290)
	at org.junit.runners.ParentRunner$1.schedule(ParentRunner.java:71)
	at org.junit.runners.ParentRunner.runChildren(ParentRunner.java:288)
	at org.junit.runners.ParentRunner.access$000(ParentRunner.java:58)
	at org.junit.runners.ParentRunner$2.evaluate(ParentRunner.java:268)
	at org.junit.internal.runners.statements.RunBefores.evaluate(RunBefores.java:26)
	at org.junit.internal.runners.statements.RunAfters.evaluate(RunAfters.java:27)
	at org.junit.runners.ParentRunner.run(ParentRunner.java:363)
	at org.junit.runner.JUnitCore.run(JUnitCore.java:137)
	at org.junit.runner.JUnitCore.run(JUnitCore.java:115)
... Removed 22 stack frames</div></td></tr></table><p class="totop"><a href="#summary">back to summary</a></p><h3 id="m2">es.unileon.sonarqube.sedcat.scanners.MutationsReportParserTests#parseReportOk</h3><table class="result"><tr><th>Exception</th></tr><tr><td><div class="stacktrace">java.lang.AssertionError
	at org.junit.Assert.fail(Assert.java:86)
	at org.junit.Assert.assertTrue(Assert.java:41)
	at org.junit.Assert.assertNotNull(Assert.java:712)
	at org.junit.Assert.assertNotNull(Assert.java:722)
	at es.unileon.sonarqube.sedcat.scanners.MutationsReportParserTests.parseReportOk(MutationsReportParserTests.java:147)
	at org.junit.runners.model.FrameworkMethod$1.runReflectiveCall(FrameworkMethod.java:50)
	at org.junit.internal.runners.model.ReflectiveCallable.run(ReflectiveCallable.java:12)
	at org.junit.runners.model.FrameworkMethod.invokeExplosively(FrameworkMethod.java:47)
	at org.junit.internal.runners.statements.InvokeMethod.evaluate(InvokeMethod.java:17)
	at org.junit.internal.runners.statements.RunBefores.evaluate(RunBefores.java:26)
	at org.junit.internal.runners.statements.RunAfters.evaluate(RunAfters.java:27)
	at org.junit.runners.ParentRunner.runLeaf(ParentRunner.java:325)
	at org.junit.runners.BlockJUnit4ClassRunner.runChild(BlockJUnit4ClassRunner.java:78)
	at org.junit.runners.BlockJUnit4ClassRunner.runChild(BlockJUnit4ClassRunner.java:57)
	at org.junit.runners.ParentRunner$3.run(ParentRunner.java:290)
	at org.junit.runners.ParentRunner$1.schedule(ParentRunner.java:71)
	at org.junit.runners.ParentRunner.runChildren(ParentRunner.java:288)
	at org.junit.runners.ParentRunner.access$000(ParentRunner.java:58)
	at org.junit.runners.ParentRunner$2.evaluate(ParentRunner.java:268)
	at org.junit.internal.runners.statements.RunBefores.evaluate(RunBefores.java:26)
	at org.junit.internal.runners.statements.RunAfters.evaluate(RunAfters.java:27)
	at org.junit.runners.ParentRunner.run(ParentRunner.java:363)
	at org.junit.runner.JUnitCore.run(JUnitCore.java:137)
	at org.junit.runner.JUnitCore.run(JUnitCore.java:115)
... Removed 22 stack frames</div></td></tr></table><p class="totop"><a href="#summary">back to summary</a></p><h3 id="m3">es.unileon.sonarqube.sedcat.strategies.ExpertSystemActionsTests#testCheckNotNullInputMetricsOk</h3><table class="result"><tr><th>Exception</th></tr><tr><td><div class="stacktrace">java.lang.IllegalArgumentException: Only metrics in [quality_measure, actions_to_realize] can be used to add measures. Metric &apos;success_unit_tests&apos; is not allowed.
	at org.sonar.api.internal.google.common.base.Preconditions.checkArgument(Preconditions.java:148)
	at org.sonar.api.ce.measure.test.TestMeasureComputerContext.validateAddMeasure(TestMeasureComputerContext.java:172)
	at org.sonar.api.ce.measure.test.TestMeasureComputerContext.addMeasure(TestMeasureComputerContext.java:98)
	at es.unileon.sonarqube.sedcat.strategies.ExpertSystemActionsTests.testCheckNotNullInputMetricsOk(ExpertSystemActionsTests.java:137)
	at org.junit.runners.model.FrameworkMethod$1.runReflectiveCall(FrameworkMethod.java:50)
	at org.junit.internal.runners.model.ReflectiveCallable.run(ReflectiveCallable.java:12)
	at org.junit.runners.model.FrameworkMethod.invokeExplosively(FrameworkMethod.java:47)
	at org.junit.internal.runners.statements.InvokeMethod.evaluate(InvokeMethod.java:17)
	at org.junit.internal.runners.statements.RunBefores.evaluate(RunBefores.java:26)
	at org.junit.internal.runners.statements.RunAfters.evaluate(RunAfters.java:27)
	at org.junit.contrib.java.lang.system.ExpectedSystemExit$1.evaluate(ExpectedSystemExit.java:130)
	at org.junit.rules.ExternalResource$1.evaluate(ExternalResource.java:48)
	at org.junit.rules.RunRules.evaluate(RunRules.java:20)
	at org.junit.runners.ParentRunner.runLeaf(ParentRunner.java:325)
	at org.junit.runners.BlockJUnit4ClassRunner.runChild(BlockJUnit4ClassRunner.java:78)
	at org.junit.runners.BlockJUnit4ClassRunner.runChild(BlockJUnit4ClassRunner.java:57)
	at org.junit.runners.ParentRunner$3.run(ParentRunner.java:290)
	at org.junit.runners.ParentRunner$1.schedule(ParentRunner.java:71)
	at org.junit.runners.ParentRunner.runChildren(ParentRunner.java:288)
	at org.junit.runners.ParentRunner.access$000(ParentRunner.java:58)
	at org.junit.runners.ParentRunner$2.evaluate(ParentRunner.java:268)
	at org.junit.internal.runners.statements.RunBefores.evaluate(RunBefores.java:26)
	at org.junit.internal.runners.statements.RunAfters.evaluate(RunAfters.java:27)
	at org.junit.runners.ParentRunner.run(ParentRunner.java:363)
	at org.junit.runner.JUnitCore.run(JUnitCore.java:137)
	at org.junit.runner.JUnitCore.run(JUnitCore.java:115)
... Removed 22 stack frames</div></td></tr></table><p class="totop"><a href="#summary">back to summary</a></p><h3 id="m4">es.unileon.sonarqube.sedcat.strategies.ExpertSystemActionsTests#testExtractValues</h3><table class="result"><tr><th>Exception</th></tr><tr><td><div class="stacktrace">java.lang.IllegalArgumentException: Only metrics in [quality_measure, actions_to_realize] can be used to add measures. Metric &apos;success_unit_tests&apos; is not allowed.
	at org.sonar.api.internal.google.common.base.Preconditions.checkArgument(Preconditions.java:148)
	at org.sonar.api.ce.measure.test.TestMeasureComputerContext.validateAddMeasure(TestMeasureComputerContext.java:172)
	at org.sonar.api.ce.measure.test.TestMeasureComputerContext.addMeasure(TestMeasureComputerContext.java:98)
	at es.unileon.sonarqube.sedcat.strategies.ExpertSystemActionsTests.testExtractValues(ExpertSystemActionsTests.java:112)
	at org.junit.runners.model.FrameworkMethod$1.runReflectiveCall(FrameworkMethod.java:50)
	at org.junit.internal.runners.model.ReflectiveCallable.run(ReflectiveCallable.java:12)
	at org.junit.runners.model.FrameworkMethod.invokeExplosively(FrameworkMethod.java:47)
	at org.junit.internal.runners.statements.InvokeMethod.evaluate(InvokeMethod.java:17)
	at org.junit.internal.runners.statements.RunBefores.evaluate(RunBefores.java:26)
	at org.junit.internal.runners.statements.RunAfters.evaluate(RunAfters.java:27)
	at org.junit.contrib.java.lang.system.ExpectedSystemExit$1.evaluate(ExpectedSystemExit.java:130)
	at org.junit.rules.ExternalResource$1.evaluate(ExternalResource.java:48)
	at org.junit.rules.RunRules.evaluate(RunRules.java:20)
	at org.junit.runners.ParentRunner.runLeaf(ParentRunner.java:325)
	at org.junit.runners.BlockJUnit4ClassRunner.runChild(BlockJUnit4ClassRunner.java:78)
	at org.junit.runners.BlockJUnit4ClassRunner.runChild(BlockJUnit4ClassRunner.java:57)
	at org.junit.runners.ParentRunner$3.run(ParentRunner.java:290)
	at org.junit.runners.ParentRunner$1.schedule(ParentRunner.java:71)
	at org.junit.runners.ParentRunner.runChildren(ParentRunner.java:288)
	at org.junit.runners.ParentRunner.access$000(ParentRunner.java:58)
	at org.junit.runners.ParentRunner$2.evaluate(ParentRunner.java:268)
	at org.junit.internal.runners.statements.RunBefores.evaluate(RunBefores.java:26)
	at org.junit.internal.runners.statements.RunAfters.evaluate(RunAfters.java:27)
	at org.junit.runners.ParentRunner.run(ParentRunner.java:363)
	at org.junit.runner.JUnitCore.run(JUnitCore.java:137)
	at org.junit.runner.JUnitCore.run(JUnitCore.java:115)
... Removed 22 stack frames</div></td></tr></table><p class="totop"><a href="#summary">back to summary</a></p><h3 id="m5">es.unileon.sonarqube.sedcat.strategies.ExpertSystemQualityTests#testCheckNotNullInputMetricsOk</h3><table class="result"><tr><th>Exception</th></tr><tr><td><div class="stacktrace">java.lang.IllegalArgumentException: Only metrics in [quality_measure, actions_to_realize] can be used to add measures. Metric &apos;success_unit_tests&apos; is not allowed.
	at org.sonar.api.internal.google.common.base.Preconditions.checkArgument(Preconditions.java:148)
	at org.sonar.api.ce.measure.test.TestMeasureComputerContext.validateAddMeasure(TestMeasureComputerContext.java:172)
	at org.sonar.api.ce.measure.test.TestMeasureComputerContext.addMeasure(TestMeasureComputerContext.java:98)
	at es.unileon.sonarqube.sedcat.strategies.ExpertSystemQualityTests.testCheckNotNullInputMetricsOk(ExpertSystemQualityTests.java:111)
	at org.junit.internal.runners.TestMethod.invoke(TestMethod.java:68)
	at org.powermock.modules.junit4.internal.impl.PowerMockJUnit44RunnerDelegateImpl$PowerMockJUnit44MethodRunner.runTestMethod(PowerMockJUnit44RunnerDelegateImpl.java:310)
	at org.junit.internal.runners.MethodRoadie$2.run(MethodRoadie.java:89)
	at org.junit.internal.runners.MethodRoadie.runBeforesThenTestThenAfters(MethodRoadie.java:97)
	at org.powermock.modules.junit4.internal.impl.PowerMockJUnit44RunnerDelegateImpl$PowerMockJUnit44MethodRunner.executeTest(PowerMockJUnit44RunnerDelegateImpl.java:294)
	at org.powermock.modules.junit4.internal.impl.PowerMockJUnit47RunnerDelegateImpl$PowerMockJUnit47MethodRunner.executeTestInSuper(PowerMockJUnit47RunnerDelegateImpl.java:127)
	at org.powermock.modules.junit4.internal.impl.PowerMockJUnit47RunnerDelegateImpl$PowerMockJUnit47MethodRunner.access$100(PowerMockJUnit47RunnerDelegateImpl.java:59)
	at org.powermock.modules.junit4.internal.impl.PowerMockJUnit47RunnerDelegateImpl$PowerMockJUnit47MethodRunner$LastRuleTestExecutorStatement.evaluate(PowerMockJUnit47RunnerDelegateImpl.java:148)
	at org.junit.contrib.java.lang.system.ExpectedSystemExit$1.evaluate(ExpectedSystemExit.java:130)
	at org.junit.rules.ExternalResource$1.evaluate(ExternalResource.java:48)
	at org.powermock.modules.junit4.internal.impl.PowerMockJUnit47RunnerDelegateImpl$PowerMockJUnit47MethodRunner.executeTest(PowerMockJUnit47RunnerDelegateImpl.java:91)
	at org.powermock.modules.junit4.internal.impl.PowerMockJUnit44RunnerDelegateImpl$PowerMockJUnit44MethodRunner.runBeforesThenTestThenAfters(PowerMockJUnit44RunnerDelegateImpl.java:282)
	at org.junit.internal.runners.MethodRoadie.runTest(MethodRoadie.java:87)
	at org.junit.internal.runners.MethodRoadie.run(MethodRoadie.java:50)
	at org.powermock.modules.junit4.internal.impl.PowerMockJUnit44RunnerDelegateImpl.invokeTestMethod(PowerMockJUnit44RunnerDelegateImpl.java:207)
	at org.powermock.modules.junit4.internal.impl.PowerMockJUnit44RunnerDelegateImpl.runMethods(PowerMockJUnit44RunnerDelegateImpl.java:146)
	at org.powermock.modules.junit4.internal.impl.PowerMockJUnit44RunnerDelegateImpl$1.run(PowerMockJUnit44RunnerDelegateImpl.java:120)
	at org.junit.internal.runners.ClassRoadie.runUnprotected(ClassRoadie.java:34)
	at org.junit.internal.runners.ClassRoadie.runProtected(ClassRoadie.java:44)
	at org.powermock.modules.junit4.internal.impl.PowerMockJUnit44RunnerDelegateImpl.run(PowerMockJUnit44RunnerDelegateImpl.java:122)
	at org.powermock.modules.junit4.common.internal.impl.JUnit4TestSuiteChunkerImpl.run(JUnit4TestSuiteChunkerImpl.java:106)
	at org.powermock.modules.junit4.common.internal.impl.AbstractCommonPowerMockRunner.run(AbstractCommonPowerMockRunner.java:53)
	at org.powermock.modules.junit4.PowerMockRunner.run(PowerMockRunner.java:59)
	at org.junit.runner.JUnitCore.run(JUnitCore.java:137)
	at org.junit.runner.JUnitCore.run(JUnitCore.java:115)
... Removed 22 stack frames</div></td></tr></table><p class="totop"><a href="#summary">back to summary</a></p><h3 id="m6">es.unileon.sonarqube.sedcat.strategies.ExpertSystemQualityTests#testExtractValues</h3><table class="result"><tr><th>Exception</th></tr><tr><td><div class="stacktrace">java.lang.IllegalArgumentException: Only metrics in [quality_measure, actions_to_realize] can be used to add measures. Metric &apos;success_unit_tests&apos; is not allowed.
	at org.sonar.api.internal.google.common.base.Preconditions.checkArgument(Preconditions.java:148)
	at org.sonar.api.ce.measure.test.TestMeasureComputerContext.validateAddMeasure(TestMeasureComputerContext.java:172)
	at org.sonar.api.ce.measure.test.TestMeasureComputerContext.addMeasure(TestMeasureComputerContext.java:98)
	at es.unileon.sonarqube.sedcat.strategies.ExpertSystemQualityTests.testExtractValues(ExpertSystemQualityTests.java:88)
	at org.junit.internal.runners.TestMethod.invoke(TestMethod.java:68)
	at org.powermock.modules.junit4.internal.impl.PowerMockJUnit44RunnerDelegateImpl$PowerMockJUnit44MethodRunner.runTestMethod(PowerMockJUnit44RunnerDelegateImpl.java:310)
	at org.junit.internal.runners.MethodRoadie$2.run(MethodRoadie.java:89)
	at org.junit.internal.runners.MethodRoadie.runBeforesThenTestThenAfters(MethodRoadie.java:97)
	at org.powermock.modules.junit4.internal.impl.PowerMockJUnit44RunnerDelegateImpl$PowerMockJUnit44MethodRunner.executeTest(PowerMockJUnit44RunnerDelegateImpl.java:294)
	at org.powermock.modules.junit4.internal.impl.PowerMockJUnit47RunnerDelegateImpl$PowerMockJUnit47MethodRunner.executeTestInSuper(PowerMockJUnit47RunnerDelegateImpl.java:127)
	at org.powermock.modules.junit4.internal.impl.PowerMockJUnit47RunnerDelegateImpl$PowerMockJUnit47MethodRunner.access$100(PowerMockJUnit47RunnerDelegateImpl.java:59)
	at org.powermock.modules.junit4.internal.impl.PowerMockJUnit47RunnerDelegateImpl$PowerMockJUnit47MethodRunner$LastRuleTestExecutorStatement.evaluate(PowerMockJUnit47RunnerDelegateImpl.java:148)
	at org.junit.contrib.java.lang.system.ExpectedSystemExit$1.evaluate(ExpectedSystemExit.java:130)
	at org.junit.rules.ExternalResource$1.evaluate(ExternalResource.java:48)
	at org.powermock.modules.junit4.internal.impl.PowerMockJUnit47RunnerDelegateImpl$PowerMockJUnit47MethodRunner.executeTest(PowerMockJUnit47RunnerDelegateImpl.java:91)
	at org.powermock.modules.junit4.internal.impl.PowerMockJUnit44RunnerDelegateImpl$PowerMockJUnit44MethodRunner.runBeforesThenTestThenAfters(PowerMockJUnit44RunnerDelegateImpl.java:282)
	at org.junit.internal.runners.MethodRoadie.runTest(MethodRoadie.java:87)
	at org.junit.internal.runners.MethodRoadie.run(MethodRoadie.java:50)
	at org.powermock.modules.junit4.internal.impl.PowerMockJUnit44RunnerDelegateImpl.invokeTestMethod(PowerMockJUnit44RunnerDelegateImpl.java:207)
	at org.powermock.modules.junit4.internal.impl.PowerMockJUnit44RunnerDelegateImpl.runMethods(PowerMockJUnit44RunnerDelegateImpl.java:146)
	at org.powermock.modules.junit4.internal.impl.PowerMockJUnit44RunnerDelegateImpl$1.run(PowerMockJUnit44RunnerDelegateImpl.java:120)
	at org.junit.internal.runners.ClassRoadie.runUnprotected(ClassRoadie.java:34)
	at org.junit.internal.runners.ClassRoadie.runProtected(ClassRoadie.java:44)
	at org.powermock.modules.junit4.internal.impl.PowerMockJUnit44RunnerDelegateImpl.run(PowerMockJUnit44RunnerDelegateImpl.java:122)
	at org.powermock.modules.junit4.common.internal.impl.JUnit4TestSuiteChunkerImpl.run(JUnit4TestSuiteChunkerImpl.java:106)
	at org.powermock.modules.junit4.common.internal.impl.AbstractCommonPowerMockRunner.run(AbstractCommonPowerMockRunner.java:53)
	at org.powermock.modules.junit4.PowerMockRunner.run(PowerMockRunner.java:59)
	at org.junit.runner.JUnitCore.run(JUnitCore.java:137)
	at org.junit.runner.JUnitCore.run(JUnitCore.java:115)
... Removed 22 stack frames</div></td></tr></table><p class="totop"><a href="#summary">back to summary</a></p><h3 id="m7">es.unileon.sonarqube.sedcat.strategies.ExpertSystemQualityTests#testXfuzzyProcessBehaviour</h3><table class="result"><tr><th>Exception</th></tr><tr><td><div class="stacktrace">java.lang.IllegalArgumentException: Only metrics in [quality_measure, actions_to_realize] can be used to add measures. Metric &apos;success_unit_tests&apos; is not allowed.
	at org.sonar.api.internal.google.common.base.Preconditions.checkArgument(Preconditions.java:148)
	at org.sonar.api.ce.measure.test.TestMeasureComputerContext.validateAddMeasure(TestMeasureComputerContext.java:172)
	at org.sonar.api.ce.measure.test.TestMeasureComputerContext.addMeasure(TestMeasureComputerContext.java:98)
	at es.unileon.sonarqube.sedcat.strategies.ExpertSystemQualityTests.testXfuzzyProcessBehaviour(ExpertSystemQualityTests.java:171)
	at org.junit.internal.runners.TestMethod.invoke(TestMethod.java:68)
	at org.powermock.modules.junit4.internal.impl.PowerMockJUnit44RunnerDelegateImpl$PowerMockJUnit44MethodRunner.runTestMethod(PowerMockJUnit44RunnerDelegateImpl.java:310)
	at org.junit.internal.runners.MethodRoadie$2.run(MethodRoadie.java:89)
	at org.junit.internal.runners.MethodRoadie.runBeforesThenTestThenAfters(MethodRoadie.java:97)
	at org.powermock.modules.junit4.internal.impl.PowerMockJUnit44RunnerDelegateImpl$PowerMockJUnit44MethodRunner.executeTest(PowerMockJUnit44RunnerDelegateImpl.java:294)
	at org.powermock.modules.junit4.internal.impl.PowerMockJUnit47RunnerDelegateImpl$PowerMockJUnit47MethodRunner.executeTestInSuper(PowerMockJUnit47RunnerDelegateImpl.java:127)
	at org.powermock.modules.junit4.internal.impl.PowerMockJUnit47RunnerDelegateImpl$PowerMockJUnit47MethodRunner.access$100(PowerMockJUnit47RunnerDelegateImpl.java:59)
	at org.powermock.modules.junit4.internal.impl.PowerMockJUnit47RunnerDelegateImpl$PowerMockJUnit47MethodRunner$LastRuleTestExecutorStatement.evaluate(PowerMockJUnit47RunnerDelegateImpl.java:148)
	at org.junit.contrib.java.lang.system.ExpectedSystemExit$1.evaluate(ExpectedSystemExit.java:130)
	at org.junit.rules.ExternalResource$1.evaluate(ExternalResource.java:48)
	at org.powermock.modules.junit4.internal.impl.PowerMockJUnit47RunnerDelegateImpl$PowerMockJUnit47MethodRunner.executeTest(PowerMockJUnit47RunnerDelegateImpl.java:91)
	at org.powermock.modules.junit4.internal.impl.PowerMockJUnit44RunnerDelegateImpl$PowerMockJUnit44MethodRunner.runBeforesThenTestThenAfters(PowerMockJUnit44RunnerDelegateImpl.java:282)
	at org.junit.internal.runners.MethodRoadie.runTest(MethodRoadie.java:87)
	at org.junit.internal.runners.MethodRoadie.run(MethodRoadie.java:50)
	at org.powermock.modules.junit4.internal.impl.PowerMockJUnit44RunnerDelegateImpl.invokeTestMethod(PowerMockJUnit44RunnerDelegateImpl.java:207)
	at org.powermock.modules.junit4.internal.impl.PowerMockJUnit44RunnerDelegateImpl.runMethods(PowerMockJUnit44RunnerDelegateImpl.java:146)
	at org.powermock.modules.junit4.internal.impl.PowerMockJUnit44RunnerDelegateImpl$1.run(PowerMockJUnit44RunnerDelegateImpl.java:120)
	at org.junit.internal.runners.ClassRoadie.runUnprotected(ClassRoadie.java:34)
	at org.junit.internal.runners.ClassRoadie.runProtected(ClassRoadie.java:44)
	at org.powermock.modules.junit4.internal.impl.PowerMockJUnit44RunnerDelegateImpl.run(PowerMockJUnit44RunnerDelegateImpl.java:122)
	at org.powermock.modules.junit4.common.internal.impl.JUnit4TestSuiteChunkerImpl.run(JUnit4TestSuiteChunkerImpl.java:106)
	at org.powermock.modules.junit4.common.internal.impl.AbstractCommonPowerMockRunner.run(AbstractCommonPowerMockRunner.java:53)
	at org.powermock.modules.junit4.PowerMockRunner.run(PowerMockRunner.java:59)
	at org.junit.runner.JUnitCore.run(JUnitCore.java:137)
	at org.junit.runner.JUnitCore.run(JUnitCore.java:115)
... Removed 22 stack frames</div></td></tr></table><p class="totop"><a href="#summary">back to summary</a></p><h3 id="m8">es.unileon.sonarqube.sedcat.strategies.ExpertSystemQualityTests#testXfuzzyProcessState</h3><table class="result"><tr><th>Exception</th></tr><tr><td><div class="stacktrace">java.lang.IllegalArgumentException: Only metrics in [quality_measure, actions_to_realize] can be used to add measures. Metric &apos;success_unit_tests&apos; is not allowed.
	at org.sonar.api.internal.google.common.base.Preconditions.checkArgument(Preconditions.java:148)
	at org.sonar.api.ce.measure.test.TestMeasureComputerContext.validateAddMeasure(TestMeasureComputerContext.java:172)
	at org.sonar.api.ce.measure.test.TestMeasureComputerContext.addMeasure(TestMeasureComputerContext.java:98)
	at es.unileon.sonarqube.sedcat.strategies.ExpertSystemQualityTests.testXfuzzyProcessState(ExpertSystemQualityTests.java:212)
	at org.junit.internal.runners.TestMethod.invoke(TestMethod.java:68)
	at org.powermock.modules.junit4.internal.impl.PowerMockJUnit44RunnerDelegateImpl$PowerMockJUnit44MethodRunner.runTestMethod(PowerMockJUnit44RunnerDelegateImpl.java:310)
	at org.junit.internal.runners.MethodRoadie$2.run(MethodRoadie.java:89)
	at org.junit.internal.runners.MethodRoadie.runBeforesThenTestThenAfters(MethodRoadie.java:97)
	at org.powermock.modules.junit4.internal.impl.PowerMockJUnit44RunnerDelegateImpl$PowerMockJUnit44MethodRunner.executeTest(PowerMockJUnit44RunnerDelegateImpl.java:294)
	at org.powermock.modules.junit4.internal.impl.PowerMockJUnit47RunnerDelegateImpl$PowerMockJUnit47MethodRunner.executeTestInSuper(PowerMockJUnit47RunnerDelegateImpl.java:127)
	at org.powermock.modules.junit4.internal.impl.PowerMockJUnit47RunnerDelegateImpl$PowerMockJUnit47MethodRunner.access$100(PowerMockJUnit47RunnerDelegateImpl.java:59)
	at org.powermock.modules.junit4.internal.impl.PowerMockJUnit47RunnerDelegateImpl$PowerMockJUnit47MethodRunner$LastRuleTestExecutorStatement.evaluate(PowerMockJUnit47RunnerDelegateImpl.java:148)
	at org.junit.contrib.java.lang.system.ExpectedSystemExit$1.evaluate(ExpectedSystemExit.java:130)
	at org.junit.rules.ExternalResource$1.evaluate(ExternalResource.java:48)
	at org.powermock.modules.junit4.internal.impl.PowerMockJUnit47RunnerDelegateImpl$PowerMockJUnit47MethodRunner.executeTest(PowerMockJUnit47RunnerDelegateImpl.java:91)
	at org.powermock.modules.junit4.internal.impl.PowerMockJUnit44RunnerDelegateImpl$PowerMockJUnit44MethodRunner.runBeforesThenTestThenAfters(PowerMockJUnit44RunnerDelegateImpl.java:282)
	at org.junit.internal.runners.MethodRoadie.runTest(MethodRoadie.java:87)
	at org.junit.internal.runners.MethodRoadie.run(MethodRoadie.java:50)
	at org.powermock.modules.junit4.internal.impl.PowerMockJUnit44RunnerDelegateImpl.invokeTestMethod(PowerMockJUnit44RunnerDelegateImpl.java:207)
	at org.powermock.modules.junit4.internal.impl.PowerMockJUnit44RunnerDelegateImpl.runMethods(PowerMockJUnit44RunnerDelegateImpl.java:146)
	at org.powermock.modules.junit4.internal.impl.PowerMockJUnit44RunnerDelegateImpl$1.run(PowerMockJUnit44RunnerDelegateImpl.java:120)
	at org.junit.internal.runners.ClassRoadie.runUnprotected(ClassRoadie.java:34)
	at org.junit.internal.runners.ClassRoadie.runProtected(ClassRoadie.java:44)
	at org.powermock.modules.junit4.internal.impl.PowerMockJUnit44RunnerDelegateImpl.run(PowerMockJUnit44RunnerDelegateImpl.java:122)
	at org.powermock.modules.junit4.common.internal.impl.JUnit4TestSuiteChunkerImpl.run(JUnit4TestSuiteChunkerImpl.java:106)
	at org.powermock.modules.junit4.common.internal.impl.AbstractCommonPowerMockRunner.run(AbstractCommonPowerMockRunner.java:53)
	at org.powermock.modules.junit4.PowerMockRunner.run(PowerMockRunner.java:59)
	at org.junit.runner.JUnitCore.run(JUnitCore.java:137)
	at org.junit.runner.JUnitCore.run(JUnitCore.java:115)
... Removed 22 stack frames</div></td></tr></table><p class="totop"><a href="#summary">back to summary</a></p><h3 id="m9">es.unileon.sonarqube.sedcat.start.GeneralComputerTests#testcompute_Directory_noExecution</h3><table class="result"></table><p class="totop"><a href="#summary">back to summary</a></p><h3 id="m10">es.unileon.sonarqube.sedcat.start.GeneralComputerTests#testcompute_File_noExecution</h3><table class="result"></table><p class="totop"><a href="#summary">back to summary</a></p><h3 id="m11">es.unileon.sonarqube.sedcat.start.GeneralComputerTests#testcompute_Module_noExecution</h3><table class="result"></table><p class="totop"><a href="#summary">back to summary</a></p><h3 id="m12">es.unileon.sonarqube.sedcat.start.GeneralComputerTests#testcompute_Project_Behaviour</h3><table class="result"></table><p class="totop"><a href="#summary">back to summary</a></p><h3 id="m13">es.unileon.sonarqube.sedcat.start.GeneralComputerTests#testcompute_Project_Execution</h3><table class="result"></table><p class="totop"><a href="#summary">back to summary</a></p><h3 id="m14">es.unileon.sonarqube.sedcat.start.GeneralComputerTests#testcompute_Subview_noExecution</h3><table class="result"></table><p class="totop"><a href="#summary">back to summary</a></p><h3 id="m15">es.unileon.sonarqube.sedcat.start.GeneralComputerTests#testcompute_View_noExecution</h3><table class="result"></table><p class="totop"><a href="#summary">back to summary</a></p><h3 id="m16">es.unileon.sonarqube.sedcat.start.GeneralComputerTests#testdefine_Correct_State</h3><table class="result"></table><p class="totop"><a href="#summary">back to summary</a></p><h3 id="m17">es.unileon.sonarqube.sedcat.strategies.ExpertSystemActionsTests#testExpertSystemActions</h3><table class="result"></table><p class="totop"><a href="#summary">back to summary</a></p><h3 id="m18">es.unileon.sonarqube.sedcat.strategies.ExpertSystemActionsTests#testXfuzzyProcessBehaviour</h3><table class="result"></table><p class="totop"><a href="#summary">back to summary</a></p><h3 id="m19">es.unileon.sonarqube.sedcat.strategies.ExpertSystemActionsTests#testXfuzzyProcessState</h3><table class="result"></table><p class="totop"><a href="#summary">back to summary</a></p><h3 id="m20">es.unileon.sonarqube.sedcat.scanners.CoverageUnitTestsComputerTests#compute_Null_Measure</h3><table class="result"></table><p class="totop"><a href="#summary">back to summary</a></p><h3 id="m21">es.unileon.sonarqube.sedcat.scanners.CoverageUnitTestsComputerTests#compute_notNull_Measure</h3><table class="result"></table><p class="totop"><a href="#summary">back to summary</a></p><h3 id="m22">es.unileon.sonarqube.sedcat.scanners.CoverageUnitTestsComputerTests#define_Correct_State</h3><table class="result"></table><p class="totop"><a href="#summary">back to summary</a></p><h3 id="m23">es.unileon.sonarqube.sedcat.scanners.MutationsCoverageSensorTests#testAnalyseWithMultipleReport</h3><table class="result"></table><p class="totop"><a href="#summary">back to summary</a></p><h3 id="m24">es.unileon.sonarqube.sedcat.scanners.MutationsCoverageSensorTests#testAnalyseWithNullReport</h3><table class="result"></table><p class="totop"><a href="#summary">back to summary</a></p><h3 id="m25">es.unileon.sonarqube.sedcat.scanners.MutationsCoverageSensorTests#testAnalyseWithReport</h3><table class="result"></table><p class="totop"><a href="#summary">back to summary</a></p><h3 id="m26">es.unileon.sonarqube.sedcat.scanners.MutationsCoverageSensorTests#testAnalyseWithReportParserNull</h3><table class="result"></table><p class="totop"><a href="#summary">back to summary</a></p><h3 id="m27">es.unileon.sonarqube.sedcat.scanners.MutationsReportFinderTests#findReportDirectoryNotExists</h3><table class="result"></table><p class="totop"><a href="#summary">back to summary</a></p><h3 id="m28">es.unileon.sonarqube.sedcat.scanners.MutationsReportFinderTests#findReportDirectoryWithDirectoriesAndNoReport</h3><table class="result"></table><p class="totop"><a href="#summary">back to summary</a></p><h3 id="m29">es.unileon.sonarqube.sedcat.scanners.MutationsReportFinderTests#findReportEmptyDirectory</h3><table class="result"></table><p class="totop"><a href="#summary">back to summary</a></p><h3 id="m30">es.unileon.sonarqube.sedcat.scanners.MutationsReportFinderTests#findReportNotDirectory</h3><table class="result"></table><p class="totop"><a href="#summary">back to summary</a></p><h3 id="m31">es.unileon.sonarqube.sedcat.scanners.MutationsReportFinderTests#findReportNull</h3><table class="result"></table><p class="totop"><a href="#summary">back to summary</a></p><h3 id="m32">es.unileon.sonarqube.sedcat.scanners.MutationsReportFinderTests#findReportNullDirectory</h3><table class="result"></table><p class="totop"><a href="#summary">back to summary</a></p><h3 id="m33">es.unileon.sonarqube.sedcat.scanners.MutationsReportParserTests#parseReportDirectory</h3><table class="result"></table><p class="totop"><a href="#summary">back to summary</a></p><h3 id="m34">es.unileon.sonarqube.sedcat.scanners.MutationsReportParserTests#parseReportEmpty</h3><table class="result"></table><p class="totop"><a href="#summary">back to summary</a></p><h3 id="m35">es.unileon.sonarqube.sedcat.scanners.MutationsReportParserTests#parseReportNotExists</h3><table class="result"></table><p class="totop"><a href="#summary">back to summary</a></p><h3 id="m36">es.unileon.sonarqube.sedcat.scanners.MutationsReportParserTests#parseReportNull</h3><table class="result"></table><p class="totop"><a href="#summary">back to summary</a></p><h3 id="m37">es.unileon.sonarqube.sedcat.scanners.MutationsReportParserTests#parseReportWithCoverageLedgendButNotText</h3><table class="result"></table><p class="totop"><a href="#summary">back to summary</a></p><h3 id="m38">es.unileon.sonarqube.sedcat.scanners.MutationsReportParserTests#parseReportWithNotEnoughTdElements</h3><table class="result"></table><p class="totop"><a href="#summary">back to summary</a></p><h3 id="m39">es.unileon.sonarqube.sedcat.scanners.MutationsReportParserTests#parseReportWithoutCoverageLedgend</h3><table class="result"></table><p class="totop"><a href="#summary">back to summary</a></p><h3 id="m40">es.unileon.sonarqube.sedcat.scanners.MutationsReportParserTests#parseReportWithoutTdElements</h3><table class="result"></table><p class="totop"><a href="#summary">back to summary</a></p><h3 id="m41">es.unileon.sonarqube.sedcat.scanners.NumberCodeLinesComputerTests#compute_Null_Measure</h3><table class="result"></table><p class="totop"><a href="#summary">back to summary</a></p><h3 id="m42">es.unileon.sonarqube.sedcat.scanners.NumberCodeLinesComputerTests#compute_notNull_Measure_File</h3><table class="result"></table><p class="totop"><a href="#summary">back to summary</a></p><h3 id="m43">es.unileon.sonarqube.sedcat.scanners.NumberCodeLinesComputerTests#define_Correct_State</h3><table class="result"></table><p class="totop"><a href="#summary">back to summary</a></p><h3 id="m44">es.unileon.sonarqube.sedcat.scanners.NumberTestsComputerTests#compute_Null_Measure</h3><table class="result"></table><p class="totop"><a href="#summary">back to summary</a></p><h3 id="m45">es.unileon.sonarqube.sedcat.scanners.NumberTestsComputerTests#compute_notNull_Measure</h3><table class="result"></table><p class="totop"><a href="#summary">back to summary</a></p><h3 id="m46">es.unileon.sonarqube.sedcat.scanners.NumberTestsComputerTests#define_Correct_State</h3><table class="result"></table><p class="totop"><a href="#summary">back to summary</a></p><h3 id="m47">es.unileon.sonarqube.sedcat.scanners.SuccessUnitTestsComputerTests#compute_Null_Measure</h3><table class="result"></table><p class="totop"><a href="#summary">back to summary</a></p><h3 id="m48">es.unileon.sonarqube.sedcat.scanners.SuccessUnitTestsComputerTests#compute_notNull_Measure</h3><table class="result"></table><p class="totop"><a href="#summary">back to summary</a></p><h3 id="m49">es.unileon.sonarqube.sedcat.scanners.SuccessUnitTestsComputerTests#define_Correct_State</h3><table class="result"></table><p class="totop"><a href="#summary">back to summary</a></p><h3 id="m50">es.unileon.sonarqube.sedcat.start.SedcatMetricsTests#testGetMetrics</h3><table class="result"></table><p class="totop"><a href="#summary">back to summary</a></p><h3 id="m51">es.unileon.sonarqube.sedcat.start.SedcatPluginTests#testGetExtensions</h3><table class="result"></table><p class="totop"><a href="#summary">back to summary</a></p><h3 id="m52">es.unileon.sonarqube.sedcat.storage.ActionsMeasureStoreTests#testCheckOutputDataSetEmpty</h3><table class="result"></table><p class="totop"><a href="#summary">back to summary</a></p><h3 id="m53">es.unileon.sonarqube.sedcat.storage.ActionsMeasureStoreTests#testCheckOutputDataSetNotAllowedAbove</h3><table class="result"></table><p class="totop"><a href="#summary">back to summary</a></p><h3 id="m54">es.unileon.sonarqube.sedcat.storage.ActionsMeasureStoreTests#testCheckOutputDataSetNotAllowedUnder</h3><table class="result"></table><p class="totop"><a href="#summary">back to summary</a></p><h3 id="m55">es.unileon.sonarqube.sedcat.storage.ActionsMeasureStoreTests#testCheckOutputDataSetNull</h3><table class="result"></table><p class="totop"><a href="#summary">back to summary</a></p><h3 id="m56">es.unileon.sonarqube.sedcat.storage.ActionsMeasureStoreTests#testCheckOutputDataSetOk</h3><table class="result"></table><p class="totop"><a href="#summary">back to summary</a></p><h3 id="m57">es.unileon.sonarqube.sedcat.storage.ActionsMeasureStoreTests#testOutputMeasureStore</h3><table class="result"></table><p class="totop"><a href="#summary">back to summary</a></p><h3 id="m58">es.unileon.sonarqube.sedcat.storage.ActionsMeasureStoreTests#testSaveMeasure</h3><table class="result"></table><p class="totop"><a href="#summary">back to summary</a></p><h3 id="m59">es.unileon.sonarqube.sedcat.storage.ActionsMeasureStoreTests#testloadPropertiesNull</h3><table class="result"></table><p class="totop"><a href="#summary">back to summary</a></p><h3 id="m60">es.unileon.sonarqube.sedcat.storage.ActionsMeasureStoreTests#testloadPropertiesOk</h3><table class="result"></table><p class="totop"><a href="#summary">back to summary</a></p><h3 id="m61">es.unileon.sonarqube.sedcat.storage.QualityMeasureStoreTests#testCheckOutputDataSetEmpty</h3><table class="result"></table><p class="totop"><a href="#summary">back to summary</a></p><h3 id="m62">es.unileon.sonarqube.sedcat.storage.QualityMeasureStoreTests#testCheckOutputDataSetNotAllowedAbove</h3><table class="result"></table><p class="totop"><a href="#summary">back to summary</a></p><h3 id="m63">es.unileon.sonarqube.sedcat.storage.QualityMeasureStoreTests#testCheckOutputDataSetNotAllowedUnder</h3><table class="result"></table><p class="totop"><a href="#summary">back to summary</a></p><h3 id="m64">es.unileon.sonarqube.sedcat.storage.QualityMeasureStoreTests#testCheckOutputDataSetNull</h3><table class="result"></table><p class="totop"><a href="#summary">back to summary</a></p><h3 id="m65">es.unileon.sonarqube.sedcat.storage.QualityMeasureStoreTests#testCheckOutputDataSetOk</h3><table class="result"></table><p class="totop"><a href="#summary">back to summary</a></p><h3 id="m66">es.unileon.sonarqube.sedcat.storage.QualityMeasureStoreTests#testOutputMeasureStore</h3><table class="result"></table><p class="totop"><a href="#summary">back to summary</a></p><h3 id="m67">es.unileon.sonarqube.sedcat.storage.QualityMeasureStoreTests#testSaveMeasure</h3><table class="result"></table><p class="totop"><a href="#summary">back to summary</a></p><h3 id="m68">es.unileon.sonarqube.sedcat.strategies.ExpertSystemActionsTests#testCheckNotNullInputMetricsNull</h3><table class="result"></table><p class="totop"><a href="#summary">back to summary</a></p><h3 id="m69">es.unileon.sonarqube.sedcat.strategies.ExpertSystemQualityTests#testCheckNotNullInputMetricsNull</h3><table class="result"></table><p class="totop"><a href="#summary">back to summary</a></p><h3 id="m70">es.unileon.sonarqube.sedcat.strategies.ExpertSystemQualityTests#testExpertSystemQuality</h3><table class="result"></table><p class="totop"><a href="#summary">back to summary</a></p><h3 id="m71">es.unileon.sonarqube.sedcat.xfuzzy.ActionsTests#testCrispInferenceDoubleArray</h3><table class="result"></table><p class="totop"><a href="#summary">back to summary</a></p><h3 id="m72">es.unileon.sonarqube.sedcat.xfuzzy.ActionsTests#testCrispInferenceDoubleArrayOnLimits_Above</h3><table class="result"></table><p class="totop"><a href="#summary">back to summary</a></p><h3 id="m73">es.unileon.sonarqube.sedcat.xfuzzy.ActionsTests#testCrispInferenceDoubleArrayOnLimits_Under</h3><table class="result"></table><p class="totop"><a href="#summary">back to summary</a></p><h3 id="m74">es.unileon.sonarqube.sedcat.xfuzzy.QualityTests#testCrispInferenceDoubleArray</h3><table class="result"></table><p class="totop"><a href="#summary">back to summary</a></p><h3 id="m75">es.unileon.sonarqube.sedcat.xfuzzy.QualityTests#testCrispInferenceDoubleArrayOnLimits_Above</h3><table class="result"></table><p class="totop"><a href="#summary">back to summary</a></p><h3 id="m76">es.unileon.sonarqube.sedcat.xfuzzy.QualityTests#testCrispInferenceDoubleArrayOnLimits_Under</h3><table class="result"></table><p class="totop"><a href="#summary">back to summary</a></p></body></html>