<!DOCTYPE html>

<html>
  <head>
  <meta charset='utf-8'>
  <title>TestNG reports</title>

    <link type="text/css" href="testng-reports.css" rel="stylesheet" />  
    <script type="text/javascript" src="jquery-1.7.1.min.js"></script>
    <script type="text/javascript" src="testng-reports.js"></script>
    <script type="text/javascript" src="https://www.google.com/jsapi"></script>
    <script type='text/javascript'>
      google.load('visualization', '1', {packages:['table']});
      google.setOnLoadCallback(drawTable);
      var suiteTableInitFunctions = new Array();
      var suiteTableData = new Array();
    </script>
    <!--
      <script type="text/javascript" src="jquery-ui/js/jquery-ui-1.8.16.custom.min.js"></script>
     -->
  </head>

  <body>
    <div class="top-banner-root">
      <span class="top-banner-title-font">Test results</span>
      <br/>
      <span class="top-banner-font-1">1 suite, 9 failed tests</span>
    </div> <!-- top-banner-root -->
    <div class="navigator-root">
      <div class="navigator-suite-header">
        <span>All suites</span>
        <a href="#" class="collapse-all-link" title="Collapse/expand all the suites">
          <img class="collapse-all-icon" src="collapseall.gif">
          </img> <!-- collapse-all-icon -->
        </a> <!-- collapse-all-link -->
      </div> <!-- navigator-suite-header -->
      <div class="suite">
        <div class="rounded-window">
          <div class="suite-header light-rounded-window-top">
            <a href="#" class="navigator-link" panel-name="suite-Suite">
              <span class="suite-name border-failed">Suite</span>
            </a> <!-- navigator-link -->
          </div> <!-- suite-header light-rounded-window-top -->
          <div class="navigator-suite-content">
            <div class="suite-section-title">
              <span>Info</span>
            </div> <!-- suite-section-title -->
            <div class="suite-section-content">
              <ul>
                <li>
                  <a href="#" class="navigator-link " panel-name="test-xml-Suite">
                    <span>testng.xml</span>
                  </a> <!-- navigator-link  -->
                </li>
                <li>
                  <a href="#" class="navigator-link " panel-name="testlist-Suite">
                    <span class="test-stats">2 tests</span>
                  </a> <!-- navigator-link  -->
                </li>
                <li>
                  <a href="#" class="navigator-link " panel-name="group-Suite">
                    <span>0 groups</span>
                  </a> <!-- navigator-link  -->
                </li>
                <li>
                  <a href="#" class="navigator-link " panel-name="times-Suite">
                    <span>Times</span>
                  </a> <!-- navigator-link  -->
                </li>
                <li>
                  <a href="#" class="navigator-link " panel-name="reporter-Suite">
                    <span>Reporter output</span>
                  </a> <!-- navigator-link  -->
                </li>
                <li>
                  <a href="#" class="navigator-link " panel-name="ignored-methods-Suite">
                    <span>Ignored methods</span>
                  </a> <!-- navigator-link  -->
                </li>
                <li>
                  <a href="#" class="navigator-link " panel-name="chronological-Suite">
                    <span>Chronological view</span>
                  </a> <!-- navigator-link  -->
                </li>
              </ul>
            </div> <!-- suite-section-content -->
            <div class="result-section">
              <div class="suite-section-title">
                <span>Results</span>
              </div> <!-- suite-section-title -->
              <div class="suite-section-content">
                <ul>
                  <li>
                    <span class="method-stats">77 methods, 9 failed,  11 skipped,  57 passed</span>
                  </li>
                  <li>
                    <span class="method-list-title failed">Failed methods</span>
                    <span class="show-or-hide-methods failed">
                      <a href="#" panel-name="suite-Suite" class="hide-methods failed suite-Suite"> (hide)</a> <!-- hide-methods failed suite-Suite -->
                      <a href="#" panel-name="suite-Suite" class="show-methods failed suite-Suite"> (show)</a> <!-- show-methods failed suite-Suite -->
                    </span>
                    <div class="method-list-content failed suite-Suite">
                      <span>
                        <img width="3%" src="failed.png"/>
                        <a href="#" class="method navigator-link" panel-name="suite-Suite" title="es.unileon.sonarqube.sedcat.scanners.MutationsReportFinderTests" hash-for-method="findReportDirectoryWithDirectoriesAndEmptyReport">findReportDirectoryWithDirectoriesAndEmptyReport</a> <!-- method navigator-link -->
                      </span>
                      <br/>
                      <span>
                        <img width="3%" src="failed.png"/>
                        <a href="#" class="method navigator-link" panel-name="suite-Suite" title="es.unileon.sonarqube.sedcat.scanners.MutationsReportFinderTests" hash-for-method="findReportDirectoryWithDirectoriesAndReport">findReportDirectoryWithDirectoriesAndReport</a> <!-- method navigator-link -->
                      </span>
                      <br/>
                      <span>
                        <img width="3%" src="failed.png"/>
                        <a href="#" class="method navigator-link" panel-name="suite-Suite" title="es.unileon.sonarqube.sedcat.scanners.MutationsReportParserTests" hash-for-method="parseReportOk">parseReportOk</a> <!-- method navigator-link -->
                      </span>
                      <br/>
                      <span>
                        <img width="3%" src="failed.png"/>
                        <a href="#" class="method navigator-link" panel-name="suite-Suite" title="es.unileon.sonarqube.sedcat.strategies.ExpertSystemQualityTests" hash-for-method="testCheckNotNullInputMetricsOk">testCheckNotNullInputMetricsOk</a> <!-- method navigator-link -->
                      </span>
                      <br/>
                      <span>
                        <img width="3%" src="failed.png"/>
                        <a href="#" class="method navigator-link" panel-name="suite-Suite" title="es.unileon.sonarqube.sedcat.strategies.ExpertSystemActionsTests" hash-for-method="testCheckNotNullInputMetricsOk">testCheckNotNullInputMetricsOk</a> <!-- method navigator-link -->
                      </span>
                      <br/>
                      <span>
                        <img width="3%" src="failed.png"/>
                        <a href="#" class="method navigator-link" panel-name="suite-Suite" title="es.unileon.sonarqube.sedcat.strategies.ExpertSystemActionsTests" hash-for-method="testExtractValues">testExtractValues</a> <!-- method navigator-link -->
                      </span>
                      <br/>
                      <span>
                        <img width="3%" src="failed.png"/>
                        <a href="#" class="method navigator-link" panel-name="suite-Suite" title="es.unileon.sonarqube.sedcat.strategies.ExpertSystemQualityTests" hash-for-method="testExtractValues">testExtractValues</a> <!-- method navigator-link -->
                      </span>
                      <br/>
                      <span>
                        <img width="3%" src="failed.png"/>
                        <a href="#" class="method navigator-link" panel-name="suite-Suite" title="es.unileon.sonarqube.sedcat.strategies.ExpertSystemQualityTests" hash-for-method="testXfuzzyProcessBehaviour">testXfuzzyProcessBehaviour</a> <!-- method navigator-link -->
                      </span>
                      <br/>
                      <span>
                        <img width="3%" src="failed.png"/>
                        <a href="#" class="method navigator-link" panel-name="suite-Suite" title="es.unileon.sonarqube.sedcat.strategies.ExpertSystemQualityTests" hash-for-method="testXfuzzyProcessState">testXfuzzyProcessState</a> <!-- method navigator-link -->
                      </span>
                      <br/>
                    </div> <!-- method-list-content failed suite-Suite -->
                  </li>
                  <li>
                    <span class="method-list-title skipped">Skipped methods</span>
                    <span class="show-or-hide-methods skipped">
                      <a href="#" panel-name="suite-Suite" class="hide-methods skipped suite-Suite"> (hide)</a> <!-- hide-methods skipped suite-Suite -->
                      <a href="#" panel-name="suite-Suite" class="show-methods skipped suite-Suite"> (show)</a> <!-- show-methods skipped suite-Suite -->
                    </span>
                    <div class="method-list-content skipped suite-Suite">
                      <span>
                        <img width="3%" src="skipped.png"/>
                        <a href="#" class="method navigator-link" panel-name="suite-Suite" title="es.unileon.sonarqube.sedcat.strategies.ExpertSystemActionsTests" hash-for-method="testExpertSystemActions">testExpertSystemActions</a> <!-- method navigator-link -->
                      </span>
                      <br/>
                      <span>
                        <img width="3%" src="skipped.png"/>
                        <a href="#" class="method navigator-link" panel-name="suite-Suite" title="es.unileon.sonarqube.sedcat.strategies.ExpertSystemActionsTests" hash-for-method="testXfuzzyProcessBehaviour">testXfuzzyProcessBehaviour</a> <!-- method navigator-link -->
                      </span>
                      <br/>
                      <span>
                        <img width="3%" src="skipped.png"/>
                        <a href="#" class="method navigator-link" panel-name="suite-Suite" title="es.unileon.sonarqube.sedcat.strategies.ExpertSystemActionsTests" hash-for-method="testXfuzzyProcessState">testXfuzzyProcessState</a> <!-- method navigator-link -->
                      </span>
                      <br/>
                      <span>
                        <img width="3%" src="skipped.png"/>
                        <a href="#" class="method navigator-link" panel-name="suite-Suite" title="es.unileon.sonarqube.sedcat.start.GeneralComputerTests" hash-for-method="testcompute_Directory_noExecution">testcompute_Directory_noExecution</a> <!-- method navigator-link -->
                      </span>
                      <br/>
                      <span>
                        <img width="3%" src="skipped.png"/>
                        <a href="#" class="method navigator-link" panel-name="suite-Suite" title="es.unileon.sonarqube.sedcat.start.GeneralComputerTests" hash-for-method="testcompute_File_noExecution">testcompute_File_noExecution</a> <!-- method navigator-link -->
                      </span>
                      <br/>
                      <span>
                        <img width="3%" src="skipped.png"/>
                        <a href="#" class="method navigator-link" panel-name="suite-Suite" title="es.unileon.sonarqube.sedcat.start.GeneralComputerTests" hash-for-method="testcompute_Module_noExecution">testcompute_Module_noExecution</a> <!-- method navigator-link -->
                      </span>
                      <br/>
                      <span>
                        <img width="3%" src="skipped.png"/>
                        <a href="#" class="method navigator-link" panel-name="suite-Suite" title="es.unileon.sonarqube.sedcat.start.GeneralComputerTests" hash-for-method="testcompute_Project_Behaviour">testcompute_Project_Behaviour</a> <!-- method navigator-link -->
                      </span>
                      <br/>
                      <span>
                        <img width="3%" src="skipped.png"/>
                        <a href="#" class="method navigator-link" panel-name="suite-Suite" title="es.unileon.sonarqube.sedcat.start.GeneralComputerTests" hash-for-method="testcompute_Project_Execution">testcompute_Project_Execution</a> <!-- method navigator-link -->
                      </span>
                      <br/>
                      <span>
                        <img width="3%" src="skipped.png"/>
                        <a href="#" class="method navigator-link" panel-name="suite-Suite" title="es.unileon.sonarqube.sedcat.start.GeneralComputerTests" hash-for-method="testcompute_Subview_noExecution">testcompute_Subview_noExecution</a> <!-- method navigator-link -->
                      </span>
                      <br/>
                      <span>
                        <img width="3%" src="skipped.png"/>
                        <a href="#" class="method navigator-link" panel-name="suite-Suite" title="es.unileon.sonarqube.sedcat.start.GeneralComputerTests" hash-for-method="testcompute_View_noExecution">testcompute_View_noExecution</a> <!-- method navigator-link -->
                      </span>
                      <br/>
                      <span>
                        <img width="3%" src="skipped.png"/>
                        <a href="#" class="method navigator-link" panel-name="suite-Suite" title="es.unileon.sonarqube.sedcat.start.GeneralComputerTests" hash-for-method="testdefine_Correct_State">testdefine_Correct_State</a> <!-- method navigator-link -->
                      </span>
                      <br/>
                    </div> <!-- method-list-content skipped suite-Suite -->
                  </li>
                  <li>
                    <span class="method-list-title passed">Passed methods</span>
                    <span class="show-or-hide-methods passed">
                      <a href="#" panel-name="suite-Suite" class="hide-methods passed suite-Suite"> (hide)</a> <!-- hide-methods passed suite-Suite -->
                      <a href="#" panel-name="suite-Suite" class="show-methods passed suite-Suite"> (show)</a> <!-- show-methods passed suite-Suite -->
                    </span>
                    <div class="method-list-content passed suite-Suite">
                      <span>
                        <img width="3%" src="passed.png"/>
                        <a href="#" class="method navigator-link" panel-name="suite-Suite" title="es.unileon.sonarqube.sedcat.scanners.NumberTestsComputerTests" hash-for-method="compute_Null_Measure">compute_Null_Measure</a> <!-- method navigator-link -->
                      </span>
                      <br/>
                      <span>
                        <img width="3%" src="passed.png"/>
                        <a href="#" class="method navigator-link" panel-name="suite-Suite" title="es.unileon.sonarqube.sedcat.scanners.NumberCodeLinesComputerTests" hash-for-method="compute_Null_Measure">compute_Null_Measure</a> <!-- method navigator-link -->
                      </span>
                      <br/>
                      <span>
                        <img width="3%" src="passed.png"/>
                        <a href="#" class="method navigator-link" panel-name="suite-Suite" title="es.unileon.sonarqube.sedcat.scanners.SuccessUnitTestsComputerTests" hash-for-method="compute_Null_Measure">compute_Null_Measure</a> <!-- method navigator-link -->
                      </span>
                      <br/>
                      <span>
                        <img width="3%" src="passed.png"/>
                        <a href="#" class="method navigator-link" panel-name="suite-Suite" title="es.unileon.sonarqube.sedcat.scanners.CoverageUnitTestsComputerTests" hash-for-method="compute_Null_Measure">compute_Null_Measure</a> <!-- method navigator-link -->
                      </span>
                      <br/>
                      <span>
                        <img width="3%" src="passed.png"/>
                        <a href="#" class="method navigator-link" panel-name="suite-Suite" title="es.unileon.sonarqube.sedcat.scanners.CoverageUnitTestsComputerTests" hash-for-method="compute_notNull_Measure">compute_notNull_Measure</a> <!-- method navigator-link -->
                      </span>
                      <br/>
                      <span>
                        <img width="3%" src="passed.png"/>
                        <a href="#" class="method navigator-link" panel-name="suite-Suite" title="es.unileon.sonarqube.sedcat.scanners.SuccessUnitTestsComputerTests" hash-for-method="compute_notNull_Measure">compute_notNull_Measure</a> <!-- method navigator-link -->
                      </span>
                      <br/>
                      <span>
                        <img width="3%" src="passed.png"/>
                        <a href="#" class="method navigator-link" panel-name="suite-Suite" title="es.unileon.sonarqube.sedcat.scanners.NumberTestsComputerTests" hash-for-method="compute_notNull_Measure">compute_notNull_Measure</a> <!-- method navigator-link -->
                      </span>
                      <br/>
                      <span>
                        <img width="3%" src="passed.png"/>
                        <a href="#" class="method navigator-link" panel-name="suite-Suite" title="es.unileon.sonarqube.sedcat.scanners.NumberCodeLinesComputerTests" hash-for-method="compute_notNull_Measure_File">compute_notNull_Measure_File</a> <!-- method navigator-link -->
                      </span>
                      <br/>
                      <span>
                        <img width="3%" src="passed.png"/>
                        <a href="#" class="method navigator-link" panel-name="suite-Suite" title="es.unileon.sonarqube.sedcat.scanners.SuccessUnitTestsComputerTests" hash-for-method="define_Correct_State">define_Correct_State</a> <!-- method navigator-link -->
                      </span>
                      <br/>
                      <span>
                        <img width="3%" src="passed.png"/>
                        <a href="#" class="method navigator-link" panel-name="suite-Suite" title="es.unileon.sonarqube.sedcat.scanners.NumberCodeLinesComputerTests" hash-for-method="define_Correct_State">define_Correct_State</a> <!-- method navigator-link -->
                      </span>
                      <br/>
                      <span>
                        <img width="3%" src="passed.png"/>
                        <a href="#" class="method navigator-link" panel-name="suite-Suite" title="es.unileon.sonarqube.sedcat.scanners.NumberTestsComputerTests" hash-for-method="define_Correct_State">define_Correct_State</a> <!-- method navigator-link -->
                      </span>
                      <br/>
                      <span>
                        <img width="3%" src="passed.png"/>
                        <a href="#" class="method navigator-link" panel-name="suite-Suite" title="es.unileon.sonarqube.sedcat.scanners.CoverageUnitTestsComputerTests" hash-for-method="define_Correct_State">define_Correct_State</a> <!-- method navigator-link -->
                      </span>
                      <br/>
                      <span>
                        <img width="3%" src="passed.png"/>
                        <a href="#" class="method navigator-link" panel-name="suite-Suite" title="es.unileon.sonarqube.sedcat.scanners.MutationsReportFinderTests" hash-for-method="findReportDirectoryNotExists">findReportDirectoryNotExists</a> <!-- method navigator-link -->
                      </span>
                      <br/>
                      <span>
                        <img width="3%" src="passed.png"/>
                        <a href="#" class="method navigator-link" panel-name="suite-Suite" title="es.unileon.sonarqube.sedcat.scanners.MutationsReportFinderTests" hash-for-method="findReportDirectoryWithDirectoriesAndNoReport">findReportDirectoryWithDirectoriesAndNoReport</a> <!-- method navigator-link -->
                      </span>
                      <br/>
                      <span>
                        <img width="3%" src="passed.png"/>
                        <a href="#" class="method navigator-link" panel-name="suite-Suite" title="es.unileon.sonarqube.sedcat.scanners.MutationsReportFinderTests" hash-for-method="findReportEmptyDirectory">findReportEmptyDirectory</a> <!-- method navigator-link -->
                      </span>
                      <br/>
                      <span>
                        <img width="3%" src="passed.png"/>
                        <a href="#" class="method navigator-link" panel-name="suite-Suite" title="es.unileon.sonarqube.sedcat.scanners.MutationsReportFinderTests" hash-for-method="findReportNotDirectory">findReportNotDirectory</a> <!-- method navigator-link -->
                      </span>
                      <br/>
                      <span>
                        <img width="3%" src="passed.png"/>
                        <a href="#" class="method navigator-link" panel-name="suite-Suite" title="es.unileon.sonarqube.sedcat.scanners.MutationsReportFinderTests" hash-for-method="findReportNull">findReportNull</a> <!-- method navigator-link -->
                      </span>
                      <br/>
                      <span>
                        <img width="3%" src="passed.png"/>
                        <a href="#" class="method navigator-link" panel-name="suite-Suite" title="es.unileon.sonarqube.sedcat.scanners.MutationsReportFinderTests" hash-for-method="findReportNullDirectory">findReportNullDirectory</a> <!-- method navigator-link -->
                      </span>
                      <br/>
                      <span>
                        <img width="3%" src="passed.png"/>
                        <a href="#" class="method navigator-link" panel-name="suite-Suite" title="es.unileon.sonarqube.sedcat.scanners.MutationsReportParserTests" hash-for-method="parseReportDirectory">parseReportDirectory</a> <!-- method navigator-link -->
                      </span>
                      <br/>
                      <span>
                        <img width="3%" src="passed.png"/>
                        <a href="#" class="method navigator-link" panel-name="suite-Suite" title="es.unileon.sonarqube.sedcat.scanners.MutationsReportParserTests" hash-for-method="parseReportEmpty">parseReportEmpty</a> <!-- method navigator-link -->
                      </span>
                      <br/>
                      <span>
                        <img width="3%" src="passed.png"/>
                        <a href="#" class="method navigator-link" panel-name="suite-Suite" title="es.unileon.sonarqube.sedcat.scanners.MutationsReportParserTests" hash-for-method="parseReportNotExists">parseReportNotExists</a> <!-- method navigator-link -->
                      </span>
                      <br/>
                      <span>
                        <img width="3%" src="passed.png"/>
                        <a href="#" class="method navigator-link" panel-name="suite-Suite" title="es.unileon.sonarqube.sedcat.scanners.MutationsReportParserTests" hash-for-method="parseReportNull">parseReportNull</a> <!-- method navigator-link -->
                      </span>
                      <br/>
                      <span>
                        <img width="3%" src="passed.png"/>
                        <a href="#" class="method navigator-link" panel-name="suite-Suite" title="es.unileon.sonarqube.sedcat.scanners.MutationsReportParserTests" hash-for-method="parseReportWithCoverageLedgendButNotText">parseReportWithCoverageLedgendButNotText</a> <!-- method navigator-link -->
                      </span>
                      <br/>
                      <span>
                        <img width="3%" src="passed.png"/>
                        <a href="#" class="method navigator-link" panel-name="suite-Suite" title="es.unileon.sonarqube.sedcat.scanners.MutationsReportParserTests" hash-for-method="parseReportWithNotEnoughTdElements">parseReportWithNotEnoughTdElements</a> <!-- method navigator-link -->
                      </span>
                      <br/>
                      <span>
                        <img width="3%" src="passed.png"/>
                        <a href="#" class="method navigator-link" panel-name="suite-Suite" title="es.unileon.sonarqube.sedcat.scanners.MutationsReportParserTests" hash-for-method="parseReportWithoutCoverageLedgend">parseReportWithoutCoverageLedgend</a> <!-- method navigator-link -->
                      </span>
                      <br/>
                      <span>
                        <img width="3%" src="passed.png"/>
                        <a href="#" class="method navigator-link" panel-name="suite-Suite" title="es.unileon.sonarqube.sedcat.scanners.MutationsReportParserTests" hash-for-method="parseReportWithoutTdElements">parseReportWithoutTdElements</a> <!-- method navigator-link -->
                      </span>
                      <br/>
                      <span>
                        <img width="3%" src="passed.png"/>
                        <a href="#" class="method navigator-link" panel-name="suite-Suite" title="es.unileon.sonarqube.sedcat.scanners.MutationsCoverageSensorTests" hash-for-method="testAnalyseWithMultipleReport">testAnalyseWithMultipleReport</a> <!-- method navigator-link -->
                      </span>
                      <br/>
                      <span>
                        <img width="3%" src="passed.png"/>
                        <a href="#" class="method navigator-link" panel-name="suite-Suite" title="es.unileon.sonarqube.sedcat.scanners.MutationsCoverageSensorTests" hash-for-method="testAnalyseWithNullReport">testAnalyseWithNullReport</a> <!-- method navigator-link -->
                      </span>
                      <br/>
                      <span>
                        <img width="3%" src="passed.png"/>
                        <a href="#" class="method navigator-link" panel-name="suite-Suite" title="es.unileon.sonarqube.sedcat.scanners.MutationsCoverageSensorTests" hash-for-method="testAnalyseWithReport">testAnalyseWithReport</a> <!-- method navigator-link -->
                      </span>
                      <br/>
                      <span>
                        <img width="3%" src="passed.png"/>
                        <a href="#" class="method navigator-link" panel-name="suite-Suite" title="es.unileon.sonarqube.sedcat.scanners.MutationsCoverageSensorTests" hash-for-method="testAnalyseWithReportParserNull">testAnalyseWithReportParserNull</a> <!-- method navigator-link -->
                      </span>
                      <br/>
                      <span>
                        <img width="3%" src="passed.png"/>
                        <a href="#" class="method navigator-link" panel-name="suite-Suite" title="es.unileon.sonarqube.sedcat.strategies.ExpertSystemActionsTests" hash-for-method="testCheckNotNullInputMetricsNull">testCheckNotNullInputMetricsNull</a> <!-- method navigator-link -->
                      </span>
                      <br/>
                      <span>
                        <img width="3%" src="passed.png"/>
                        <a href="#" class="method navigator-link" panel-name="suite-Suite" title="es.unileon.sonarqube.sedcat.strategies.ExpertSystemQualityTests" hash-for-method="testCheckNotNullInputMetricsNull">testCheckNotNullInputMetricsNull</a> <!-- method navigator-link -->
                      </span>
                      <br/>
                      <span>
                        <img width="3%" src="passed.png"/>
                        <a href="#" class="method navigator-link" panel-name="suite-Suite" title="es.unileon.sonarqube.sedcat.storage.ActionsMeasureStoreTests" hash-for-method="testCheckOutputDataSetEmpty">testCheckOutputDataSetEmpty</a> <!-- method navigator-link -->
                      </span>
                      <br/>
                      <span>
                        <img width="3%" src="passed.png"/>
                        <a href="#" class="method navigator-link" panel-name="suite-Suite" title="es.unileon.sonarqube.sedcat.storage.QualityMeasureStoreTests" hash-for-method="testCheckOutputDataSetEmpty">testCheckOutputDataSetEmpty</a> <!-- method navigator-link -->
                      </span>
                      <br/>
                      <span>
                        <img width="3%" src="passed.png"/>
                        <a href="#" class="method navigator-link" panel-name="suite-Suite" title="es.unileon.sonarqube.sedcat.storage.ActionsMeasureStoreTests" hash-for-method="testCheckOutputDataSetNotAllowedAbove">testCheckOutputDataSetNotAllowedAbove</a> <!-- method navigator-link -->
                      </span>
                      <br/>
                      <span>
                        <img width="3%" src="passed.png"/>
                        <a href="#" class="method navigator-link" panel-name="suite-Suite" title="es.unileon.sonarqube.sedcat.storage.QualityMeasureStoreTests" hash-for-method="testCheckOutputDataSetNotAllowedAbove">testCheckOutputDataSetNotAllowedAbove</a> <!-- method navigator-link -->
                      </span>
                      <br/>
                      <span>
                        <img width="3%" src="passed.png"/>
                        <a href="#" class="method navigator-link" panel-name="suite-Suite" title="es.unileon.sonarqube.sedcat.storage.ActionsMeasureStoreTests" hash-for-method="testCheckOutputDataSetNotAllowedUnder">testCheckOutputDataSetNotAllowedUnder</a> <!-- method navigator-link -->
                      </span>
                      <br/>
                      <span>
                        <img width="3%" src="passed.png"/>
                        <a href="#" class="method navigator-link" panel-name="suite-Suite" title="es.unileon.sonarqube.sedcat.storage.QualityMeasureStoreTests" hash-for-method="testCheckOutputDataSetNotAllowedUnder">testCheckOutputDataSetNotAllowedUnder</a> <!-- method navigator-link -->
                      </span>
                      <br/>
                      <span>
                        <img width="3%" src="passed.png"/>
                        <a href="#" class="method navigator-link" panel-name="suite-Suite" title="es.unileon.sonarqube.sedcat.storage.ActionsMeasureStoreTests" hash-for-method="testCheckOutputDataSetNull">testCheckOutputDataSetNull</a> <!-- method navigator-link -->
                      </span>
                      <br/>
                      <span>
                        <img width="3%" src="passed.png"/>
                        <a href="#" class="method navigator-link" panel-name="suite-Suite" title="es.unileon.sonarqube.sedcat.storage.QualityMeasureStoreTests" hash-for-method="testCheckOutputDataSetNull">testCheckOutputDataSetNull</a> <!-- method navigator-link -->
                      </span>
                      <br/>
                      <span>
                        <img width="3%" src="passed.png"/>
                        <a href="#" class="method navigator-link" panel-name="suite-Suite" title="es.unileon.sonarqube.sedcat.storage.ActionsMeasureStoreTests" hash-for-method="testCheckOutputDataSetOk">testCheckOutputDataSetOk</a> <!-- method navigator-link -->
                      </span>
                      <br/>
                      <span>
                        <img width="3%" src="passed.png"/>
                        <a href="#" class="method navigator-link" panel-name="suite-Suite" title="es.unileon.sonarqube.sedcat.storage.QualityMeasureStoreTests" hash-for-method="testCheckOutputDataSetOk">testCheckOutputDataSetOk</a> <!-- method navigator-link -->
                      </span>
                      <br/>
                      <span>
                        <img width="3%" src="passed.png"/>
                        <a href="#" class="method navigator-link" panel-name="suite-Suite" title="es.unileon.sonarqube.sedcat.xfuzzy.ActionsTests" hash-for-method="testCrispInferenceDoubleArray">testCrispInferenceDoubleArray</a> <!-- method navigator-link -->
                      </span>
                      <br/>
                      <span>
                        <img width="3%" src="passed.png"/>
                        <a href="#" class="method navigator-link" panel-name="suite-Suite" title="es.unileon.sonarqube.sedcat.xfuzzy.QualityTests" hash-for-method="testCrispInferenceDoubleArray">testCrispInferenceDoubleArray</a> <!-- method navigator-link -->
                      </span>
                      <br/>
                      <span>
                        <img width="3%" src="passed.png"/>
                        <a href="#" class="method navigator-link" panel-name="suite-Suite" title="es.unileon.sonarqube.sedcat.xfuzzy.QualityTests" hash-for-method="testCrispInferenceDoubleArrayOnLimits_Above">testCrispInferenceDoubleArrayOnLimits_Above</a> <!-- method navigator-link -->
                      </span>
                      <br/>
                      <span>
                        <img width="3%" src="passed.png"/>
                        <a href="#" class="method navigator-link" panel-name="suite-Suite" title="es.unileon.sonarqube.sedcat.xfuzzy.ActionsTests" hash-for-method="testCrispInferenceDoubleArrayOnLimits_Above">testCrispInferenceDoubleArrayOnLimits_Above</a> <!-- method navigator-link -->
                      </span>
                      <br/>
                      <span>
                        <img width="3%" src="passed.png"/>
                        <a href="#" class="method navigator-link" panel-name="suite-Suite" title="es.unileon.sonarqube.sedcat.xfuzzy.QualityTests" hash-for-method="testCrispInferenceDoubleArrayOnLimits_Under">testCrispInferenceDoubleArrayOnLimits_Under</a> <!-- method navigator-link -->
                      </span>
                      <br/>
                      <span>
                        <img width="3%" src="passed.png"/>
                        <a href="#" class="method navigator-link" panel-name="suite-Suite" title="es.unileon.sonarqube.sedcat.xfuzzy.ActionsTests" hash-for-method="testCrispInferenceDoubleArrayOnLimits_Under">testCrispInferenceDoubleArrayOnLimits_Under</a> <!-- method navigator-link -->
                      </span>
                      <br/>
                      <span>
                        <img width="3%" src="passed.png"/>
                        <a href="#" class="method navigator-link" panel-name="suite-Suite" title="es.unileon.sonarqube.sedcat.strategies.ExpertSystemQualityTests" hash-for-method="testExpertSystemQuality">testExpertSystemQuality</a> <!-- method navigator-link -->
                      </span>
                      <br/>
                      <span>
                        <img width="3%" src="passed.png"/>
                        <a href="#" class="method navigator-link" panel-name="suite-Suite" title="es.unileon.sonarqube.sedcat.start.SedcatPluginTests" hash-for-method="testGetExtensions">testGetExtensions</a> <!-- method navigator-link -->
                      </span>
                      <br/>
                      <span>
                        <img width="3%" src="passed.png"/>
                        <a href="#" class="method navigator-link" panel-name="suite-Suite" title="es.unileon.sonarqube.sedcat.start.SedcatMetricsTests" hash-for-method="testGetMetrics">testGetMetrics</a> <!-- method navigator-link -->
                      </span>
                      <br/>
                      <span>
                        <img width="3%" src="passed.png"/>
                        <a href="#" class="method navigator-link" panel-name="suite-Suite" title="es.unileon.sonarqube.sedcat.storage.QualityMeasureStoreTests" hash-for-method="testOutputMeasureStore">testOutputMeasureStore</a> <!-- method navigator-link -->
                      </span>
                      <br/>
                      <span>
                        <img width="3%" src="passed.png"/>
                        <a href="#" class="method navigator-link" panel-name="suite-Suite" title="es.unileon.sonarqube.sedcat.storage.ActionsMeasureStoreTests" hash-for-method="testOutputMeasureStore">testOutputMeasureStore</a> <!-- method navigator-link -->
                      </span>
                      <br/>
                      <span>
                        <img width="3%" src="passed.png"/>
                        <a href="#" class="method navigator-link" panel-name="suite-Suite" title="es.unileon.sonarqube.sedcat.storage.QualityMeasureStoreTests" hash-for-method="testSaveMeasure">testSaveMeasure</a> <!-- method navigator-link -->
                      </span>
                      <br/>
                      <span>
                        <img width="3%" src="passed.png"/>
                        <a href="#" class="method navigator-link" panel-name="suite-Suite" title="es.unileon.sonarqube.sedcat.storage.ActionsMeasureStoreTests" hash-for-method="testSaveMeasure">testSaveMeasure</a> <!-- method navigator-link -->
                      </span>
                      <br/>
                      <span>
                        <img width="3%" src="passed.png"/>
                        <a href="#" class="method navigator-link" panel-name="suite-Suite" title="es.unileon.sonarqube.sedcat.storage.ActionsMeasureStoreTests" hash-for-method="testloadPropertiesNull">testloadPropertiesNull</a> <!-- method navigator-link -->
                      </span>
                      <br/>
                      <span>
                        <img width="3%" src="passed.png"/>
                        <a href="#" class="method navigator-link" panel-name="suite-Suite" title="es.unileon.sonarqube.sedcat.storage.ActionsMeasureStoreTests" hash-for-method="testloadPropertiesOk">testloadPropertiesOk</a> <!-- method navigator-link -->
                      </span>
                      <br/>
                    </div> <!-- method-list-content passed suite-Suite -->
                  </li>
                </ul>
              </div> <!-- suite-section-content -->
            </div> <!-- result-section -->
          </div> <!-- navigator-suite-content -->
        </div> <!-- rounded-window -->
      </div> <!-- suite -->
    </div> <!-- navigator-root -->
    <div class="wrapper">
      <div class="main-panel-root">
        <div panel-name="suite-Suite" class="panel Suite">
          <div class="suite-Suite-class-failed">
            <div class="main-panel-header rounded-window-top">
              <img src="failed.png"/>
              <span class="class-name">es.unileon.sonarqube.sedcat.strategies.ExpertSystemQualityTests</span>
            </div> <!-- main-panel-header rounded-window-top -->
            <div class="main-panel-content rounded-window-bottom">
              <div class="method">
                <div class="method-content">
                  <a name="testCheckNotNullInputMetricsOk">
                  </a> <!-- testCheckNotNullInputMetricsOk -->
                  <span class="method-name">testCheckNotNullInputMetricsOk</span>
                  <div class="stack-trace">java.lang.IllegalArgumentException: Only metrics in [quality_measure, actions_to_realize] can be used to add measures. Metric &apos;success_unit_tests&apos; is not allowed.
	at org.sonar.api.internal.google.common.base.Preconditions.checkArgument(Preconditions.java:148)
	at org.sonar.api.ce.measure.test.TestMeasureComputerContext.validateAddMeasure(TestMeasureComputerContext.java:172)
	at org.sonar.api.ce.measure.test.TestMeasureComputerContext.addMeasure(TestMeasureComputerContext.java:98)
	at es.unileon.sonarqube.sedcat.strategies.ExpertSystemQualityTests.testCheckNotNullInputMetricsOk(ExpertSystemQualityTests.java:111)
	at org.junit.internal.runners.TestMethod.invoke(TestMethod.java:68)
	at org.powermock.modules.junit4.internal.impl.PowerMockJUnit44RunnerDelegateImpl$PowerMockJUnit44MethodRunner.runTestMethod(PowerMockJUnit44RunnerDelegateImpl.java:310)
	at org.junit.internal.runners.MethodRoadie$2.run(MethodRoadie.java:89)
	at org.junit.internal.runners.MethodRoadie.runBeforesThenTestThenAfters(MethodRoadie.java:97)
	at org.powermock.modules.junit4.internal.impl.PowerMockJUnit44RunnerDelegateImpl$PowerMockJUnit44MethodRunner.executeTest(PowerMockJUnit44RunnerDelegateImpl.java:294)
	at org.powermock.modules.junit4.internal.impl.PowerMockJUnit47RunnerDelegateImpl$PowerMockJUnit47MethodRunner.executeTestInSuper(PowerMockJUnit47RunnerDelegateImpl.java:127)
	at org.powermock.modules.junit4.internal.impl.PowerMockJUnit47RunnerDelegateImpl$PowerMockJUnit47MethodRunner.access$100(PowerMockJUnit47RunnerDelegateImpl.java:59)
	at org.powermock.modules.junit4.internal.impl.PowerMockJUnit47RunnerDelegateImpl$PowerMockJUnit47MethodRunner$LastRuleTestExecutorStatement.evaluate(PowerMockJUnit47RunnerDelegateImpl.java:148)
	at org.junit.contrib.java.lang.system.ExpectedSystemExit$1.evaluate(ExpectedSystemExit.java:130)
	at org.junit.rules.ExternalResource$1.evaluate(ExternalResource.java:48)
	at org.powermock.modules.junit4.internal.impl.PowerMockJUnit47RunnerDelegateImpl$PowerMockJUnit47MethodRunner.executeTest(PowerMockJUnit47RunnerDelegateImpl.java:91)
	at org.powermock.modules.junit4.internal.impl.PowerMockJUnit44RunnerDelegateImpl$PowerMockJUnit44MethodRunner.runBeforesThenTestThenAfters(PowerMockJUnit44RunnerDelegateImpl.java:282)
	at org.junit.internal.runners.MethodRoadie.runTest(MethodRoadie.java:87)
	at org.junit.internal.runners.MethodRoadie.run(MethodRoadie.java:50)
	at org.powermock.modules.junit4.internal.impl.PowerMockJUnit44RunnerDelegateImpl.invokeTestMethod(PowerMockJUnit44RunnerDelegateImpl.java:207)
	at org.powermock.modules.junit4.internal.impl.PowerMockJUnit44RunnerDelegateImpl.runMethods(PowerMockJUnit44RunnerDelegateImpl.java:146)
	at org.powermock.modules.junit4.internal.impl.PowerMockJUnit44RunnerDelegateImpl$1.run(PowerMockJUnit44RunnerDelegateImpl.java:120)
	at org.junit.internal.runners.ClassRoadie.runUnprotected(ClassRoadie.java:34)
	at org.junit.internal.runners.ClassRoadie.runProtected(ClassRoadie.java:44)
	at org.powermock.modules.junit4.internal.impl.PowerMockJUnit44RunnerDelegateImpl.run(PowerMockJUnit44RunnerDelegateImpl.java:122)
	at org.powermock.modules.junit4.common.internal.impl.JUnit4TestSuiteChunkerImpl.run(JUnit4TestSuiteChunkerImpl.java:106)
	at org.powermock.modules.junit4.common.internal.impl.AbstractCommonPowerMockRunner.run(AbstractCommonPowerMockRunner.java:53)
	at org.powermock.modules.junit4.PowerMockRunner.run(PowerMockRunner.java:59)
	at org.junit.runner.JUnitCore.run(JUnitCore.java:137)
	at org.junit.runner.JUnitCore.run(JUnitCore.java:115)
... Removed 22 stack frames
</div> <!-- stack-trace -->
                </div> <!-- method-content -->
              </div> <!-- method -->
              <div class="method">
                <div class="method-content">
                  <a name="testExtractValues">
                  </a> <!-- testExtractValues -->
                  <span class="method-name">testExtractValues</span>
                  <div class="stack-trace">java.lang.IllegalArgumentException: Only metrics in [quality_measure, actions_to_realize] can be used to add measures. Metric &apos;success_unit_tests&apos; is not allowed.
	at org.sonar.api.internal.google.common.base.Preconditions.checkArgument(Preconditions.java:148)
	at org.sonar.api.ce.measure.test.TestMeasureComputerContext.validateAddMeasure(TestMeasureComputerContext.java:172)
	at org.sonar.api.ce.measure.test.TestMeasureComputerContext.addMeasure(TestMeasureComputerContext.java:98)
	at es.unileon.sonarqube.sedcat.strategies.ExpertSystemQualityTests.testExtractValues(ExpertSystemQualityTests.java:88)
	at org.junit.internal.runners.TestMethod.invoke(TestMethod.java:68)
	at org.powermock.modules.junit4.internal.impl.PowerMockJUnit44RunnerDelegateImpl$PowerMockJUnit44MethodRunner.runTestMethod(PowerMockJUnit44RunnerDelegateImpl.java:310)
	at org.junit.internal.runners.MethodRoadie$2.run(MethodRoadie.java:89)
	at org.junit.internal.runners.MethodRoadie.runBeforesThenTestThenAfters(MethodRoadie.java:97)
	at org.powermock.modules.junit4.internal.impl.PowerMockJUnit44RunnerDelegateImpl$PowerMockJUnit44MethodRunner.executeTest(PowerMockJUnit44RunnerDelegateImpl.java:294)
	at org.powermock.modules.junit4.internal.impl.PowerMockJUnit47RunnerDelegateImpl$PowerMockJUnit47MethodRunner.executeTestInSuper(PowerMockJUnit47RunnerDelegateImpl.java:127)
	at org.powermock.modules.junit4.internal.impl.PowerMockJUnit47RunnerDelegateImpl$PowerMockJUnit47MethodRunner.access$100(PowerMockJUnit47RunnerDelegateImpl.java:59)
	at org.powermock.modules.junit4.internal.impl.PowerMockJUnit47RunnerDelegateImpl$PowerMockJUnit47MethodRunner$LastRuleTestExecutorStatement.evaluate(PowerMockJUnit47RunnerDelegateImpl.java:148)
	at org.junit.contrib.java.lang.system.ExpectedSystemExit$1.evaluate(ExpectedSystemExit.java:130)
	at org.junit.rules.ExternalResource$1.evaluate(ExternalResource.java:48)
	at org.powermock.modules.junit4.internal.impl.PowerMockJUnit47RunnerDelegateImpl$PowerMockJUnit47MethodRunner.executeTest(PowerMockJUnit47RunnerDelegateImpl.java:91)
	at org.powermock.modules.junit4.internal.impl.PowerMockJUnit44RunnerDelegateImpl$PowerMockJUnit44MethodRunner.runBeforesThenTestThenAfters(PowerMockJUnit44RunnerDelegateImpl.java:282)
	at org.junit.internal.runners.MethodRoadie.runTest(MethodRoadie.java:87)
	at org.junit.internal.runners.MethodRoadie.run(MethodRoadie.java:50)
	at org.powermock.modules.junit4.internal.impl.PowerMockJUnit44RunnerDelegateImpl.invokeTestMethod(PowerMockJUnit44RunnerDelegateImpl.java:207)
	at org.powermock.modules.junit4.internal.impl.PowerMockJUnit44RunnerDelegateImpl.runMethods(PowerMockJUnit44RunnerDelegateImpl.java:146)
	at org.powermock.modules.junit4.internal.impl.PowerMockJUnit44RunnerDelegateImpl$1.run(PowerMockJUnit44RunnerDelegateImpl.java:120)
	at org.junit.internal.runners.ClassRoadie.runUnprotected(ClassRoadie.java:34)
	at org.junit.internal.runners.ClassRoadie.runProtected(ClassRoadie.java:44)
	at org.powermock.modules.junit4.internal.impl.PowerMockJUnit44RunnerDelegateImpl.run(PowerMockJUnit44RunnerDelegateImpl.java:122)
	at org.powermock.modules.junit4.common.internal.impl.JUnit4TestSuiteChunkerImpl.run(JUnit4TestSuiteChunkerImpl.java:106)
	at org.powermock.modules.junit4.common.internal.impl.AbstractCommonPowerMockRunner.run(AbstractCommonPowerMockRunner.java:53)
	at org.powermock.modules.junit4.PowerMockRunner.run(PowerMockRunner.java:59)
	at org.junit.runner.JUnitCore.run(JUnitCore.java:137)
	at org.junit.runner.JUnitCore.run(JUnitCore.java:115)
... Removed 22 stack frames
</div> <!-- stack-trace -->
                </div> <!-- method-content -->
              </div> <!-- method -->
              <div class="method">
                <div class="method-content">
                  <a name="testXfuzzyProcessBehaviour">
                  </a> <!-- testXfuzzyProcessBehaviour -->
                  <span class="method-name">testXfuzzyProcessBehaviour</span>
                  <div class="stack-trace">java.lang.IllegalArgumentException: Only metrics in [quality_measure, actions_to_realize] can be used to add measures. Metric &apos;success_unit_tests&apos; is not allowed.
	at org.sonar.api.internal.google.common.base.Preconditions.checkArgument(Preconditions.java:148)
	at org.sonar.api.ce.measure.test.TestMeasureComputerContext.validateAddMeasure(TestMeasureComputerContext.java:172)
	at org.sonar.api.ce.measure.test.TestMeasureComputerContext.addMeasure(TestMeasureComputerContext.java:98)
	at es.unileon.sonarqube.sedcat.strategies.ExpertSystemQualityTests.testXfuzzyProcessBehaviour(ExpertSystemQualityTests.java:171)
	at org.junit.internal.runners.TestMethod.invoke(TestMethod.java:68)
	at org.powermock.modules.junit4.internal.impl.PowerMockJUnit44RunnerDelegateImpl$PowerMockJUnit44MethodRunner.runTestMethod(PowerMockJUnit44RunnerDelegateImpl.java:310)
	at org.junit.internal.runners.MethodRoadie$2.run(MethodRoadie.java:89)
	at org.junit.internal.runners.MethodRoadie.runBeforesThenTestThenAfters(MethodRoadie.java:97)
	at org.powermock.modules.junit4.internal.impl.PowerMockJUnit44RunnerDelegateImpl$PowerMockJUnit44MethodRunner.executeTest(PowerMockJUnit44RunnerDelegateImpl.java:294)
	at org.powermock.modules.junit4.internal.impl.PowerMockJUnit47RunnerDelegateImpl$PowerMockJUnit47MethodRunner.executeTestInSuper(PowerMockJUnit47RunnerDelegateImpl.java:127)
	at org.powermock.modules.junit4.internal.impl.PowerMockJUnit47RunnerDelegateImpl$PowerMockJUnit47MethodRunner.access$100(PowerMockJUnit47RunnerDelegateImpl.java:59)
	at org.powermock.modules.junit4.internal.impl.PowerMockJUnit47RunnerDelegateImpl$PowerMockJUnit47MethodRunner$LastRuleTestExecutorStatement.evaluate(PowerMockJUnit47RunnerDelegateImpl.java:148)
	at org.junit.contrib.java.lang.system.ExpectedSystemExit$1.evaluate(ExpectedSystemExit.java:130)
	at org.junit.rules.ExternalResource$1.evaluate(ExternalResource.java:48)
	at org.powermock.modules.junit4.internal.impl.PowerMockJUnit47RunnerDelegateImpl$PowerMockJUnit47MethodRunner.executeTest(PowerMockJUnit47RunnerDelegateImpl.java:91)
	at org.powermock.modules.junit4.internal.impl.PowerMockJUnit44RunnerDelegateImpl$PowerMockJUnit44MethodRunner.runBeforesThenTestThenAfters(PowerMockJUnit44RunnerDelegateImpl.java:282)
	at org.junit.internal.runners.MethodRoadie.runTest(MethodRoadie.java:87)
	at org.junit.internal.runners.MethodRoadie.run(MethodRoadie.java:50)
	at org.powermock.modules.junit4.internal.impl.PowerMockJUnit44RunnerDelegateImpl.invokeTestMethod(PowerMockJUnit44RunnerDelegateImpl.java:207)
	at org.powermock.modules.junit4.internal.impl.PowerMockJUnit44RunnerDelegateImpl.runMethods(PowerMockJUnit44RunnerDelegateImpl.java:146)
	at org.powermock.modules.junit4.internal.impl.PowerMockJUnit44RunnerDelegateImpl$1.run(PowerMockJUnit44RunnerDelegateImpl.java:120)
	at org.junit.internal.runners.ClassRoadie.runUnprotected(ClassRoadie.java:34)
	at org.junit.internal.runners.ClassRoadie.runProtected(ClassRoadie.java:44)
	at org.powermock.modules.junit4.internal.impl.PowerMockJUnit44RunnerDelegateImpl.run(PowerMockJUnit44RunnerDelegateImpl.java:122)
	at org.powermock.modules.junit4.common.internal.impl.JUnit4TestSuiteChunkerImpl.run(JUnit4TestSuiteChunkerImpl.java:106)
	at org.powermock.modules.junit4.common.internal.impl.AbstractCommonPowerMockRunner.run(AbstractCommonPowerMockRunner.java:53)
	at org.powermock.modules.junit4.PowerMockRunner.run(PowerMockRunner.java:59)
	at org.junit.runner.JUnitCore.run(JUnitCore.java:137)
	at org.junit.runner.JUnitCore.run(JUnitCore.java:115)
... Removed 22 stack frames
</div> <!-- stack-trace -->
                </div> <!-- method-content -->
              </div> <!-- method -->
              <div class="method">
                <div class="method-content">
                  <a name="testXfuzzyProcessState">
                  </a> <!-- testXfuzzyProcessState -->
                  <span class="method-name">testXfuzzyProcessState</span>
                  <div class="stack-trace">java.lang.IllegalArgumentException: Only metrics in [quality_measure, actions_to_realize] can be used to add measures. Metric &apos;success_unit_tests&apos; is not allowed.
	at org.sonar.api.internal.google.common.base.Preconditions.checkArgument(Preconditions.java:148)
	at org.sonar.api.ce.measure.test.TestMeasureComputerContext.validateAddMeasure(TestMeasureComputerContext.java:172)
	at org.sonar.api.ce.measure.test.TestMeasureComputerContext.addMeasure(TestMeasureComputerContext.java:98)
	at es.unileon.sonarqube.sedcat.strategies.ExpertSystemQualityTests.testXfuzzyProcessState(ExpertSystemQualityTests.java:212)
	at org.junit.internal.runners.TestMethod.invoke(TestMethod.java:68)
	at org.powermock.modules.junit4.internal.impl.PowerMockJUnit44RunnerDelegateImpl$PowerMockJUnit44MethodRunner.runTestMethod(PowerMockJUnit44RunnerDelegateImpl.java:310)
	at org.junit.internal.runners.MethodRoadie$2.run(MethodRoadie.java:89)
	at org.junit.internal.runners.MethodRoadie.runBeforesThenTestThenAfters(MethodRoadie.java:97)
	at org.powermock.modules.junit4.internal.impl.PowerMockJUnit44RunnerDelegateImpl$PowerMockJUnit44MethodRunner.executeTest(PowerMockJUnit44RunnerDelegateImpl.java:294)
	at org.powermock.modules.junit4.internal.impl.PowerMockJUnit47RunnerDelegateImpl$PowerMockJUnit47MethodRunner.executeTestInSuper(PowerMockJUnit47RunnerDelegateImpl.java:127)
	at org.powermock.modules.junit4.internal.impl.PowerMockJUnit47RunnerDelegateImpl$PowerMockJUnit47MethodRunner.access$100(PowerMockJUnit47RunnerDelegateImpl.java:59)
	at org.powermock.modules.junit4.internal.impl.PowerMockJUnit47RunnerDelegateImpl$PowerMockJUnit47MethodRunner$LastRuleTestExecutorStatement.evaluate(PowerMockJUnit47RunnerDelegateImpl.java:148)
	at org.junit.contrib.java.lang.system.ExpectedSystemExit$1.evaluate(ExpectedSystemExit.java:130)
	at org.junit.rules.ExternalResource$1.evaluate(ExternalResource.java:48)
	at org.powermock.modules.junit4.internal.impl.PowerMockJUnit47RunnerDelegateImpl$PowerMockJUnit47MethodRunner.executeTest(PowerMockJUnit47RunnerDelegateImpl.java:91)
	at org.powermock.modules.junit4.internal.impl.PowerMockJUnit44RunnerDelegateImpl$PowerMockJUnit44MethodRunner.runBeforesThenTestThenAfters(PowerMockJUnit44RunnerDelegateImpl.java:282)
	at org.junit.internal.runners.MethodRoadie.runTest(MethodRoadie.java:87)
	at org.junit.internal.runners.MethodRoadie.run(MethodRoadie.java:50)
	at org.powermock.modules.junit4.internal.impl.PowerMockJUnit44RunnerDelegateImpl.invokeTestMethod(PowerMockJUnit44RunnerDelegateImpl.java:207)
	at org.powermock.modules.junit4.internal.impl.PowerMockJUnit44RunnerDelegateImpl.runMethods(PowerMockJUnit44RunnerDelegateImpl.java:146)
	at org.powermock.modules.junit4.internal.impl.PowerMockJUnit44RunnerDelegateImpl$1.run(PowerMockJUnit44RunnerDelegateImpl.java:120)
	at org.junit.internal.runners.ClassRoadie.runUnprotected(ClassRoadie.java:34)
	at org.junit.internal.runners.ClassRoadie.runProtected(ClassRoadie.java:44)
	at org.powermock.modules.junit4.internal.impl.PowerMockJUnit44RunnerDelegateImpl.run(PowerMockJUnit44RunnerDelegateImpl.java:122)
	at org.powermock.modules.junit4.common.internal.impl.JUnit4TestSuiteChunkerImpl.run(JUnit4TestSuiteChunkerImpl.java:106)
	at org.powermock.modules.junit4.common.internal.impl.AbstractCommonPowerMockRunner.run(AbstractCommonPowerMockRunner.java:53)
	at org.powermock.modules.junit4.PowerMockRunner.run(PowerMockRunner.java:59)
	at org.junit.runner.JUnitCore.run(JUnitCore.java:137)
	at org.junit.runner.JUnitCore.run(JUnitCore.java:115)
... Removed 22 stack frames
</div> <!-- stack-trace -->
                </div> <!-- method-content -->
              </div> <!-- method -->
            </div> <!-- main-panel-content rounded-window-bottom -->
          </div> <!-- suite-Suite-class-failed -->
          <div class="suite-Suite-class-failed">
            <div class="main-panel-header rounded-window-top">
              <img src="failed.png"/>
              <span class="class-name">es.unileon.sonarqube.sedcat.scanners.MutationsReportParserTests</span>
            </div> <!-- main-panel-header rounded-window-top -->
            <div class="main-panel-content rounded-window-bottom">
              <div class="method">
                <div class="method-content">
                  <a name="parseReportOk">
                  </a> <!-- parseReportOk -->
                  <span class="method-name">parseReportOk</span>
                  <div class="stack-trace">java.lang.AssertionError
	at org.junit.Assert.fail(Assert.java:86)
	at org.junit.Assert.assertTrue(Assert.java:41)
	at org.junit.Assert.assertNotNull(Assert.java:712)
	at org.junit.Assert.assertNotNull(Assert.java:722)
	at es.unileon.sonarqube.sedcat.scanners.MutationsReportParserTests.parseReportOk(MutationsReportParserTests.java:147)
	at org.junit.runners.model.FrameworkMethod$1.runReflectiveCall(FrameworkMethod.java:50)
	at org.junit.internal.runners.model.ReflectiveCallable.run(ReflectiveCallable.java:12)
	at org.junit.runners.model.FrameworkMethod.invokeExplosively(FrameworkMethod.java:47)
	at org.junit.internal.runners.statements.InvokeMethod.evaluate(InvokeMethod.java:17)
	at org.junit.internal.runners.statements.RunBefores.evaluate(RunBefores.java:26)
	at org.junit.internal.runners.statements.RunAfters.evaluate(RunAfters.java:27)
	at org.junit.runners.ParentRunner.runLeaf(ParentRunner.java:325)
	at org.junit.runners.BlockJUnit4ClassRunner.runChild(BlockJUnit4ClassRunner.java:78)
	at org.junit.runners.BlockJUnit4ClassRunner.runChild(BlockJUnit4ClassRunner.java:57)
	at org.junit.runners.ParentRunner$3.run(ParentRunner.java:290)
	at org.junit.runners.ParentRunner$1.schedule(ParentRunner.java:71)
	at org.junit.runners.ParentRunner.runChildren(ParentRunner.java:288)
	at org.junit.runners.ParentRunner.access$000(ParentRunner.java:58)
	at org.junit.runners.ParentRunner$2.evaluate(ParentRunner.java:268)
	at org.junit.internal.runners.statements.RunBefores.evaluate(RunBefores.java:26)
	at org.junit.internal.runners.statements.RunAfters.evaluate(RunAfters.java:27)
	at org.junit.runners.ParentRunner.run(ParentRunner.java:363)
	at org.junit.runner.JUnitCore.run(JUnitCore.java:137)
	at org.junit.runner.JUnitCore.run(JUnitCore.java:115)
... Removed 22 stack frames
</div> <!-- stack-trace -->
                </div> <!-- method-content -->
              </div> <!-- method -->
            </div> <!-- main-panel-content rounded-window-bottom -->
          </div> <!-- suite-Suite-class-failed -->
          <div class="suite-Suite-class-failed">
            <div class="main-panel-header rounded-window-top">
              <img src="failed.png"/>
              <span class="class-name">es.unileon.sonarqube.sedcat.strategies.ExpertSystemActionsTests</span>
            </div> <!-- main-panel-header rounded-window-top -->
            <div class="main-panel-content rounded-window-bottom">
              <div class="method">
                <div class="method-content">
                  <a name="testCheckNotNullInputMetricsOk">
                  </a> <!-- testCheckNotNullInputMetricsOk -->
                  <span class="method-name">testCheckNotNullInputMetricsOk</span>
                  <div class="stack-trace">java.lang.IllegalArgumentException: Only metrics in [quality_measure, actions_to_realize] can be used to add measures. Metric &apos;success_unit_tests&apos; is not allowed.
	at org.sonar.api.internal.google.common.base.Preconditions.checkArgument(Preconditions.java:148)
	at org.sonar.api.ce.measure.test.TestMeasureComputerContext.validateAddMeasure(TestMeasureComputerContext.java:172)
	at org.sonar.api.ce.measure.test.TestMeasureComputerContext.addMeasure(TestMeasureComputerContext.java:98)
	at es.unileon.sonarqube.sedcat.strategies.ExpertSystemActionsTests.testCheckNotNullInputMetricsOk(ExpertSystemActionsTests.java:137)
	at org.junit.runners.model.FrameworkMethod$1.runReflectiveCall(FrameworkMethod.java:50)
	at org.junit.internal.runners.model.ReflectiveCallable.run(ReflectiveCallable.java:12)
	at org.junit.runners.model.FrameworkMethod.invokeExplosively(FrameworkMethod.java:47)
	at org.junit.internal.runners.statements.InvokeMethod.evaluate(InvokeMethod.java:17)
	at org.junit.internal.runners.statements.RunBefores.evaluate(RunBefores.java:26)
	at org.junit.internal.runners.statements.RunAfters.evaluate(RunAfters.java:27)
	at org.junit.contrib.java.lang.system.ExpectedSystemExit$1.evaluate(ExpectedSystemExit.java:130)
	at org.junit.rules.ExternalResource$1.evaluate(ExternalResource.java:48)
	at org.junit.rules.RunRules.evaluate(RunRules.java:20)
	at org.junit.runners.ParentRunner.runLeaf(ParentRunner.java:325)
	at org.junit.runners.BlockJUnit4ClassRunner.runChild(BlockJUnit4ClassRunner.java:78)
	at org.junit.runners.BlockJUnit4ClassRunner.runChild(BlockJUnit4ClassRunner.java:57)
	at org.junit.runners.ParentRunner$3.run(ParentRunner.java:290)
	at org.junit.runners.ParentRunner$1.schedule(ParentRunner.java:71)
	at org.junit.runners.ParentRunner.runChildren(ParentRunner.java:288)
	at org.junit.runners.ParentRunner.access$000(ParentRunner.java:58)
	at org.junit.runners.ParentRunner$2.evaluate(ParentRunner.java:268)
	at org.junit.internal.runners.statements.RunBefores.evaluate(RunBefores.java:26)
	at org.junit.internal.runners.statements.RunAfters.evaluate(RunAfters.java:27)
	at org.junit.runners.ParentRunner.run(ParentRunner.java:363)
	at org.junit.runner.JUnitCore.run(JUnitCore.java:137)
	at org.junit.runner.JUnitCore.run(JUnitCore.java:115)
... Removed 22 stack frames
</div> <!-- stack-trace -->
                </div> <!-- method-content -->
              </div> <!-- method -->
              <div class="method">
                <div class="method-content">
                  <a name="testExtractValues">
                  </a> <!-- testExtractValues -->
                  <span class="method-name">testExtractValues</span>
                  <div class="stack-trace">java.lang.IllegalArgumentException: Only metrics in [quality_measure, actions_to_realize] can be used to add measures. Metric &apos;success_unit_tests&apos; is not allowed.
	at org.sonar.api.internal.google.common.base.Preconditions.checkArgument(Preconditions.java:148)
	at org.sonar.api.ce.measure.test.TestMeasureComputerContext.validateAddMeasure(TestMeasureComputerContext.java:172)
	at org.sonar.api.ce.measure.test.TestMeasureComputerContext.addMeasure(TestMeasureComputerContext.java:98)
	at es.unileon.sonarqube.sedcat.strategies.ExpertSystemActionsTests.testExtractValues(ExpertSystemActionsTests.java:112)
	at org.junit.runners.model.FrameworkMethod$1.runReflectiveCall(FrameworkMethod.java:50)
	at org.junit.internal.runners.model.ReflectiveCallable.run(ReflectiveCallable.java:12)
	at org.junit.runners.model.FrameworkMethod.invokeExplosively(FrameworkMethod.java:47)
	at org.junit.internal.runners.statements.InvokeMethod.evaluate(InvokeMethod.java:17)
	at org.junit.internal.runners.statements.RunBefores.evaluate(RunBefores.java:26)
	at org.junit.internal.runners.statements.RunAfters.evaluate(RunAfters.java:27)
	at org.junit.contrib.java.lang.system.ExpectedSystemExit$1.evaluate(ExpectedSystemExit.java:130)
	at org.junit.rules.ExternalResource$1.evaluate(ExternalResource.java:48)
	at org.junit.rules.RunRules.evaluate(RunRules.java:20)
	at org.junit.runners.ParentRunner.runLeaf(ParentRunner.java:325)
	at org.junit.runners.BlockJUnit4ClassRunner.runChild(BlockJUnit4ClassRunner.java:78)
	at org.junit.runners.BlockJUnit4ClassRunner.runChild(BlockJUnit4ClassRunner.java:57)
	at org.junit.runners.ParentRunner$3.run(ParentRunner.java:290)
	at org.junit.runners.ParentRunner$1.schedule(ParentRunner.java:71)
	at org.junit.runners.ParentRunner.runChildren(ParentRunner.java:288)
	at org.junit.runners.ParentRunner.access$000(ParentRunner.java:58)
	at org.junit.runners.ParentRunner$2.evaluate(ParentRunner.java:268)
	at org.junit.internal.runners.statements.RunBefores.evaluate(RunBefores.java:26)
	at org.junit.internal.runners.statements.RunAfters.evaluate(RunAfters.java:27)
	at org.junit.runners.ParentRunner.run(ParentRunner.java:363)
	at org.junit.runner.JUnitCore.run(JUnitCore.java:137)
	at org.junit.runner.JUnitCore.run(JUnitCore.java:115)
... Removed 22 stack frames
</div> <!-- stack-trace -->
                </div> <!-- method-content -->
              </div> <!-- method -->
            </div> <!-- main-panel-content rounded-window-bottom -->
          </div> <!-- suite-Suite-class-failed -->
          <div class="suite-Suite-class-failed">
            <div class="main-panel-header rounded-window-top">
              <img src="failed.png"/>
              <span class="class-name">es.unileon.sonarqube.sedcat.scanners.MutationsReportFinderTests</span>
            </div> <!-- main-panel-header rounded-window-top -->
            <div class="main-panel-content rounded-window-bottom">
              <div class="method">
                <div class="method-content">
                  <a name="findReportDirectoryWithDirectoriesAndEmptyReport">
                  </a> <!-- findReportDirectoryWithDirectoriesAndEmptyReport -->
                  <span class="method-name">findReportDirectoryWithDirectoriesAndEmptyReport</span>
                  <div class="stack-trace">java.lang.NullPointerException
	at es.unileon.sonarqube.sedcat.scanners.MutationsReportFinderTests.findReportDirectoryWithDirectoriesAndEmptyReport(MutationsReportFinderTests.java:179)
	at org.junit.runners.model.FrameworkMethod$1.runReflectiveCall(FrameworkMethod.java:50)
	at org.junit.internal.runners.model.ReflectiveCallable.run(ReflectiveCallable.java:12)
	at org.junit.runners.model.FrameworkMethod.invokeExplosively(FrameworkMethod.java:47)
	at org.junit.internal.runners.statements.InvokeMethod.evaluate(InvokeMethod.java:17)
	at org.junit.internal.runners.statements.RunBefores.evaluate(RunBefores.java:26)
	at org.junit.internal.runners.statements.RunAfters.evaluate(RunAfters.java:27)
	at org.junit.runners.ParentRunner.runLeaf(ParentRunner.java:325)
	at org.junit.runners.BlockJUnit4ClassRunner.runChild(BlockJUnit4ClassRunner.java:78)
	at org.junit.runners.BlockJUnit4ClassRunner.runChild(BlockJUnit4ClassRunner.java:57)
	at org.junit.runners.ParentRunner$3.run(ParentRunner.java:290)
	at org.junit.runners.ParentRunner$1.schedule(ParentRunner.java:71)
	at org.junit.runners.ParentRunner.runChildren(ParentRunner.java:288)
	at org.junit.runners.ParentRunner.access$000(ParentRunner.java:58)
	at org.junit.runners.ParentRunner$2.evaluate(ParentRunner.java:268)
	at org.junit.internal.runners.statements.RunBefores.evaluate(RunBefores.java:26)
	at org.junit.internal.runners.statements.RunAfters.evaluate(RunAfters.java:27)
	at org.junit.runners.ParentRunner.run(ParentRunner.java:363)
	at org.junit.runner.JUnitCore.run(JUnitCore.java:137)
	at org.junit.runner.JUnitCore.run(JUnitCore.java:115)
... Removed 22 stack frames
</div> <!-- stack-trace -->
                </div> <!-- method-content -->
              </div> <!-- method -->
              <div class="method">
                <div class="method-content">
                  <a name="findReportDirectoryWithDirectoriesAndReport">
                  </a> <!-- findReportDirectoryWithDirectoriesAndReport -->
                  <span class="method-name">findReportDirectoryWithDirectoriesAndReport</span>
                  <div class="stack-trace">java.lang.AssertionError
	at org.junit.Assert.fail(Assert.java:86)
	at org.junit.Assert.assertTrue(Assert.java:41)
	at org.junit.Assert.assertNotNull(Assert.java:712)
	at org.junit.Assert.assertNotNull(Assert.java:722)
	at es.unileon.sonarqube.sedcat.scanners.MutationsReportFinderTests.findReportDirectoryWithDirectoriesAndReport(MutationsReportFinderTests.java:158)
	at org.junit.runners.model.FrameworkMethod$1.runReflectiveCall(FrameworkMethod.java:50)
	at org.junit.internal.runners.model.ReflectiveCallable.run(ReflectiveCallable.java:12)
	at org.junit.runners.model.FrameworkMethod.invokeExplosively(FrameworkMethod.java:47)
	at org.junit.internal.runners.statements.InvokeMethod.evaluate(InvokeMethod.java:17)
	at org.junit.internal.runners.statements.RunBefores.evaluate(RunBefores.java:26)
	at org.junit.internal.runners.statements.RunAfters.evaluate(RunAfters.java:27)
	at org.junit.runners.ParentRunner.runLeaf(ParentRunner.java:325)
	at org.junit.runners.BlockJUnit4ClassRunner.runChild(BlockJUnit4ClassRunner.java:78)
	at org.junit.runners.BlockJUnit4ClassRunner.runChild(BlockJUnit4ClassRunner.java:57)
	at org.junit.runners.ParentRunner$3.run(ParentRunner.java:290)
	at org.junit.runners.ParentRunner$1.schedule(ParentRunner.java:71)
	at org.junit.runners.ParentRunner.runChildren(ParentRunner.java:288)
	at org.junit.runners.ParentRunner.access$000(ParentRunner.java:58)
	at org.junit.runners.ParentRunner$2.evaluate(ParentRunner.java:268)
	at org.junit.internal.runners.statements.RunBefores.evaluate(RunBefores.java:26)
	at org.junit.internal.runners.statements.RunAfters.evaluate(RunAfters.java:27)
	at org.junit.runners.ParentRunner.run(ParentRunner.java:363)
	at org.junit.runner.JUnitCore.run(JUnitCore.java:137)
	at org.junit.runner.JUnitCore.run(JUnitCore.java:115)
... Removed 22 stack frames
</div> <!-- stack-trace -->
                </div> <!-- method-content -->
              </div> <!-- method -->
            </div> <!-- main-panel-content rounded-window-bottom -->
          </div> <!-- suite-Suite-class-failed -->
          <div class="suite-Suite-class-skipped">
            <div class="main-panel-header rounded-window-top">
              <img src="skipped.png"/>
              <span class="class-name">es.unileon.sonarqube.sedcat.start.GeneralComputerTests</span>
            </div> <!-- main-panel-header rounded-window-top -->
            <div class="main-panel-content rounded-window-bottom">
              <div class="method">
                <div class="method-content">
                  <a name="testcompute_Directory_noExecution">
                  </a> <!-- testcompute_Directory_noExecution -->
                  <span class="method-name">testcompute_Directory_noExecution</span>
                </div> <!-- method-content -->
              </div> <!-- method -->
              <div class="method">
                <div class="method-content">
                  <a name="testcompute_File_noExecution">
                  </a> <!-- testcompute_File_noExecution -->
                  <span class="method-name">testcompute_File_noExecution</span>
                </div> <!-- method-content -->
              </div> <!-- method -->
              <div class="method">
                <div class="method-content">
                  <a name="testcompute_Module_noExecution">
                  </a> <!-- testcompute_Module_noExecution -->
                  <span class="method-name">testcompute_Module_noExecution</span>
                </div> <!-- method-content -->
              </div> <!-- method -->
              <div class="method">
                <div class="method-content">
                  <a name="testcompute_Project_Behaviour">
                  </a> <!-- testcompute_Project_Behaviour -->
                  <span class="method-name">testcompute_Project_Behaviour</span>
                </div> <!-- method-content -->
              </div> <!-- method -->
              <div class="method">
                <div class="method-content">
                  <a name="testcompute_Project_Execution">
                  </a> <!-- testcompute_Project_Execution -->
                  <span class="method-name">testcompute_Project_Execution</span>
                </div> <!-- method-content -->
              </div> <!-- method -->
              <div class="method">
                <div class="method-content">
                  <a name="testcompute_Subview_noExecution">
                  </a> <!-- testcompute_Subview_noExecution -->
                  <span class="method-name">testcompute_Subview_noExecution</span>
                </div> <!-- method-content -->
              </div> <!-- method -->
              <div class="method">
                <div class="method-content">
                  <a name="testcompute_View_noExecution">
                  </a> <!-- testcompute_View_noExecution -->
                  <span class="method-name">testcompute_View_noExecution</span>
                </div> <!-- method-content -->
              </div> <!-- method -->
              <div class="method">
                <div class="method-content">
                  <a name="testdefine_Correct_State">
                  </a> <!-- testdefine_Correct_State -->
                  <span class="method-name">testdefine_Correct_State</span>
                </div> <!-- method-content -->
              </div> <!-- method -->
            </div> <!-- main-panel-content rounded-window-bottom -->
          </div> <!-- suite-Suite-class-skipped -->
          <div class="suite-Suite-class-skipped">
            <div class="main-panel-header rounded-window-top">
              <img src="skipped.png"/>
              <span class="class-name">es.unileon.sonarqube.sedcat.strategies.ExpertSystemActionsTests</span>
            </div> <!-- main-panel-header rounded-window-top -->
            <div class="main-panel-content rounded-window-bottom">
              <div class="method">
                <div class="method-content">
                  <a name="testExpertSystemActions">
                  </a> <!-- testExpertSystemActions -->
                  <span class="method-name">testExpertSystemActions</span>
                </div> <!-- method-content -->
              </div> <!-- method -->
              <div class="method">
                <div class="method-content">
                  <a name="testXfuzzyProcessBehaviour">
                  </a> <!-- testXfuzzyProcessBehaviour -->
                  <span class="method-name">testXfuzzyProcessBehaviour</span>
                </div> <!-- method-content -->
              </div> <!-- method -->
              <div class="method">
                <div class="method-content">
                  <a name="testXfuzzyProcessState">
                  </a> <!-- testXfuzzyProcessState -->
                  <span class="method-name">testXfuzzyProcessState</span>
                </div> <!-- method-content -->
              </div> <!-- method -->
            </div> <!-- main-panel-content rounded-window-bottom -->
          </div> <!-- suite-Suite-class-skipped -->
          <div class="suite-Suite-class-passed">
            <div class="main-panel-header rounded-window-top">
              <img src="passed.png"/>
              <span class="class-name">es.unileon.sonarqube.sedcat.scanners.NumberCodeLinesComputerTests</span>
            </div> <!-- main-panel-header rounded-window-top -->
            <div class="main-panel-content rounded-window-bottom">
              <div class="method">
                <div class="method-content">
                  <a name="compute_Null_Measure">
                  </a> <!-- compute_Null_Measure -->
                  <span class="method-name">compute_Null_Measure</span>
                </div> <!-- method-content -->
              </div> <!-- method -->
              <div class="method">
                <div class="method-content">
                  <a name="compute_notNull_Measure_File">
                  </a> <!-- compute_notNull_Measure_File -->
                  <span class="method-name">compute_notNull_Measure_File</span>
                </div> <!-- method-content -->
              </div> <!-- method -->
              <div class="method">
                <div class="method-content">
                  <a name="define_Correct_State">
                  </a> <!-- define_Correct_State -->
                  <span class="method-name">define_Correct_State</span>
                </div> <!-- method-content -->
              </div> <!-- method -->
            </div> <!-- main-panel-content rounded-window-bottom -->
          </div> <!-- suite-Suite-class-passed -->
          <div class="suite-Suite-class-passed">
            <div class="main-panel-header rounded-window-top">
              <img src="passed.png"/>
              <span class="class-name">es.unileon.sonarqube.sedcat.strategies.ExpertSystemQualityTests</span>
            </div> <!-- main-panel-header rounded-window-top -->
            <div class="main-panel-content rounded-window-bottom">
              <div class="method">
                <div class="method-content">
                  <a name="testCheckNotNullInputMetricsNull">
                  </a> <!-- testCheckNotNullInputMetricsNull -->
                  <span class="method-name">testCheckNotNullInputMetricsNull</span>
                </div> <!-- method-content -->
              </div> <!-- method -->
              <div class="method">
                <div class="method-content">
                  <a name="testExpertSystemQuality">
                  </a> <!-- testExpertSystemQuality -->
                  <span class="method-name">testExpertSystemQuality</span>
                </div> <!-- method-content -->
              </div> <!-- method -->
            </div> <!-- main-panel-content rounded-window-bottom -->
          </div> <!-- suite-Suite-class-passed -->
          <div class="suite-Suite-class-passed">
            <div class="main-panel-header rounded-window-top">
              <img src="passed.png"/>
              <span class="class-name">es.unileon.sonarqube.sedcat.scanners.NumberTestsComputerTests</span>
            </div> <!-- main-panel-header rounded-window-top -->
            <div class="main-panel-content rounded-window-bottom">
              <div class="method">
                <div class="method-content">
                  <a name="compute_Null_Measure">
                  </a> <!-- compute_Null_Measure -->
                  <span class="method-name">compute_Null_Measure</span>
                </div> <!-- method-content -->
              </div> <!-- method -->
              <div class="method">
                <div class="method-content">
                  <a name="compute_notNull_Measure">
                  </a> <!-- compute_notNull_Measure -->
                  <span class="method-name">compute_notNull_Measure</span>
                </div> <!-- method-content -->
              </div> <!-- method -->
              <div class="method">
                <div class="method-content">
                  <a name="define_Correct_State">
                  </a> <!-- define_Correct_State -->
                  <span class="method-name">define_Correct_State</span>
                </div> <!-- method-content -->
              </div> <!-- method -->
            </div> <!-- main-panel-content rounded-window-bottom -->
          </div> <!-- suite-Suite-class-passed -->
          <div class="suite-Suite-class-passed">
            <div class="main-panel-header rounded-window-top">
              <img src="passed.png"/>
              <span class="class-name">es.unileon.sonarqube.sedcat.scanners.MutationsReportParserTests</span>
            </div> <!-- main-panel-header rounded-window-top -->
            <div class="main-panel-content rounded-window-bottom">
              <div class="method">
                <div class="method-content">
                  <a name="parseReportDirectory">
                  </a> <!-- parseReportDirectory -->
                  <span class="method-name">parseReportDirectory</span>
                </div> <!-- method-content -->
              </div> <!-- method -->
              <div class="method">
                <div class="method-content">
                  <a name="parseReportEmpty">
                  </a> <!-- parseReportEmpty -->
                  <span class="method-name">parseReportEmpty</span>
                </div> <!-- method-content -->
              </div> <!-- method -->
              <div class="method">
                <div class="method-content">
                  <a name="parseReportNotExists">
                  </a> <!-- parseReportNotExists -->
                  <span class="method-name">parseReportNotExists</span>
                </div> <!-- method-content -->
              </div> <!-- method -->
              <div class="method">
                <div class="method-content">
                  <a name="parseReportNull">
                  </a> <!-- parseReportNull -->
                  <span class="method-name">parseReportNull</span>
                </div> <!-- method-content -->
              </div> <!-- method -->
              <div class="method">
                <div class="method-content">
                  <a name="parseReportWithCoverageLedgendButNotText">
                  </a> <!-- parseReportWithCoverageLedgendButNotText -->
                  <span class="method-name">parseReportWithCoverageLedgendButNotText</span>
                </div> <!-- method-content -->
              </div> <!-- method -->
              <div class="method">
                <div class="method-content">
                  <a name="parseReportWithNotEnoughTdElements">
                  </a> <!-- parseReportWithNotEnoughTdElements -->
                  <span class="method-name">parseReportWithNotEnoughTdElements</span>
                </div> <!-- method-content -->
              </div> <!-- method -->
              <div class="method">
                <div class="method-content">
                  <a name="parseReportWithoutCoverageLedgend">
                  </a> <!-- parseReportWithoutCoverageLedgend -->
                  <span class="method-name">parseReportWithoutCoverageLedgend</span>
                </div> <!-- method-content -->
              </div> <!-- method -->
              <div class="method">
                <div class="method-content">
                  <a name="parseReportWithoutTdElements">
                  </a> <!-- parseReportWithoutTdElements -->
                  <span class="method-name">parseReportWithoutTdElements</span>
                </div> <!-- method-content -->
              </div> <!-- method -->
            </div> <!-- main-panel-content rounded-window-bottom -->
          </div> <!-- suite-Suite-class-passed -->
          <div class="suite-Suite-class-passed">
            <div class="main-panel-header rounded-window-top">
              <img src="passed.png"/>
              <span class="class-name">es.unileon.sonarqube.sedcat.start.SedcatMetricsTests</span>
            </div> <!-- main-panel-header rounded-window-top -->
            <div class="main-panel-content rounded-window-bottom">
              <div class="method">
                <div class="method-content">
                  <a name="testGetMetrics">
                  </a> <!-- testGetMetrics -->
                  <span class="method-name">testGetMetrics</span>
                </div> <!-- method-content -->
              </div> <!-- method -->
            </div> <!-- main-panel-content rounded-window-bottom -->
          </div> <!-- suite-Suite-class-passed -->
          <div class="suite-Suite-class-passed">
            <div class="main-panel-header rounded-window-top">
              <img src="passed.png"/>
              <span class="class-name">es.unileon.sonarqube.sedcat.start.SedcatPluginTests</span>
            </div> <!-- main-panel-header rounded-window-top -->
            <div class="main-panel-content rounded-window-bottom">
              <div class="method">
                <div class="method-content">
                  <a name="testGetExtensions">
                  </a> <!-- testGetExtensions -->
                  <span class="method-name">testGetExtensions</span>
                </div> <!-- method-content -->
              </div> <!-- method -->
            </div> <!-- main-panel-content rounded-window-bottom -->
          </div> <!-- suite-Suite-class-passed -->
          <div class="suite-Suite-class-passed">
            <div class="main-panel-header rounded-window-top">
              <img src="passed.png"/>
              <span class="class-name">es.unileon.sonarqube.sedcat.storage.ActionsMeasureStoreTests</span>
            </div> <!-- main-panel-header rounded-window-top -->
            <div class="main-panel-content rounded-window-bottom">
              <div class="method">
                <div class="method-content">
                  <a name="testCheckOutputDataSetEmpty">
                  </a> <!-- testCheckOutputDataSetEmpty -->
                  <span class="method-name">testCheckOutputDataSetEmpty</span>
                </div> <!-- method-content -->
              </div> <!-- method -->
              <div class="method">
                <div class="method-content">
                  <a name="testCheckOutputDataSetNotAllowedAbove">
                  </a> <!-- testCheckOutputDataSetNotAllowedAbove -->
                  <span class="method-name">testCheckOutputDataSetNotAllowedAbove</span>
                </div> <!-- method-content -->
              </div> <!-- method -->
              <div class="method">
                <div class="method-content">
                  <a name="testCheckOutputDataSetNotAllowedUnder">
                  </a> <!-- testCheckOutputDataSetNotAllowedUnder -->
                  <span class="method-name">testCheckOutputDataSetNotAllowedUnder</span>
                </div> <!-- method-content -->
              </div> <!-- method -->
              <div class="method">
                <div class="method-content">
                  <a name="testCheckOutputDataSetNull">
                  </a> <!-- testCheckOutputDataSetNull -->
                  <span class="method-name">testCheckOutputDataSetNull</span>
                </div> <!-- method-content -->
              </div> <!-- method -->
              <div class="method">
                <div class="method-content">
                  <a name="testCheckOutputDataSetOk">
                  </a> <!-- testCheckOutputDataSetOk -->
                  <span class="method-name">testCheckOutputDataSetOk</span>
                </div> <!-- method-content -->
              </div> <!-- method -->
              <div class="method">
                <div class="method-content">
                  <a name="testOutputMeasureStore">
                  </a> <!-- testOutputMeasureStore -->
                  <span class="method-name">testOutputMeasureStore</span>
                </div> <!-- method-content -->
              </div> <!-- method -->
              <div class="method">
                <div class="method-content">
                  <a name="testSaveMeasure">
                  </a> <!-- testSaveMeasure -->
                  <span class="method-name">testSaveMeasure</span>
                </div> <!-- method-content -->
              </div> <!-- method -->
              <div class="method">
                <div class="method-content">
                  <a name="testloadPropertiesNull">
                  </a> <!-- testloadPropertiesNull -->
                  <span class="method-name">testloadPropertiesNull</span>
                </div> <!-- method-content -->
              </div> <!-- method -->
              <div class="method">
                <div class="method-content">
                  <a name="testloadPropertiesOk">
                  </a> <!-- testloadPropertiesOk -->
                  <span class="method-name">testloadPropertiesOk</span>
                </div> <!-- method-content -->
              </div> <!-- method -->
            </div> <!-- main-panel-content rounded-window-bottom -->
          </div> <!-- suite-Suite-class-passed -->
          <div class="suite-Suite-class-passed">
            <div class="main-panel-header rounded-window-top">
              <img src="passed.png"/>
              <span class="class-name">es.unileon.sonarqube.sedcat.scanners.SuccessUnitTestsComputerTests</span>
            </div> <!-- main-panel-header rounded-window-top -->
            <div class="main-panel-content rounded-window-bottom">
              <div class="method">
                <div class="method-content">
                  <a name="compute_Null_Measure">
                  </a> <!-- compute_Null_Measure -->
                  <span class="method-name">compute_Null_Measure</span>
                </div> <!-- method-content -->
              </div> <!-- method -->
              <div class="method">
                <div class="method-content">
                  <a name="compute_notNull_Measure">
                  </a> <!-- compute_notNull_Measure -->
                  <span class="method-name">compute_notNull_Measure</span>
                </div> <!-- method-content -->
              </div> <!-- method -->
              <div class="method">
                <div class="method-content">
                  <a name="define_Correct_State">
                  </a> <!-- define_Correct_State -->
                  <span class="method-name">define_Correct_State</span>
                </div> <!-- method-content -->
              </div> <!-- method -->
            </div> <!-- main-panel-content rounded-window-bottom -->
          </div> <!-- suite-Suite-class-passed -->
          <div class="suite-Suite-class-passed">
            <div class="main-panel-header rounded-window-top">
              <img src="passed.png"/>
              <span class="class-name">es.unileon.sonarqube.sedcat.scanners.MutationsReportFinderTests</span>
            </div> <!-- main-panel-header rounded-window-top -->
            <div class="main-panel-content rounded-window-bottom">
              <div class="method">
                <div class="method-content">
                  <a name="findReportDirectoryNotExists">
                  </a> <!-- findReportDirectoryNotExists -->
                  <span class="method-name">findReportDirectoryNotExists</span>
                </div> <!-- method-content -->
              </div> <!-- method -->
              <div class="method">
                <div class="method-content">
                  <a name="findReportDirectoryWithDirectoriesAndNoReport">
                  </a> <!-- findReportDirectoryWithDirectoriesAndNoReport -->
                  <span class="method-name">findReportDirectoryWithDirectoriesAndNoReport</span>
                </div> <!-- method-content -->
              </div> <!-- method -->
              <div class="method">
                <div class="method-content">
                  <a name="findReportEmptyDirectory">
                  </a> <!-- findReportEmptyDirectory -->
                  <span class="method-name">findReportEmptyDirectory</span>
                </div> <!-- method-content -->
              </div> <!-- method -->
              <div class="method">
                <div class="method-content">
                  <a name="findReportNotDirectory">
                  </a> <!-- findReportNotDirectory -->
                  <span class="method-name">findReportNotDirectory</span>
                </div> <!-- method-content -->
              </div> <!-- method -->
              <div class="method">
                <div class="method-content">
                  <a name="findReportNull">
                  </a> <!-- findReportNull -->
                  <span class="method-name">findReportNull</span>
                </div> <!-- method-content -->
              </div> <!-- method -->
              <div class="method">
                <div class="method-content">
                  <a name="findReportNullDirectory">
                  </a> <!-- findReportNullDirectory -->
                  <span class="method-name">findReportNullDirectory</span>
                </div> <!-- method-content -->
              </div> <!-- method -->
            </div> <!-- main-panel-content rounded-window-bottom -->
          </div> <!-- suite-Suite-class-passed -->
          <div class="suite-Suite-class-passed">
            <div class="main-panel-header rounded-window-top">
              <img src="passed.png"/>
              <span class="class-name">es.unileon.sonarqube.sedcat.scanners.MutationsCoverageSensorTests</span>
            </div> <!-- main-panel-header rounded-window-top -->
            <div class="main-panel-content rounded-window-bottom">
              <div class="method">
                <div class="method-content">
                  <a name="testAnalyseWithMultipleReport">
                  </a> <!-- testAnalyseWithMultipleReport -->
                  <span class="method-name">testAnalyseWithMultipleReport</span>
                </div> <!-- method-content -->
              </div> <!-- method -->
              <div class="method">
                <div class="method-content">
                  <a name="testAnalyseWithNullReport">
                  </a> <!-- testAnalyseWithNullReport -->
                  <span class="method-name">testAnalyseWithNullReport</span>
                </div> <!-- method-content -->
              </div> <!-- method -->
              <div class="method">
                <div class="method-content">
                  <a name="testAnalyseWithReport">
                  </a> <!-- testAnalyseWithReport -->
                  <span class="method-name">testAnalyseWithReport</span>
                </div> <!-- method-content -->
              </div> <!-- method -->
              <div class="method">
                <div class="method-content">
                  <a name="testAnalyseWithReportParserNull">
                  </a> <!-- testAnalyseWithReportParserNull -->
                  <span class="method-name">testAnalyseWithReportParserNull</span>
                </div> <!-- method-content -->
              </div> <!-- method -->
            </div> <!-- main-panel-content rounded-window-bottom -->
          </div> <!-- suite-Suite-class-passed -->
          <div class="suite-Suite-class-passed">
            <div class="main-panel-header rounded-window-top">
              <img src="passed.png"/>
              <span class="class-name">es.unileon.sonarqube.sedcat.xfuzzy.ActionsTests</span>
            </div> <!-- main-panel-header rounded-window-top -->
            <div class="main-panel-content rounded-window-bottom">
              <div class="method">
                <div class="method-content">
                  <a name="testCrispInferenceDoubleArray">
                  </a> <!-- testCrispInferenceDoubleArray -->
                  <span class="method-name">testCrispInferenceDoubleArray</span>
                </div> <!-- method-content -->
              </div> <!-- method -->
              <div class="method">
                <div class="method-content">
                  <a name="testCrispInferenceDoubleArrayOnLimits_Above">
                  </a> <!-- testCrispInferenceDoubleArrayOnLimits_Above -->
                  <span class="method-name">testCrispInferenceDoubleArrayOnLimits_Above</span>
                </div> <!-- method-content -->
              </div> <!-- method -->
              <div class="method">
                <div class="method-content">
                  <a name="testCrispInferenceDoubleArrayOnLimits_Under">
                  </a> <!-- testCrispInferenceDoubleArrayOnLimits_Under -->
                  <span class="method-name">testCrispInferenceDoubleArrayOnLimits_Under</span>
                </div> <!-- method-content -->
              </div> <!-- method -->
            </div> <!-- main-panel-content rounded-window-bottom -->
          </div> <!-- suite-Suite-class-passed -->
          <div class="suite-Suite-class-passed">
            <div class="main-panel-header rounded-window-top">
              <img src="passed.png"/>
              <span class="class-name">es.unileon.sonarqube.sedcat.storage.QualityMeasureStoreTests</span>
            </div> <!-- main-panel-header rounded-window-top -->
            <div class="main-panel-content rounded-window-bottom">
              <div class="method">
                <div class="method-content">
                  <a name="testCheckOutputDataSetEmpty">
                  </a> <!-- testCheckOutputDataSetEmpty -->
                  <span class="method-name">testCheckOutputDataSetEmpty</span>
                </div> <!-- method-content -->
              </div> <!-- method -->
              <div class="method">
                <div class="method-content">
                  <a name="testCheckOutputDataSetNotAllowedAbove">
                  </a> <!-- testCheckOutputDataSetNotAllowedAbove -->
                  <span class="method-name">testCheckOutputDataSetNotAllowedAbove</span>
                </div> <!-- method-content -->
              </div> <!-- method -->
              <div class="method">
                <div class="method-content">
                  <a name="testCheckOutputDataSetNotAllowedUnder">
                  </a> <!-- testCheckOutputDataSetNotAllowedUnder -->
                  <span class="method-name">testCheckOutputDataSetNotAllowedUnder</span>
                </div> <!-- method-content -->
              </div> <!-- method -->
              <div class="method">
                <div class="method-content">
                  <a name="testCheckOutputDataSetNull">
                  </a> <!-- testCheckOutputDataSetNull -->
                  <span class="method-name">testCheckOutputDataSetNull</span>
                </div> <!-- method-content -->
              </div> <!-- method -->
              <div class="method">
                <div class="method-content">
                  <a name="testCheckOutputDataSetOk">
                  </a> <!-- testCheckOutputDataSetOk -->
                  <span class="method-name">testCheckOutputDataSetOk</span>
                </div> <!-- method-content -->
              </div> <!-- method -->
              <div class="method">
                <div class="method-content">
                  <a name="testOutputMeasureStore">
                  </a> <!-- testOutputMeasureStore -->
                  <span class="method-name">testOutputMeasureStore</span>
                </div> <!-- method-content -->
              </div> <!-- method -->
              <div class="method">
                <div class="method-content">
                  <a name="testSaveMeasure">
                  </a> <!-- testSaveMeasure -->
                  <span class="method-name">testSaveMeasure</span>
                </div> <!-- method-content -->
              </div> <!-- method -->
            </div> <!-- main-panel-content rounded-window-bottom -->
          </div> <!-- suite-Suite-class-passed -->
          <div class="suite-Suite-class-passed">
            <div class="main-panel-header rounded-window-top">
              <img src="passed.png"/>
              <span class="class-name">es.unileon.sonarqube.sedcat.strategies.ExpertSystemActionsTests</span>
            </div> <!-- main-panel-header rounded-window-top -->
            <div class="main-panel-content rounded-window-bottom">
              <div class="method">
                <div class="method-content">
                  <a name="testCheckNotNullInputMetricsNull">
                  </a> <!-- testCheckNotNullInputMetricsNull -->
                  <span class="method-name">testCheckNotNullInputMetricsNull</span>
                </div> <!-- method-content -->
              </div> <!-- method -->
            </div> <!-- main-panel-content rounded-window-bottom -->
          </div> <!-- suite-Suite-class-passed -->
          <div class="suite-Suite-class-passed">
            <div class="main-panel-header rounded-window-top">
              <img src="passed.png"/>
              <span class="class-name">es.unileon.sonarqube.sedcat.scanners.CoverageUnitTestsComputerTests</span>
            </div> <!-- main-panel-header rounded-window-top -->
            <div class="main-panel-content rounded-window-bottom">
              <div class="method">
                <div class="method-content">
                  <a name="compute_Null_Measure">
                  </a> <!-- compute_Null_Measure -->
                  <span class="method-name">compute_Null_Measure</span>
                </div> <!-- method-content -->
              </div> <!-- method -->
              <div class="method">
                <div class="method-content">
                  <a name="compute_notNull_Measure">
                  </a> <!-- compute_notNull_Measure -->
                  <span class="method-name">compute_notNull_Measure</span>
                </div> <!-- method-content -->
              </div> <!-- method -->
              <div class="method">
                <div class="method-content">
                  <a name="define_Correct_State">
                  </a> <!-- define_Correct_State -->
                  <span class="method-name">define_Correct_State</span>
                </div> <!-- method-content -->
              </div> <!-- method -->
            </div> <!-- main-panel-content rounded-window-bottom -->
          </div> <!-- suite-Suite-class-passed -->
          <div class="suite-Suite-class-passed">
            <div class="main-panel-header rounded-window-top">
              <img src="passed.png"/>
              <span class="class-name">es.unileon.sonarqube.sedcat.xfuzzy.QualityTests</span>
            </div> <!-- main-panel-header rounded-window-top -->
            <div class="main-panel-content rounded-window-bottom">
              <div class="method">
                <div class="method-content">
                  <a name="testCrispInferenceDoubleArray">
                  </a> <!-- testCrispInferenceDoubleArray -->
                  <span class="method-name">testCrispInferenceDoubleArray</span>
                </div> <!-- method-content -->
              </div> <!-- method -->
              <div class="method">
                <div class="method-content">
                  <a name="testCrispInferenceDoubleArrayOnLimits_Above">
                  </a> <!-- testCrispInferenceDoubleArrayOnLimits_Above -->
                  <span class="method-name">testCrispInferenceDoubleArrayOnLimits_Above</span>
                </div> <!-- method-content -->
              </div> <!-- method -->
              <div class="method">
                <div class="method-content">
                  <a name="testCrispInferenceDoubleArrayOnLimits_Under">
                  </a> <!-- testCrispInferenceDoubleArrayOnLimits_Under -->
                  <span class="method-name">testCrispInferenceDoubleArrayOnLimits_Under</span>
                </div> <!-- method-content -->
              </div> <!-- method -->
            </div> <!-- main-panel-content rounded-window-bottom -->
          </div> <!-- suite-Suite-class-passed -->
        </div> <!-- panel Suite -->
        <div panel-name="test-xml-Suite" class="panel">
          <div class="main-panel-header rounded-window-top">
            <span class="header-content">/root/workspace/sonar-sedcat-plugin/src/test/java/testng.xml</span>
          </div> <!-- main-panel-header rounded-window-top -->
          <div class="main-panel-content rounded-window-bottom">
            <pre>
&lt;?xml version=&quot;1.0&quot; encoding=&quot;UTF-8&quot;?&gt;
&lt;!DOCTYPE suite SYSTEM &quot;http://testng.org/testng-1.0.dtd&quot;&gt;
&lt;suite thread-count=&quot;8&quot; guice-stage=&quot;DEVELOPMENT&quot; name=&quot;Suite&quot; parallel=&quot;classes&quot;&gt;
  &lt;test name=&quot;Test&quot; junit=&quot;true&quot;&gt;
    &lt;classes&gt;
      &lt;class name=&quot;es.unileon.sonarqube.sedcat.xfuzzy.QualityTests&quot;/&gt;
      &lt;class name=&quot;es.unileon.sonarqube.sedcat.xfuzzy.ActionsTests&quot;/&gt;
      &lt;class name=&quot;es.unileon.sonarqube.sedcat.storage.QualityMeasureStoreTests&quot;/&gt;
      &lt;class name=&quot;es.unileon.sonarqube.sedcat.storage.ActionsMeasureStoreTests&quot;/&gt;
      &lt;class name=&quot;es.unileon.sonarqube.sedcat.strategies.ExpertSystemActionsTests&quot;/&gt;
      &lt;class name=&quot;es.unileon.sonarqube.sedcat.strategies.ExpertSystemQualityTests&quot;/&gt;
      &lt;class name=&quot;es.unileon.sonarqube.sedcat.start.GeneralComputerTests&quot;/&gt;
      &lt;class name=&quot;es.unileon.sonarqube.sedcat.start.SedcatMetricsTests&quot;/&gt;
      &lt;class name=&quot;es.unileon.sonarqube.sedcat.start.SedcatPluginTests&quot;/&gt;
      &lt;class name=&quot;es.unileon.sonarqube.sedcat.scanners.CoverageUnitTestsComputerTests&quot;/&gt;
      &lt;class name=&quot;es.unileon.sonarqube.sedcat.scanners.MutationsCoverageSensorTests&quot;/&gt;
      &lt;class name=&quot;es.unileon.sonarqube.sedcat.scanners.MutationsReportFinderTests&quot;/&gt;
      &lt;class name=&quot;es.unileon.sonarqube.sedcat.scanners.MutationsReportParserTests&quot;/&gt;
      &lt;class name=&quot;es.unileon.sonarqube.sedcat.scanners.NumberCodeLinesComputerTests&quot;/&gt;
      &lt;class name=&quot;es.unileon.sonarqube.sedcat.scanners.NumberTestsComputerTests&quot;/&gt;
      &lt;class name=&quot;es.unileon.sonarqube.sedcat.scanners.SuccessUnitTestsComputerTests&quot;/&gt;
    &lt;/classes&gt;
  &lt;/test&gt; &lt;!-- Test --&gt;
  &lt;test name=&quot;Test(failed)&quot; junit=&quot;true&quot; parallel=&quot;classes&quot;&gt;
    &lt;classes&gt;
      &lt;class name=&quot;es.unileon.sonarqube.sedcat.start.GeneralComputerTests&quot;&gt;
        &lt;methods&gt;
          &lt;include name=&quot;testcompute_Module_noExecution&quot;/&gt;
          &lt;include name=&quot;testcompute_File_noExecution&quot;/&gt;
          &lt;include name=&quot;testcompute_Subview_noExecution&quot;/&gt;
          &lt;include name=&quot;testcompute_View_noExecution&quot;/&gt;
          &lt;include name=&quot;testcompute_Project_Behaviour&quot;/&gt;
          &lt;include name=&quot;testcompute_Directory_noExecution&quot;/&gt;
          &lt;include name=&quot;testdefine_Correct_State&quot;/&gt;
          &lt;include name=&quot;testcompute_Project_Execution&quot;/&gt;
        &lt;/methods&gt;
      &lt;/class&gt; &lt;!-- es.unileon.sonarqube.sedcat.start.GeneralComputerTests --&gt;
      &lt;class name=&quot;es.unileon.sonarqube.sedcat.strategies.ExpertSystemQualityTests&quot;&gt;
        &lt;methods&gt;
          &lt;include name=&quot;testXfuzzyProcessBehaviour&quot;/&gt;
          &lt;include name=&quot;testExtractValues&quot;/&gt;
          &lt;include name=&quot;testXfuzzyProcessState&quot;/&gt;
          &lt;include name=&quot;testCheckNotNullInputMetricsOk&quot;/&gt;
        &lt;/methods&gt;
      &lt;/class&gt; &lt;!-- es.unileon.sonarqube.sedcat.strategies.ExpertSystemQualityTests --&gt;
      &lt;class name=&quot;es.unileon.sonarqube.sedcat.scanners.MutationsReportParserTests&quot;&gt;
        &lt;methods&gt;
          &lt;include name=&quot;parseReportOk&quot;/&gt;
        &lt;/methods&gt;
      &lt;/class&gt; &lt;!-- es.unileon.sonarqube.sedcat.scanners.MutationsReportParserTests --&gt;
      &lt;class name=&quot;es.unileon.sonarqube.sedcat.strategies.ExpertSystemActionsTests&quot;&gt;
        &lt;methods&gt;
          &lt;include name=&quot;testCheckNotNullInputMetricsOk&quot;/&gt;
          &lt;include name=&quot;testExpertSystemActions&quot;/&gt;
          &lt;include name=&quot;testXfuzzyProcessState&quot;/&gt;
          &lt;include name=&quot;testXfuzzyProcessBehaviour&quot;/&gt;
          &lt;include name=&quot;testExtractValues&quot;/&gt;
        &lt;/methods&gt;
      &lt;/class&gt; &lt;!-- es.unileon.sonarqube.sedcat.strategies.ExpertSystemActionsTests --&gt;
      &lt;class name=&quot;es.unileon.sonarqube.sedcat.scanners.MutationsReportFinderTests&quot;&gt;
        &lt;methods&gt;
          &lt;include name=&quot;findReportDirectoryWithDirectoriesAndEmptyReport&quot;/&gt;
          &lt;include name=&quot;findReportDirectoryWithDirectoriesAndReport&quot;/&gt;
        &lt;/methods&gt;
      &lt;/class&gt; &lt;!-- es.unileon.sonarqube.sedcat.scanners.MutationsReportFinderTests --&gt;
    &lt;/classes&gt;
  &lt;/test&gt; &lt;!-- Test(failed) --&gt;
&lt;/suite&gt; &lt;!-- Suite --&gt;
            </pre>
          </div> <!-- main-panel-content rounded-window-bottom -->
        </div> <!-- panel -->
        <div panel-name="testlist-Suite" class="panel">
          <div class="main-panel-header rounded-window-top">
            <span class="header-content">Tests for Suite</span>
          </div> <!-- main-panel-header rounded-window-top -->
          <div class="main-panel-content rounded-window-bottom">
            <ul>
              <li>
                <span class="test-name">Test (16 classes)</span>
              </li>
              <li>
                <span class="test-name">Test(failed) (5 classes)</span>
              </li>
            </ul>
          </div> <!-- main-panel-content rounded-window-bottom -->
        </div> <!-- panel -->
        <div panel-name="group-Suite" class="panel">
          <div class="main-panel-header rounded-window-top">
            <span class="header-content">Groups for Suite</span>
          </div> <!-- main-panel-header rounded-window-top -->
          <div class="main-panel-content rounded-window-bottom">
          </div> <!-- main-panel-content rounded-window-bottom -->
        </div> <!-- panel -->
        <div panel-name="times-Suite" class="panel">
          <div class="main-panel-header rounded-window-top">
            <span class="header-content">Times for Suite</span>
          </div> <!-- main-panel-header rounded-window-top -->
          <div class="main-panel-content rounded-window-bottom">
            <div class="times-div">
              <script type="text/javascript">
suiteTableInitFunctions.push('tableData_Suite');
function tableData_Suite() {
var data = new google.visualization.DataTable();
data.addColumn('number', 'Number');
data.addColumn('string', 'Method');
data.addColumn('string', 'Class');
data.addColumn('number', 'Time (ms)');
data.addRows(77);
data.setCell(0, 0, 0)
data.setCell(0, 1, 'testCrispInferenceDoubleArray')
data.setCell(0, 2, 'es.unileon.sonarqube.sedcat.xfuzzy.QualityTests')
data.setCell(0, 3, 34107);
data.setCell(1, 0, 1)
data.setCell(1, 1, 'testSaveMeasure')
data.setCell(1, 2, 'es.unileon.sonarqube.sedcat.storage.QualityMeasureStoreTests')
data.setCell(1, 3, 340);
data.setCell(2, 0, 2)
data.setCell(2, 1, 'testSaveMeasure')
data.setCell(2, 2, 'es.unileon.sonarqube.sedcat.storage.ActionsMeasureStoreTests')
data.setCell(2, 3, 219);
data.setCell(3, 0, 3)
data.setCell(3, 1, 'testAnalyseWithMultipleReport')
data.setCell(3, 2, 'es.unileon.sonarqube.sedcat.scanners.MutationsCoverageSensorTests')
data.setCell(3, 3, 209);
data.setCell(4, 0, 4)
data.setCell(4, 1, 'testExtractValues')
data.setCell(4, 2, 'es.unileon.sonarqube.sedcat.strategies.ExpertSystemQualityTests')
data.setCell(4, 3, 184);
data.setCell(5, 0, 5)
data.setCell(5, 1, 'testOutputMeasureStore')
data.setCell(5, 2, 'es.unileon.sonarqube.sedcat.storage.QualityMeasureStoreTests')
data.setCell(5, 3, 78);
data.setCell(6, 0, 6)
data.setCell(6, 1, 'testExpertSystemQuality')
data.setCell(6, 2, 'es.unileon.sonarqube.sedcat.strategies.ExpertSystemQualityTests')
data.setCell(6, 3, 75);
data.setCell(7, 0, 7)
data.setCell(7, 1, 'testOutputMeasureStore')
data.setCell(7, 2, 'es.unileon.sonarqube.sedcat.storage.ActionsMeasureStoreTests')
data.setCell(7, 3, 67);
data.setCell(8, 0, 8)
data.setCell(8, 1, 'testAnalyseWithNullReport')
data.setCell(8, 2, 'es.unileon.sonarqube.sedcat.scanners.MutationsCoverageSensorTests')
data.setCell(8, 3, 61);
data.setCell(9, 0, 9)
data.setCell(9, 1, 'testCheckNotNullInputMetricsNull')
data.setCell(9, 2, 'es.unileon.sonarqube.sedcat.strategies.ExpertSystemActionsTests')
data.setCell(9, 3, 32);
data.setCell(10, 0, 10)
data.setCell(10, 1, 'testCrispInferenceDoubleArrayOnLimits_Above')
data.setCell(10, 2, 'es.unileon.sonarqube.sedcat.xfuzzy.ActionsTests')
data.setCell(10, 3, 26);
data.setCell(11, 0, 11)
data.setCell(11, 1, 'testCrispInferenceDoubleArrayOnLimits_Above')
data.setCell(11, 2, 'es.unileon.sonarqube.sedcat.xfuzzy.QualityTests')
data.setCell(11, 3, 25);
data.setCell(12, 0, 12)
data.setCell(12, 1, 'testCheckOutputDataSetNotAllowedAbove')
data.setCell(12, 2, 'es.unileon.sonarqube.sedcat.storage.QualityMeasureStoreTests')
data.setCell(12, 3, 23);
data.setCell(13, 0, 13)
data.setCell(13, 1, 'compute_notNull_Measure')
data.setCell(13, 2, 'es.unileon.sonarqube.sedcat.scanners.CoverageUnitTestsComputerTests')
data.setCell(13, 3, 19);
data.setCell(14, 0, 14)
data.setCell(14, 1, 'findReportNotDirectory')
data.setCell(14, 2, 'es.unileon.sonarqube.sedcat.scanners.MutationsReportFinderTests')
data.setCell(14, 3, 17);
data.setCell(15, 0, 15)
data.setCell(15, 1, 'testCrispInferenceDoubleArrayOnLimits_Under')
data.setCell(15, 2, 'es.unileon.sonarqube.sedcat.xfuzzy.QualityTests')
data.setCell(15, 3, 16);
data.setCell(16, 0, 16)
data.setCell(16, 1, 'testCheckOutputDataSetOk')
data.setCell(16, 2, 'es.unileon.sonarqube.sedcat.storage.QualityMeasureStoreTests')
data.setCell(16, 3, 11);
data.setCell(17, 0, 17)
data.setCell(17, 1, 'testloadPropertiesNull')
data.setCell(17, 2, 'es.unileon.sonarqube.sedcat.storage.ActionsMeasureStoreTests')
data.setCell(17, 3, 10);
data.setCell(18, 0, 18)
data.setCell(18, 1, 'testCrispInferenceDoubleArrayOnLimits_Under')
data.setCell(18, 2, 'es.unileon.sonarqube.sedcat.xfuzzy.ActionsTests')
data.setCell(18, 3, 9);
data.setCell(19, 0, 19)
data.setCell(19, 1, 'testCrispInferenceDoubleArray')
data.setCell(19, 2, 'es.unileon.sonarqube.sedcat.xfuzzy.ActionsTests')
data.setCell(19, 3, 8);
data.setCell(20, 0, 20)
data.setCell(20, 1, 'testCheckOutputDataSetNotAllowedUnder')
data.setCell(20, 2, 'es.unileon.sonarqube.sedcat.storage.QualityMeasureStoreTests')
data.setCell(20, 3, 8);
data.setCell(21, 0, 21)
data.setCell(21, 1, 'testCheckOutputDataSetNotAllowedUnder')
data.setCell(21, 2, 'es.unileon.sonarqube.sedcat.storage.ActionsMeasureStoreTests')
data.setCell(21, 3, 7);
data.setCell(22, 0, 22)
data.setCell(22, 1, 'testCheckOutputDataSetNotAllowedAbove')
data.setCell(22, 2, 'es.unileon.sonarqube.sedcat.storage.ActionsMeasureStoreTests')
data.setCell(22, 3, 7);
data.setCell(23, 0, 23)
data.setCell(23, 1, 'testloadPropertiesOk')
data.setCell(23, 2, 'es.unileon.sonarqube.sedcat.storage.ActionsMeasureStoreTests')
data.setCell(23, 3, 7);
data.setCell(24, 0, 24)
data.setCell(24, 1, 'testCheckOutputDataSetNull')
data.setCell(24, 2, 'es.unileon.sonarqube.sedcat.storage.ActionsMeasureStoreTests')
data.setCell(24, 3, 7);
data.setCell(25, 0, 25)
data.setCell(25, 1, 'testCheckNotNullInputMetricsNull')
data.setCell(25, 2, 'es.unileon.sonarqube.sedcat.strategies.ExpertSystemQualityTests')
data.setCell(25, 3, 7);
data.setCell(26, 0, 26)
data.setCell(26, 1, 'testCheckOutputDataSetEmpty')
data.setCell(26, 2, 'es.unileon.sonarqube.sedcat.storage.ActionsMeasureStoreTests')
data.setCell(26, 3, 7);
data.setCell(27, 0, 27)
data.setCell(27, 1, 'testCheckOutputDataSetEmpty')
data.setCell(27, 2, 'es.unileon.sonarqube.sedcat.storage.QualityMeasureStoreTests')
data.setCell(27, 3, 7);
data.setCell(28, 0, 28)
data.setCell(28, 1, 'testCheckOutputDataSetNull')
data.setCell(28, 2, 'es.unileon.sonarqube.sedcat.storage.QualityMeasureStoreTests')
data.setCell(28, 3, 7);
data.setCell(29, 0, 29)
data.setCell(29, 1, 'testCheckOutputDataSetOk')
data.setCell(29, 2, 'es.unileon.sonarqube.sedcat.storage.ActionsMeasureStoreTests')
data.setCell(29, 3, 7);
data.setCell(30, 0, 30)
data.setCell(30, 1, 'testXfuzzyProcessBehaviour')
data.setCell(30, 2, 'es.unileon.sonarqube.sedcat.strategies.ExpertSystemQualityTests')
data.setCell(30, 3, 6);
data.setCell(31, 0, 31)
data.setCell(31, 1, 'testCheckNotNullInputMetricsOk')
data.setCell(31, 2, 'es.unileon.sonarqube.sedcat.strategies.ExpertSystemQualityTests')
data.setCell(31, 3, 6);
data.setCell(32, 0, 32)
data.setCell(32, 1, 'testXfuzzyProcessState')
data.setCell(32, 2, 'es.unileon.sonarqube.sedcat.strategies.ExpertSystemQualityTests')
data.setCell(32, 3, 6);
data.setCell(33, 0, 33)
data.setCell(33, 1, 'compute_Null_Measure')
data.setCell(33, 2, 'es.unileon.sonarqube.sedcat.scanners.NumberCodeLinesComputerTests')
data.setCell(33, 3, 5);
data.setCell(34, 0, 34)
data.setCell(34, 1, 'testGetExtensions')
data.setCell(34, 2, 'es.unileon.sonarqube.sedcat.start.SedcatPluginTests')
data.setCell(34, 3, 5);
data.setCell(35, 0, 35)
data.setCell(35, 1, 'parseReportOk')
data.setCell(35, 2, 'es.unileon.sonarqube.sedcat.scanners.MutationsReportParserTests')
data.setCell(35, 3, 5);
data.setCell(36, 0, 36)
data.setCell(36, 1, 'findReportDirectoryWithDirectoriesAndReport')
data.setCell(36, 2, 'es.unileon.sonarqube.sedcat.scanners.MutationsReportFinderTests')
data.setCell(36, 3, 5);
data.setCell(37, 0, 37)
data.setCell(37, 1, 'findReportNullDirectory')
data.setCell(37, 2, 'es.unileon.sonarqube.sedcat.scanners.MutationsReportFinderTests')
data.setCell(37, 3, 4);
data.setCell(38, 0, 38)
data.setCell(38, 1, 'compute_Null_Measure')
data.setCell(38, 2, 'es.unileon.sonarqube.sedcat.scanners.NumberTestsComputerTests')
data.setCell(38, 3, 4);
data.setCell(39, 0, 39)
data.setCell(39, 1, 'testAnalyseWithReport')
data.setCell(39, 2, 'es.unileon.sonarqube.sedcat.scanners.MutationsCoverageSensorTests')
data.setCell(39, 3, 4);
data.setCell(40, 0, 40)
data.setCell(40, 1, 'compute_notNull_Measure_File')
data.setCell(40, 2, 'es.unileon.sonarqube.sedcat.scanners.NumberCodeLinesComputerTests')
data.setCell(40, 3, 4);
data.setCell(41, 0, 41)
data.setCell(41, 1, 'compute_Null_Measure')
data.setCell(41, 2, 'es.unileon.sonarqube.sedcat.scanners.SuccessUnitTestsComputerTests')
data.setCell(41, 3, 4);
data.setCell(42, 0, 42)
data.setCell(42, 1, 'compute_notNull_Measure')
data.setCell(42, 2, 'es.unileon.sonarqube.sedcat.scanners.SuccessUnitTestsComputerTests')
data.setCell(42, 3, 4);
data.setCell(43, 0, 43)
data.setCell(43, 1, 'testAnalyseWithReportParserNull')
data.setCell(43, 2, 'es.unileon.sonarqube.sedcat.scanners.MutationsCoverageSensorTests')
data.setCell(43, 3, 4);
data.setCell(44, 0, 44)
data.setCell(44, 1, 'findReportEmptyDirectory')
data.setCell(44, 2, 'es.unileon.sonarqube.sedcat.scanners.MutationsReportFinderTests')
data.setCell(44, 3, 4);
data.setCell(45, 0, 45)
data.setCell(45, 1, 'compute_notNull_Measure')
data.setCell(45, 2, 'es.unileon.sonarqube.sedcat.scanners.NumberTestsComputerTests')
data.setCell(45, 3, 4);
data.setCell(46, 0, 46)
data.setCell(46, 1, 'testCheckNotNullInputMetricsOk')
data.setCell(46, 2, 'es.unileon.sonarqube.sedcat.strategies.ExpertSystemActionsTests')
data.setCell(46, 3, 4);
data.setCell(47, 0, 47)
data.setCell(47, 1, 'define_Correct_State')
data.setCell(47, 2, 'es.unileon.sonarqube.sedcat.scanners.SuccessUnitTestsComputerTests')
data.setCell(47, 3, 3);
data.setCell(48, 0, 48)
data.setCell(48, 1, 'parseReportDirectory')
data.setCell(48, 2, 'es.unileon.sonarqube.sedcat.scanners.MutationsReportParserTests')
data.setCell(48, 3, 3);
data.setCell(49, 0, 49)
data.setCell(49, 1, 'findReportNull')
data.setCell(49, 2, 'es.unileon.sonarqube.sedcat.scanners.MutationsReportFinderTests')
data.setCell(49, 3, 3);
data.setCell(50, 0, 50)
data.setCell(50, 1, 'define_Correct_State')
data.setCell(50, 2, 'es.unileon.sonarqube.sedcat.scanners.NumberCodeLinesComputerTests')
data.setCell(50, 3, 3);
data.setCell(51, 0, 51)
data.setCell(51, 1, 'define_Correct_State')
data.setCell(51, 2, 'es.unileon.sonarqube.sedcat.scanners.NumberTestsComputerTests')
data.setCell(51, 3, 3);
data.setCell(52, 0, 52)
data.setCell(52, 1, 'compute_Null_Measure')
data.setCell(52, 2, 'es.unileon.sonarqube.sedcat.scanners.CoverageUnitTestsComputerTests')
data.setCell(52, 3, 3);
data.setCell(53, 0, 53)
data.setCell(53, 1, 'findReportDirectoryNotExists')
data.setCell(53, 2, 'es.unileon.sonarqube.sedcat.scanners.MutationsReportFinderTests')
data.setCell(53, 3, 3);
data.setCell(54, 0, 54)
data.setCell(54, 1, 'parseReportWithNotEnoughTdElements')
data.setCell(54, 2, 'es.unileon.sonarqube.sedcat.scanners.MutationsReportParserTests')
data.setCell(54, 3, 3);
data.setCell(55, 0, 55)
data.setCell(55, 1, 'parseReportNotExists')
data.setCell(55, 2, 'es.unileon.sonarqube.sedcat.scanners.MutationsReportParserTests')
data.setCell(55, 3, 3);
data.setCell(56, 0, 56)
data.setCell(56, 1, 'findReportDirectoryWithDirectoriesAndEmptyReport')
data.setCell(56, 2, 'es.unileon.sonarqube.sedcat.scanners.MutationsReportFinderTests')
data.setCell(56, 3, 3);
data.setCell(57, 0, 57)
data.setCell(57, 1, 'parseReportWithCoverageLedgendButNotText')
data.setCell(57, 2, 'es.unileon.sonarqube.sedcat.scanners.MutationsReportParserTests')
data.setCell(57, 3, 2);
data.setCell(58, 0, 58)
data.setCell(58, 1, 'parseReportEmpty')
data.setCell(58, 2, 'es.unileon.sonarqube.sedcat.scanners.MutationsReportParserTests')
data.setCell(58, 3, 2);
data.setCell(59, 0, 59)
data.setCell(59, 1, 'testGetMetrics')
data.setCell(59, 2, 'es.unileon.sonarqube.sedcat.start.SedcatMetricsTests')
data.setCell(59, 3, 2);
data.setCell(60, 0, 60)
data.setCell(60, 1, 'parseReportNull')
data.setCell(60, 2, 'es.unileon.sonarqube.sedcat.scanners.MutationsReportParserTests')
data.setCell(60, 3, 2);
data.setCell(61, 0, 61)
data.setCell(61, 1, 'parseReportWithoutCoverageLedgend')
data.setCell(61, 2, 'es.unileon.sonarqube.sedcat.scanners.MutationsReportParserTests')
data.setCell(61, 3, 2);
data.setCell(62, 0, 62)
data.setCell(62, 1, 'findReportDirectoryWithDirectoriesAndNoReport')
data.setCell(62, 2, 'es.unileon.sonarqube.sedcat.scanners.MutationsReportFinderTests')
data.setCell(62, 3, 2);
data.setCell(63, 0, 63)
data.setCell(63, 1, 'define_Correct_State')
data.setCell(63, 2, 'es.unileon.sonarqube.sedcat.scanners.CoverageUnitTestsComputerTests')
data.setCell(63, 3, 2);
data.setCell(64, 0, 64)
data.setCell(64, 1, 'parseReportWithoutTdElements')
data.setCell(64, 2, 'es.unileon.sonarqube.sedcat.scanners.MutationsReportParserTests')
data.setCell(64, 3, 2);
data.setCell(65, 0, 65)
data.setCell(65, 1, 'testExtractValues')
data.setCell(65, 2, 'es.unileon.sonarqube.sedcat.strategies.ExpertSystemActionsTests')
data.setCell(65, 3, 2);
data.setCell(66, 0, 66)
data.setCell(66, 1, 'testcompute_View_noExecution')
data.setCell(66, 2, 'es.unileon.sonarqube.sedcat.start.GeneralComputerTests')
data.setCell(66, 3, 0);
data.setCell(67, 0, 67)
data.setCell(67, 1, 'testcompute_Directory_noExecution')
data.setCell(67, 2, 'es.unileon.sonarqube.sedcat.start.GeneralComputerTests')
data.setCell(67, 3, 0);
data.setCell(68, 0, 68)
data.setCell(68, 1, 'testcompute_Module_noExecution')
data.setCell(68, 2, 'es.unileon.sonarqube.sedcat.start.GeneralComputerTests')
data.setCell(68, 3, 0);
data.setCell(69, 0, 69)
data.setCell(69, 1, 'testcompute_Project_Behaviour')
data.setCell(69, 2, 'es.unileon.sonarqube.sedcat.start.GeneralComputerTests')
data.setCell(69, 3, 0);
data.setCell(70, 0, 70)
data.setCell(70, 1, 'testXfuzzyProcessState')
data.setCell(70, 2, 'es.unileon.sonarqube.sedcat.strategies.ExpertSystemActionsTests')
data.setCell(70, 3, 0);
data.setCell(71, 0, 71)
data.setCell(71, 1, 'testdefine_Correct_State')
data.setCell(71, 2, 'es.unileon.sonarqube.sedcat.start.GeneralComputerTests')
data.setCell(71, 3, 0);
data.setCell(72, 0, 72)
data.setCell(72, 1, 'testcompute_Project_Execution')
data.setCell(72, 2, 'es.unileon.sonarqube.sedcat.start.GeneralComputerTests')
data.setCell(72, 3, 0);
data.setCell(73, 0, 73)
data.setCell(73, 1, 'testcompute_File_noExecution')
data.setCell(73, 2, 'es.unileon.sonarqube.sedcat.start.GeneralComputerTests')
data.setCell(73, 3, 0);
data.setCell(74, 0, 74)
data.setCell(74, 1, 'testcompute_Subview_noExecution')
data.setCell(74, 2, 'es.unileon.sonarqube.sedcat.start.GeneralComputerTests')
data.setCell(74, 3, 0);
data.setCell(75, 0, 75)
data.setCell(75, 1, 'testXfuzzyProcessBehaviour')
data.setCell(75, 2, 'es.unileon.sonarqube.sedcat.strategies.ExpertSystemActionsTests')
data.setCell(75, 3, 0);
data.setCell(76, 0, 76)
data.setCell(76, 1, 'testExpertSystemActions')
data.setCell(76, 2, 'es.unileon.sonarqube.sedcat.strategies.ExpertSystemActionsTests')
data.setCell(76, 3, 0);
window.suiteTableData['Suite']= { tableData: data, tableDiv: 'times-div-Suite'}
return data;
}
              </script>
              <span class="suite-total-time">Total running time: 35 seconds</span>
              <div id="times-div-Suite">
              </div> <!-- times-div-Suite -->
            </div> <!-- times-div -->
          </div> <!-- main-panel-content rounded-window-bottom -->
        </div> <!-- panel -->
        <div panel-name="reporter-Suite" class="panel">
          <div class="main-panel-header rounded-window-top">
            <span class="header-content">Reporter output for Suite</span>
          </div> <!-- main-panel-header rounded-window-top -->
          <div class="main-panel-content rounded-window-bottom">
          </div> <!-- main-panel-content rounded-window-bottom -->
        </div> <!-- panel -->
        <div panel-name="ignored-methods-Suite" class="panel">
          <div class="main-panel-header rounded-window-top">
            <span class="header-content">0 ignored methods</span>
          </div> <!-- main-panel-header rounded-window-top -->
          <div class="main-panel-content rounded-window-bottom">
          </div> <!-- main-panel-content rounded-window-bottom -->
        </div> <!-- panel -->
        <div panel-name="chronological-Suite" class="panel">
          <div class="main-panel-header rounded-window-top">
            <span class="header-content">Methods in chronological order</span>
          </div> <!-- main-panel-header rounded-window-top -->
          <div class="main-panel-content rounded-window-bottom">
            <div class="chronological-class">
              <div class="chronological-class-name">es.unileon.sonarqube.sedcat.xfuzzy.QualityTests</div> <!-- chronological-class-name -->
              <div class="test-method">
                <span class="method-name">testCrispInferenceDoubleArrayOnLimits_Above</span>
                <span class="method-start">0 ms</span>
              </div> <!-- test-method -->
              <div class="test-method">
                <span class="method-name">testCrispInferenceDoubleArrayOnLimits_Under</span>
                <span class="method-start">28 ms</span>
              </div> <!-- test-method -->
              <div class="test-method">
                <span class="method-name">testCrispInferenceDoubleArray</span>
                <span class="method-start">47 ms</span>
              </div> <!-- test-method -->
            </div> <!-- chronological-class -->
            <div class="chronological-class">
              <div class="chronological-class-name">es.unileon.sonarqube.sedcat.xfuzzy.ActionsTests</div> <!-- chronological-class-name -->
              <div class="test-method">
                <span class="method-name">testCrispInferenceDoubleArrayOnLimits_Above</span>
                <span class="method-start">34161 ms</span>
              </div> <!-- test-method -->
              <div class="test-method">
                <span class="method-name">testCrispInferenceDoubleArrayOnLimits_Under</span>
                <span class="method-start">34189 ms</span>
              </div> <!-- test-method -->
              <div class="test-method">
                <span class="method-name">testCrispInferenceDoubleArray</span>
                <span class="method-start">34201 ms</span>
              </div> <!-- test-method -->
            </div> <!-- chronological-class -->
            <div class="chronological-class">
              <div class="chronological-class-name">es.unileon.sonarqube.sedcat.storage.QualityMeasureStoreTests</div> <!-- chronological-class-name -->
              <div class="test-method">
                <span class="method-name">testSaveMeasure</span>
                <span class="method-start">34652 ms</span>
              </div> <!-- test-method -->
              <div class="test-method">
                <span class="method-name">testOutputMeasureStore</span>
                <span class="method-start">34997 ms</span>
              </div> <!-- test-method -->
              <div class="test-method">
                <span class="method-name">testCheckOutputDataSetOk</span>
                <span class="method-start">35077 ms</span>
              </div> <!-- test-method -->
              <div class="test-method">
                <span class="method-name">testCheckOutputDataSetNotAllowedUnder</span>
                <span class="method-start">35090 ms</span>
              </div> <!-- test-method -->
              <div class="test-method">
                <span class="method-name">testCheckOutputDataSetNotAllowedAbove</span>
                <span class="method-start">35101 ms</span>
              </div> <!-- test-method -->
              <div class="test-method">
                <span class="method-name">testCheckOutputDataSetNull</span>
                <span class="method-start">35127 ms</span>
              </div> <!-- test-method -->
              <div class="test-method">
                <span class="method-name">testCheckOutputDataSetEmpty</span>
                <span class="method-start">35136 ms</span>
              </div> <!-- test-method -->
            </div> <!-- chronological-class -->
            <div class="chronological-class">
              <div class="chronological-class-name">es.unileon.sonarqube.sedcat.storage.ActionsMeasureStoreTests</div> <!-- chronological-class-name -->
              <div class="test-method">
                <span class="method-name">testSaveMeasure</span>
                <span class="method-start">35389 ms</span>
              </div> <!-- test-method -->
              <div class="test-method">
                <span class="method-name">testOutputMeasureStore</span>
                <span class="method-start">35611 ms</span>
              </div> <!-- test-method -->
              <div class="test-method">
                <span class="method-name">testCheckOutputDataSetOk</span>
                <span class="method-start">35680 ms</span>
              </div> <!-- test-method -->
              <div class="test-method">
                <span class="method-name">testCheckOutputDataSetNotAllowedUnder</span>
                <span class="method-start">35689 ms</span>
              </div> <!-- test-method -->
              <div class="test-method">
                <span class="method-name">testCheckOutputDataSetNotAllowedAbove</span>
                <span class="method-start">35698 ms</span>
              </div> <!-- test-method -->
              <div class="test-method">
                <span class="method-name">testCheckOutputDataSetNull</span>
                <span class="method-start">35707 ms</span>
              </div> <!-- test-method -->
              <div class="test-method">
                <span class="method-name">testCheckOutputDataSetEmpty</span>
                <span class="method-start">35716 ms</span>
              </div> <!-- test-method -->
              <div class="test-method">
                <span class="method-name">testloadPropertiesOk</span>
                <span class="method-start">35725 ms</span>
              </div> <!-- test-method -->
              <div class="test-method">
                <span class="method-name">testloadPropertiesNull</span>
                <span class="method-start">35734 ms</span>
              </div> <!-- test-method -->
            </div> <!-- chronological-class -->
            <div class="chronological-class">
              <div class="chronological-class-name">es.unileon.sonarqube.sedcat.strategies.ExpertSystemActionsTests</div> <!-- chronological-class-name -->
              <div class="test-method">
                <span class="method-name">testXfuzzyProcessState</span>
                <span class="method-start">35752 ms</span>
              </div> <!-- test-method -->
              <div class="test-method">
                <span class="method-name">testCheckNotNullInputMetricsNull</span>
                <span class="method-start">35754 ms</span>
              </div> <!-- test-method -->
              <div class="test-method">
                <img src="failed.png">
                </img>
                <span class="method-name">testCheckNotNullInputMetricsOk</span>
                <span class="method-start">35788 ms</span>
              </div> <!-- test-method -->
              <div class="test-method">
                <span class="method-name">testExpertSystemActions</span>
                <span class="method-start">35795 ms</span>
              </div> <!-- test-method -->
              <div class="test-method">
                <img src="failed.png">
                </img>
                <span class="method-name">testExtractValues</span>
                <span class="method-start">35797 ms</span>
              </div> <!-- test-method -->
              <div class="test-method">
                <span class="method-name">testXfuzzyProcessBehaviour</span>
                <span class="method-start">35802 ms</span>
              </div> <!-- test-method -->
            </div> <!-- chronological-class -->
            <div class="chronological-class">
              <div class="chronological-class-name">es.unileon.sonarqube.sedcat.strategies.ExpertSystemQualityTests</div> <!-- chronological-class-name -->
              <div class="test-method">
                <img src="failed.png">
                </img>
                <span class="method-name">testExtractValues</span>
                <span class="method-start">36322 ms</span>
              </div> <!-- test-method -->
              <div class="test-method">
                <img src="failed.png">
                </img>
                <span class="method-name">testCheckNotNullInputMetricsOk</span>
                <span class="method-start">36508 ms</span>
              </div> <!-- test-method -->
              <div class="test-method">
                <span class="method-name">testCheckNotNullInputMetricsNull</span>
                <span class="method-start">36516 ms</span>
              </div> <!-- test-method -->
              <div class="test-method">
                <img src="failed.png">
                </img>
                <span class="method-name">testXfuzzyProcessBehaviour</span>
                <span class="method-start">36525 ms</span>
              </div> <!-- test-method -->
              <div class="test-method">
                <img src="failed.png">
                </img>
                <span class="method-name">testXfuzzyProcessState</span>
                <span class="method-start">36533 ms</span>
              </div> <!-- test-method -->
              <div class="test-method">
                <span class="method-name">testExpertSystemQuality</span>
                <span class="method-start">36541 ms</span>
              </div> <!-- test-method -->
            </div> <!-- chronological-class -->
            <div class="chronological-class">
              <div class="chronological-class-name">es.unileon.sonarqube.sedcat.start.GeneralComputerTests</div> <!-- chronological-class-name -->
              <div class="test-method">
                <span class="method-name">testdefine_Correct_State</span>
                <span class="method-start">36810 ms</span>
              </div> <!-- test-method -->
              <div class="test-method">
                <span class="method-name">testcompute_File_noExecution</span>
                <span class="method-start">36812 ms</span>
              </div> <!-- test-method -->
              <div class="test-method">
                <span class="method-name">testcompute_View_noExecution</span>
                <span class="method-start">36813 ms</span>
              </div> <!-- test-method -->
              <div class="test-method">
                <span class="method-name">testcompute_Subview_noExecution</span>
                <span class="method-start">36815 ms</span>
              </div> <!-- test-method -->
              <div class="test-method">
                <span class="method-name">testcompute_Directory_noExecution</span>
                <span class="method-start">36817 ms</span>
              </div> <!-- test-method -->
              <div class="test-method">
                <span class="method-name">testcompute_Module_noExecution</span>
                <span class="method-start">36819 ms</span>
              </div> <!-- test-method -->
              <div class="test-method">
                <span class="method-name">testcompute_Project_Execution</span>
                <span class="method-start">36821 ms</span>
              </div> <!-- test-method -->
              <div class="test-method">
                <span class="method-name">testcompute_Project_Behaviour</span>
                <span class="method-start">36822 ms</span>
              </div> <!-- test-method -->
            </div> <!-- chronological-class -->
            <div class="chronological-class">
              <div class="chronological-class-name">es.unileon.sonarqube.sedcat.start.SedcatMetricsTests</div> <!-- chronological-class-name -->
              <div class="test-method">
                <span class="method-name">testGetMetrics</span>
                <span class="method-start">36826 ms</span>
              </div> <!-- test-method -->
            </div> <!-- chronological-class -->
            <div class="chronological-class">
              <div class="chronological-class-name">es.unileon.sonarqube.sedcat.start.SedcatPluginTests</div> <!-- chronological-class-name -->
              <div class="test-method">
                <span class="method-name">testGetExtensions</span>
                <span class="method-start">36830 ms</span>
              </div> <!-- test-method -->
            </div> <!-- chronological-class -->
            <div class="chronological-class">
              <div class="chronological-class-name">es.unileon.sonarqube.sedcat.scanners.CoverageUnitTestsComputerTests</div> <!-- chronological-class-name -->
              <div class="test-method">
                <span class="method-name">compute_notNull_Measure</span>
                <span class="method-start">36838 ms</span>
              </div> <!-- test-method -->
              <div class="test-method">
                <span class="method-name">compute_Null_Measure</span>
                <span class="method-start">36859 ms</span>
              </div> <!-- test-method -->
              <div class="test-method">
                <span class="method-name">define_Correct_State</span>
                <span class="method-start">36864 ms</span>
              </div> <!-- test-method -->
            </div> <!-- chronological-class -->
            <div class="chronological-class">
              <div class="chronological-class-name">es.unileon.sonarqube.sedcat.scanners.MutationsCoverageSensorTests</div> <!-- chronological-class-name -->
              <div class="test-method">
                <span class="method-name">testAnalyseWithNullReport</span>
                <span class="method-start">36872 ms</span>
              </div> <!-- test-method -->
              <div class="test-method">
                <span class="method-name">testAnalyseWithReportParserNull</span>
                <span class="method-start">36935 ms</span>
              </div> <!-- test-method -->
              <div class="test-method">
                <span class="method-name">testAnalyseWithMultipleReport</span>
                <span class="method-start">36941 ms</span>
              </div> <!-- test-method -->
              <div class="test-method">
                <span class="method-name">testAnalyseWithReport</span>
                <span class="method-start">37152 ms</span>
              </div> <!-- test-method -->
            </div> <!-- chronological-class -->
            <div class="chronological-class">
              <div class="chronological-class-name">es.unileon.sonarqube.sedcat.scanners.MutationsReportFinderTests</div> <!-- chronological-class-name -->
              <div class="test-method">
                <span class="method-name">findReportDirectoryWithDirectoriesAndNoReport</span>
                <span class="method-start">37160 ms</span>
              </div> <!-- test-method -->
              <div class="test-method">
                <span class="method-name">findReportNotDirectory</span>
                <span class="method-start">37163 ms</span>
              </div> <!-- test-method -->
              <div class="test-method">
                <span class="method-name">findReportNullDirectory</span>
                <span class="method-start">37182 ms</span>
              </div> <!-- test-method -->
              <div class="test-method">
                <img src="failed.png">
                </img>
                <span class="method-name">findReportDirectoryWithDirectoriesAndReport</span>
                <span class="method-start">37188 ms</span>
              </div> <!-- test-method -->
              <div class="test-method">
                <span class="method-name">findReportDirectoryNotExists</span>
                <span class="method-start">37196 ms</span>
              </div> <!-- test-method -->
              <div class="test-method">
                <span class="method-name">findReportEmptyDirectory</span>
                <span class="method-start">37201 ms</span>
              </div> <!-- test-method -->
              <div class="test-method">
                <span class="method-name">findReportNull</span>
                <span class="method-start">37207 ms</span>
              </div> <!-- test-method -->
              <div class="test-method">
                <img src="failed.png">
                </img>
                <span class="method-name">findReportDirectoryWithDirectoriesAndEmptyReport</span>
                <span class="method-start">37212 ms</span>
              </div> <!-- test-method -->
            </div> <!-- chronological-class -->
            <div class="chronological-class">
              <div class="chronological-class-name">es.unileon.sonarqube.sedcat.scanners.MutationsReportParserTests</div> <!-- chronological-class-name -->
              <div class="test-method">
                <span class="method-name">parseReportWithNotEnoughTdElements</span>
                <span class="method-start">37220 ms</span>
              </div> <!-- test-method -->
              <div class="test-method">
                <span class="method-name">parseReportWithCoverageLedgendButNotText</span>
                <span class="method-start">37225 ms</span>
              </div> <!-- test-method -->
              <div class="test-method">
                <img src="failed.png">
                </img>
                <span class="method-name">parseReportOk</span>
                <span class="method-start">37229 ms</span>
              </div> <!-- test-method -->
              <div class="test-method">
                <span class="method-name">parseReportEmpty</span>
                <span class="method-start">37237 ms</span>
              </div> <!-- test-method -->
              <div class="test-method">
                <span class="method-name">parseReportDirectory</span>
                <span class="method-start">37241 ms</span>
              </div> <!-- test-method -->
              <div class="test-method">
                <span class="method-name">parseReportWithoutTdElements</span>
                <span class="method-start">37246 ms</span>
              </div> <!-- test-method -->
              <div class="test-method">
                <span class="method-name">parseReportNull</span>
                <span class="method-start">37250 ms</span>
              </div> <!-- test-method -->
              <div class="test-method">
                <span class="method-name">parseReportNotExists</span>
                <span class="method-start">37254 ms</span>
              </div> <!-- test-method -->
              <div class="test-method">
                <span class="method-name">parseReportWithoutCoverageLedgend</span>
                <span class="method-start">37259 ms</span>
              </div> <!-- test-method -->
            </div> <!-- chronological-class -->
            <div class="chronological-class">
              <div class="chronological-class-name">es.unileon.sonarqube.sedcat.scanners.NumberCodeLinesComputerTests</div> <!-- chronological-class-name -->
              <div class="test-method">
                <span class="method-name">compute_notNull_Measure_File</span>
                <span class="method-start">37265 ms</span>
              </div> <!-- test-method -->
              <div class="test-method">
                <span class="method-name">compute_Null_Measure</span>
                <span class="method-start">37271 ms</span>
              </div> <!-- test-method -->
              <div class="test-method">
                <span class="method-name">define_Correct_State</span>
                <span class="method-start">37278 ms</span>
              </div> <!-- test-method -->
            </div> <!-- chronological-class -->
            <div class="chronological-class">
              <div class="chronological-class-name">es.unileon.sonarqube.sedcat.scanners.NumberTestsComputerTests</div> <!-- chronological-class-name -->
              <div class="test-method">
                <span class="method-name">compute_notNull_Measure</span>
                <span class="method-start">37285 ms</span>
              </div> <!-- test-method -->
              <div class="test-method">
                <span class="method-name">compute_Null_Measure</span>
                <span class="method-start">37291 ms</span>
              </div> <!-- test-method -->
              <div class="test-method">
                <span class="method-name">define_Correct_State</span>
                <span class="method-start">37297 ms</span>
              </div> <!-- test-method -->
            </div> <!-- chronological-class -->
            <div class="chronological-class">
              <div class="chronological-class-name">es.unileon.sonarqube.sedcat.scanners.SuccessUnitTestsComputerTests</div> <!-- chronological-class-name -->
              <div class="test-method">
                <span class="method-name">compute_notNull_Measure</span>
                <span class="method-start">37304 ms</span>
              </div> <!-- test-method -->
              <div class="test-method">
                <span class="method-name">compute_Null_Measure</span>
                <span class="method-start">37310 ms</span>
              </div> <!-- test-method -->
              <div class="test-method">
                <span class="method-name">define_Correct_State</span>
                <span class="method-start">37316 ms</span>
              </div> <!-- test-method -->
          </div> <!-- main-panel-content rounded-window-bottom -->
        </div> <!-- panel -->
      </div> <!-- main-panel-root -->
    </div> <!-- wrapper -->
  </body>
</html>
